[2026-01-17T18:04:47.798+0000] {processor.py:161} INFO - Started process (PID=78) to work on /home/airflow/.local/lib/python3.8/site-packages/airflow/example_dags/example_task_group.py
[2026-01-17T18:04:47.800+0000] {processor.py:830} INFO - Processing file /home/airflow/.local/lib/python3.8/site-packages/airflow/example_dags/example_task_group.py for tasks to queue
[2026-01-17T18:04:47.802+0000] {logging_mixin.py:188} INFO - [2026-01-17T18:04:47.802+0000] {dagbag.py:538} INFO - Filling up the DagBag from /home/airflow/.local/lib/python3.8/site-packages/airflow/example_dags/example_task_group.py
[2026-01-17T18:04:48.339+0000] {processor.py:840} INFO - DAG(s) 'example_task_group' retrieved from /home/airflow/.local/lib/python3.8/site-packages/airflow/example_dags/example_task_group.py
[2026-01-17T18:04:53.087+0000] {logging_mixin.py:188} INFO - [2026-01-17T18:04:53.087+0000] {dag.py:3036} INFO - Sync 1 DAGs
[2026-01-17T18:04:53.163+0000] {logging_mixin.py:188} INFO - [2026-01-17T18:04:53.163+0000] {dag.py:3823} INFO - Setting next_dagrun for example_task_group to 2026-01-16 00:00:00+00:00, run_after=2026-01-17 00:00:00+00:00
[2026-01-17T18:04:53.455+0000] {processor.py:183} INFO - Processing /home/airflow/.local/lib/python3.8/site-packages/airflow/example_dags/example_task_group.py took 5.661 seconds
[2026-01-17T18:05:42.714+0000] {processor.py:161} INFO - Started process (PID=140) to work on /home/airflow/.local/lib/python3.8/site-packages/airflow/example_dags/example_task_group.py
[2026-01-17T18:05:42.716+0000] {processor.py:830} INFO - Processing file /home/airflow/.local/lib/python3.8/site-packages/airflow/example_dags/example_task_group.py for tasks to queue
[2026-01-17T18:05:42.718+0000] {logging_mixin.py:188} INFO - [2026-01-17T18:05:42.718+0000] {dagbag.py:538} INFO - Filling up the DagBag from /home/airflow/.local/lib/python3.8/site-packages/airflow/example_dags/example_task_group.py
[2026-01-17T18:05:42.728+0000] {processor.py:840} INFO - DAG(s) 'example_task_group' retrieved from /home/airflow/.local/lib/python3.8/site-packages/airflow/example_dags/example_task_group.py
[2026-01-17T18:05:42.756+0000] {logging_mixin.py:188} INFO - [2026-01-17T18:05:42.755+0000] {dag.py:3036} INFO - Sync 1 DAGs
[2026-01-17T18:05:42.781+0000] {logging_mixin.py:188} INFO - [2026-01-17T18:05:42.781+0000] {dag.py:3823} INFO - Setting next_dagrun for example_task_group to 2026-01-16 00:00:00+00:00, run_after=2026-01-17 00:00:00+00:00
[2026-01-17T18:05:42.805+0000] {processor.py:183} INFO - Processing /home/airflow/.local/lib/python3.8/site-packages/airflow/example_dags/example_task_group.py took 0.095 seconds
[2026-01-17T18:06:20.856+0000] {processor.py:161} INFO - Started process (PID=195) to work on /home/airflow/.local/lib/python3.8/site-packages/airflow/example_dags/example_task_group.py
[2026-01-17T18:06:20.858+0000] {processor.py:830} INFO - Processing file /home/airflow/.local/lib/python3.8/site-packages/airflow/example_dags/example_task_group.py for tasks to queue
[2026-01-17T18:06:20.860+0000] {logging_mixin.py:188} INFO - [2026-01-17T18:06:20.860+0000] {dagbag.py:538} INFO - Filling up the DagBag from /home/airflow/.local/lib/python3.8/site-packages/airflow/example_dags/example_task_group.py
[2026-01-17T18:06:20.873+0000] {processor.py:840} INFO - DAG(s) 'example_task_group' retrieved from /home/airflow/.local/lib/python3.8/site-packages/airflow/example_dags/example_task_group.py
[2026-01-17T18:06:20.923+0000] {logging_mixin.py:188} INFO - [2026-01-17T18:06:20.922+0000] {dag.py:3036} INFO - Sync 1 DAGs
[2026-01-17T18:06:21.070+0000] {logging_mixin.py:188} INFO - [2026-01-17T18:06:21.069+0000] {dag.py:3823} INFO - Setting next_dagrun for example_task_group to 2026-01-16 00:00:00+00:00, run_after=2026-01-17 00:00:00+00:00
[2026-01-17T18:06:21.115+0000] {processor.py:183} INFO - Processing /home/airflow/.local/lib/python3.8/site-packages/airflow/example_dags/example_task_group.py took 0.264 seconds
[2026-01-17T18:06:51.621+0000] {processor.py:161} INFO - Started process (PID=250) to work on /home/airflow/.local/lib/python3.8/site-packages/airflow/example_dags/example_task_group.py
[2026-01-17T18:06:51.660+0000] {processor.py:830} INFO - Processing file /home/airflow/.local/lib/python3.8/site-packages/airflow/example_dags/example_task_group.py for tasks to queue
[2026-01-17T18:06:51.662+0000] {logging_mixin.py:188} INFO - [2026-01-17T18:06:51.662+0000] {dagbag.py:538} INFO - Filling up the DagBag from /home/airflow/.local/lib/python3.8/site-packages/airflow/example_dags/example_task_group.py
[2026-01-17T18:06:51.670+0000] {processor.py:840} INFO - DAG(s) 'example_task_group' retrieved from /home/airflow/.local/lib/python3.8/site-packages/airflow/example_dags/example_task_group.py
[2026-01-17T18:06:51.697+0000] {logging_mixin.py:188} INFO - [2026-01-17T18:06:51.697+0000] {dag.py:3036} INFO - Sync 1 DAGs
[2026-01-17T18:06:51.719+0000] {logging_mixin.py:188} INFO - [2026-01-17T18:06:51.719+0000] {dag.py:3823} INFO - Setting next_dagrun for example_task_group to 2026-01-16 00:00:00+00:00, run_after=2026-01-17 00:00:00+00:00
[2026-01-17T18:06:51.739+0000] {processor.py:183} INFO - Processing /home/airflow/.local/lib/python3.8/site-packages/airflow/example_dags/example_task_group.py took 0.122 seconds
[2026-01-17T18:07:22.458+0000] {processor.py:161} INFO - Started process (PID=303) to work on /home/airflow/.local/lib/python3.8/site-packages/airflow/example_dags/example_task_group.py
[2026-01-17T18:07:22.459+0000] {processor.py:830} INFO - Processing file /home/airflow/.local/lib/python3.8/site-packages/airflow/example_dags/example_task_group.py for tasks to queue
[2026-01-17T18:07:22.461+0000] {logging_mixin.py:188} INFO - [2026-01-17T18:07:22.461+0000] {dagbag.py:538} INFO - Filling up the DagBag from /home/airflow/.local/lib/python3.8/site-packages/airflow/example_dags/example_task_group.py
[2026-01-17T18:07:22.469+0000] {processor.py:840} INFO - DAG(s) 'example_task_group' retrieved from /home/airflow/.local/lib/python3.8/site-packages/airflow/example_dags/example_task_group.py
[2026-01-17T18:07:22.494+0000] {logging_mixin.py:188} INFO - [2026-01-17T18:07:22.494+0000] {dag.py:3036} INFO - Sync 1 DAGs
[2026-01-17T18:07:22.517+0000] {logging_mixin.py:188} INFO - [2026-01-17T18:07:22.517+0000] {dag.py:3823} INFO - Setting next_dagrun for example_task_group to 2026-01-16 00:00:00+00:00, run_after=2026-01-17 00:00:00+00:00
[2026-01-17T18:07:22.540+0000] {processor.py:183} INFO - Processing /home/airflow/.local/lib/python3.8/site-packages/airflow/example_dags/example_task_group.py took 0.086 seconds
[2026-01-17T18:07:52.710+0000] {processor.py:161} INFO - Started process (PID=358) to work on /home/airflow/.local/lib/python3.8/site-packages/airflow/example_dags/example_task_group.py
[2026-01-17T18:07:52.711+0000] {processor.py:830} INFO - Processing file /home/airflow/.local/lib/python3.8/site-packages/airflow/example_dags/example_task_group.py for tasks to queue
[2026-01-17T18:07:52.714+0000] {logging_mixin.py:188} INFO - [2026-01-17T18:07:52.713+0000] {dagbag.py:538} INFO - Filling up the DagBag from /home/airflow/.local/lib/python3.8/site-packages/airflow/example_dags/example_task_group.py
[2026-01-17T18:07:52.722+0000] {processor.py:840} INFO - DAG(s) 'example_task_group' retrieved from /home/airflow/.local/lib/python3.8/site-packages/airflow/example_dags/example_task_group.py
[2026-01-17T18:07:52.747+0000] {logging_mixin.py:188} INFO - [2026-01-17T18:07:52.747+0000] {dag.py:3036} INFO - Sync 1 DAGs
[2026-01-17T18:07:52.769+0000] {logging_mixin.py:188} INFO - [2026-01-17T18:07:52.769+0000] {dag.py:3823} INFO - Setting next_dagrun for example_task_group to 2026-01-16 00:00:00+00:00, run_after=2026-01-17 00:00:00+00:00
[2026-01-17T18:07:52.792+0000] {processor.py:183} INFO - Processing /home/airflow/.local/lib/python3.8/site-packages/airflow/example_dags/example_task_group.py took 0.086 seconds
[2026-01-17T18:08:23.327+0000] {processor.py:161} INFO - Started process (PID=413) to work on /home/airflow/.local/lib/python3.8/site-packages/airflow/example_dags/example_task_group.py
[2026-01-17T18:08:23.328+0000] {processor.py:830} INFO - Processing file /home/airflow/.local/lib/python3.8/site-packages/airflow/example_dags/example_task_group.py for tasks to queue
[2026-01-17T18:08:23.405+0000] {logging_mixin.py:188} INFO - [2026-01-17T18:08:23.404+0000] {dagbag.py:538} INFO - Filling up the DagBag from /home/airflow/.local/lib/python3.8/site-packages/airflow/example_dags/example_task_group.py
[2026-01-17T18:08:23.413+0000] {processor.py:840} INFO - DAG(s) 'example_task_group' retrieved from /home/airflow/.local/lib/python3.8/site-packages/airflow/example_dags/example_task_group.py
[2026-01-17T18:08:23.437+0000] {logging_mixin.py:188} INFO - [2026-01-17T18:08:23.437+0000] {dag.py:3036} INFO - Sync 1 DAGs
[2026-01-17T18:08:23.458+0000] {logging_mixin.py:188} INFO - [2026-01-17T18:08:23.458+0000] {dag.py:3823} INFO - Setting next_dagrun for example_task_group to 2026-01-16 00:00:00+00:00, run_after=2026-01-17 00:00:00+00:00
[2026-01-17T18:08:23.503+0000] {processor.py:183} INFO - Processing /home/airflow/.local/lib/python3.8/site-packages/airflow/example_dags/example_task_group.py took 0.181 seconds
