[2026-01-17T18:04:47.563+0000] {processor.py:161} INFO - Started process (PID=77) to work on /home/airflow/.local/lib/python3.8/site-packages/airflow/example_dags/example_latest_only.py
[2026-01-17T18:04:47.565+0000] {processor.py:830} INFO - Processing file /home/airflow/.local/lib/python3.8/site-packages/airflow/example_dags/example_latest_only.py for tasks to queue
[2026-01-17T18:04:47.568+0000] {logging_mixin.py:188} INFO - [2026-01-17T18:04:47.567+0000] {dagbag.py:538} INFO - Filling up the DagBag from /home/airflow/.local/lib/python3.8/site-packages/airflow/example_dags/example_latest_only.py
[2026-01-17T18:04:47.593+0000] {processor.py:840} INFO - DAG(s) 'latest_only' retrieved from /home/airflow/.local/lib/python3.8/site-packages/airflow/example_dags/example_latest_only.py
[2026-01-17T18:04:47.786+0000] {logging_mixin.py:188} INFO - [2026-01-17T18:04:47.785+0000] {dag.py:3036} INFO - Sync 1 DAGs
[2026-01-17T18:04:47.949+0000] {logging_mixin.py:188} INFO - [2026-01-17T18:04:47.944+0000] {dag.py:3823} INFO - Setting next_dagrun for latest_only to 2026-01-17 12:00:00+00:00, run_after=2026-01-17 16:00:00+00:00
[2026-01-17T18:04:48.102+0000] {processor.py:183} INFO - Processing /home/airflow/.local/lib/python3.8/site-packages/airflow/example_dags/example_latest_only.py took 0.544 seconds
[2026-01-17T18:05:42.645+0000] {processor.py:161} INFO - Started process (PID=139) to work on /home/airflow/.local/lib/python3.8/site-packages/airflow/example_dags/example_latest_only.py
[2026-01-17T18:05:42.647+0000] {processor.py:830} INFO - Processing file /home/airflow/.local/lib/python3.8/site-packages/airflow/example_dags/example_latest_only.py for tasks to queue
[2026-01-17T18:05:42.649+0000] {logging_mixin.py:188} INFO - [2026-01-17T18:05:42.648+0000] {dagbag.py:538} INFO - Filling up the DagBag from /home/airflow/.local/lib/python3.8/site-packages/airflow/example_dags/example_latest_only.py
[2026-01-17T18:05:42.656+0000] {processor.py:840} INFO - DAG(s) 'latest_only' retrieved from /home/airflow/.local/lib/python3.8/site-packages/airflow/example_dags/example_latest_only.py
[2026-01-17T18:05:42.679+0000] {logging_mixin.py:188} INFO - [2026-01-17T18:05:42.679+0000] {dag.py:3036} INFO - Sync 1 DAGs
[2026-01-17T18:05:42.707+0000] {logging_mixin.py:188} INFO - [2026-01-17T18:05:42.707+0000] {dag.py:3823} INFO - Setting next_dagrun for latest_only to 2026-01-17 12:00:00+00:00, run_after=2026-01-17 16:00:00+00:00
[2026-01-17T18:05:42.730+0000] {processor.py:183} INFO - Processing /home/airflow/.local/lib/python3.8/site-packages/airflow/example_dags/example_latest_only.py took 0.089 seconds
[2026-01-17T18:06:20.459+0000] {processor.py:161} INFO - Started process (PID=194) to work on /home/airflow/.local/lib/python3.8/site-packages/airflow/example_dags/example_latest_only.py
[2026-01-17T18:06:20.460+0000] {processor.py:830} INFO - Processing file /home/airflow/.local/lib/python3.8/site-packages/airflow/example_dags/example_latest_only.py for tasks to queue
[2026-01-17T18:06:20.463+0000] {logging_mixin.py:188} INFO - [2026-01-17T18:06:20.463+0000] {dagbag.py:538} INFO - Filling up the DagBag from /home/airflow/.local/lib/python3.8/site-packages/airflow/example_dags/example_latest_only.py
[2026-01-17T18:06:20.473+0000] {processor.py:840} INFO - DAG(s) 'latest_only' retrieved from /home/airflow/.local/lib/python3.8/site-packages/airflow/example_dags/example_latest_only.py
[2026-01-17T18:06:20.513+0000] {logging_mixin.py:188} INFO - [2026-01-17T18:06:20.512+0000] {dag.py:3036} INFO - Sync 1 DAGs
[2026-01-17T18:06:20.552+0000] {logging_mixin.py:188} INFO - [2026-01-17T18:06:20.552+0000] {dag.py:3823} INFO - Setting next_dagrun for latest_only to 2026-01-17 12:00:00+00:00, run_after=2026-01-17 16:00:00+00:00
[2026-01-17T18:06:20.673+0000] {processor.py:183} INFO - Processing /home/airflow/.local/lib/python3.8/site-packages/airflow/example_dags/example_latest_only.py took 0.247 seconds
[2026-01-17T18:06:51.500+0000] {processor.py:161} INFO - Started process (PID=249) to work on /home/airflow/.local/lib/python3.8/site-packages/airflow/example_dags/example_latest_only.py
[2026-01-17T18:06:51.501+0000] {processor.py:830} INFO - Processing file /home/airflow/.local/lib/python3.8/site-packages/airflow/example_dags/example_latest_only.py for tasks to queue
[2026-01-17T18:06:51.504+0000] {logging_mixin.py:188} INFO - [2026-01-17T18:06:51.503+0000] {dagbag.py:538} INFO - Filling up the DagBag from /home/airflow/.local/lib/python3.8/site-packages/airflow/example_dags/example_latest_only.py
[2026-01-17T18:06:51.510+0000] {processor.py:840} INFO - DAG(s) 'latest_only' retrieved from /home/airflow/.local/lib/python3.8/site-packages/airflow/example_dags/example_latest_only.py
[2026-01-17T18:06:51.533+0000] {logging_mixin.py:188} INFO - [2026-01-17T18:06:51.532+0000] {dag.py:3036} INFO - Sync 1 DAGs
[2026-01-17T18:06:51.556+0000] {logging_mixin.py:188} INFO - [2026-01-17T18:06:51.556+0000] {dag.py:3823} INFO - Setting next_dagrun for latest_only to 2026-01-17 12:00:00+00:00, run_after=2026-01-17 16:00:00+00:00
[2026-01-17T18:06:51.575+0000] {processor.py:183} INFO - Processing /home/airflow/.local/lib/python3.8/site-packages/airflow/example_dags/example_latest_only.py took 0.079 seconds
[2026-01-17T18:07:22.329+0000] {processor.py:161} INFO - Started process (PID=302) to work on /home/airflow/.local/lib/python3.8/site-packages/airflow/example_dags/example_latest_only.py
[2026-01-17T18:07:22.330+0000] {processor.py:830} INFO - Processing file /home/airflow/.local/lib/python3.8/site-packages/airflow/example_dags/example_latest_only.py for tasks to queue
[2026-01-17T18:07:22.333+0000] {logging_mixin.py:188} INFO - [2026-01-17T18:07:22.332+0000] {dagbag.py:538} INFO - Filling up the DagBag from /home/airflow/.local/lib/python3.8/site-packages/airflow/example_dags/example_latest_only.py
[2026-01-17T18:07:22.339+0000] {processor.py:840} INFO - DAG(s) 'latest_only' retrieved from /home/airflow/.local/lib/python3.8/site-packages/airflow/example_dags/example_latest_only.py
[2026-01-17T18:07:22.361+0000] {logging_mixin.py:188} INFO - [2026-01-17T18:07:22.360+0000] {dag.py:3036} INFO - Sync 1 DAGs
[2026-01-17T18:07:22.382+0000] {logging_mixin.py:188} INFO - [2026-01-17T18:07:22.382+0000] {dag.py:3823} INFO - Setting next_dagrun for latest_only to 2026-01-17 12:00:00+00:00, run_after=2026-01-17 16:00:00+00:00
[2026-01-17T18:07:22.403+0000] {processor.py:183} INFO - Processing /home/airflow/.local/lib/python3.8/site-packages/airflow/example_dags/example_latest_only.py took 0.079 seconds
[2026-01-17T18:07:52.583+0000] {processor.py:161} INFO - Started process (PID=357) to work on /home/airflow/.local/lib/python3.8/site-packages/airflow/example_dags/example_latest_only.py
[2026-01-17T18:07:52.584+0000] {processor.py:830} INFO - Processing file /home/airflow/.local/lib/python3.8/site-packages/airflow/example_dags/example_latest_only.py for tasks to queue
[2026-01-17T18:07:52.587+0000] {logging_mixin.py:188} INFO - [2026-01-17T18:07:52.587+0000] {dagbag.py:538} INFO - Filling up the DagBag from /home/airflow/.local/lib/python3.8/site-packages/airflow/example_dags/example_latest_only.py
[2026-01-17T18:07:52.594+0000] {processor.py:840} INFO - DAG(s) 'latest_only' retrieved from /home/airflow/.local/lib/python3.8/site-packages/airflow/example_dags/example_latest_only.py
[2026-01-17T18:07:52.619+0000] {logging_mixin.py:188} INFO - [2026-01-17T18:07:52.619+0000] {dag.py:3036} INFO - Sync 1 DAGs
[2026-01-17T18:07:52.640+0000] {logging_mixin.py:188} INFO - [2026-01-17T18:07:52.640+0000] {dag.py:3823} INFO - Setting next_dagrun for latest_only to 2026-01-17 12:00:00+00:00, run_after=2026-01-17 16:00:00+00:00
[2026-01-17T18:07:52.662+0000] {processor.py:183} INFO - Processing /home/airflow/.local/lib/python3.8/site-packages/airflow/example_dags/example_latest_only.py took 0.085 seconds
[2026-01-17T18:08:23.209+0000] {processor.py:161} INFO - Started process (PID=412) to work on /home/airflow/.local/lib/python3.8/site-packages/airflow/example_dags/example_latest_only.py
[2026-01-17T18:08:23.211+0000] {processor.py:830} INFO - Processing file /home/airflow/.local/lib/python3.8/site-packages/airflow/example_dags/example_latest_only.py for tasks to queue
[2026-01-17T18:08:23.213+0000] {logging_mixin.py:188} INFO - [2026-01-17T18:08:23.213+0000] {dagbag.py:538} INFO - Filling up the DagBag from /home/airflow/.local/lib/python3.8/site-packages/airflow/example_dags/example_latest_only.py
[2026-01-17T18:08:23.219+0000] {processor.py:840} INFO - DAG(s) 'latest_only' retrieved from /home/airflow/.local/lib/python3.8/site-packages/airflow/example_dags/example_latest_only.py
[2026-01-17T18:08:23.242+0000] {logging_mixin.py:188} INFO - [2026-01-17T18:08:23.242+0000] {dag.py:3036} INFO - Sync 1 DAGs
[2026-01-17T18:08:23.263+0000] {logging_mixin.py:188} INFO - [2026-01-17T18:08:23.263+0000] {dag.py:3823} INFO - Setting next_dagrun for latest_only to 2026-01-17 12:00:00+00:00, run_after=2026-01-17 16:00:00+00:00
[2026-01-17T18:08:23.284+0000] {processor.py:183} INFO - Processing /home/airflow/.local/lib/python3.8/site-packages/airflow/example_dags/example_latest_only.py took 0.079 seconds
