[2026-01-17T18:04:24.824+0000] {processor.py:161} INFO - Started process (PID=64) to work on /home/airflow/.local/lib/python3.8/site-packages/airflow/example_dags/example_params_trigger_ui.py
[2026-01-17T18:04:24.826+0000] {processor.py:830} INFO - Processing file /home/airflow/.local/lib/python3.8/site-packages/airflow/example_dags/example_params_trigger_ui.py for tasks to queue
[2026-01-17T18:04:24.829+0000] {logging_mixin.py:188} INFO - [2026-01-17T18:04:24.828+0000] {dagbag.py:538} INFO - Filling up the DagBag from /home/airflow/.local/lib/python3.8/site-packages/airflow/example_dags/example_params_trigger_ui.py
[2026-01-17T18:04:25.047+0000] {processor.py:840} INFO - DAG(s) 'example_params_trigger_ui' retrieved from /home/airflow/.local/lib/python3.8/site-packages/airflow/example_dags/example_params_trigger_ui.py
[2026-01-17T18:04:25.594+0000] {logging_mixin.py:188} INFO - [2026-01-17T18:04:25.593+0000] {dag.py:3036} INFO - Sync 1 DAGs
[2026-01-17T18:04:25.625+0000] {logging_mixin.py:188} INFO - [2026-01-17T18:04:25.624+0000] {dag.py:3823} INFO - Setting next_dagrun for example_params_trigger_ui to None, run_after=None
[2026-01-17T18:04:25.697+0000] {processor.py:183} INFO - Processing /home/airflow/.local/lib/python3.8/site-packages/airflow/example_dags/example_params_trigger_ui.py took 0.908 seconds
[2026-01-17T18:05:41.504+0000] {processor.py:161} INFO - Started process (PID=126) to work on /home/airflow/.local/lib/python3.8/site-packages/airflow/example_dags/example_params_trigger_ui.py
[2026-01-17T18:05:41.505+0000] {processor.py:830} INFO - Processing file /home/airflow/.local/lib/python3.8/site-packages/airflow/example_dags/example_params_trigger_ui.py for tasks to queue
[2026-01-17T18:05:41.509+0000] {logging_mixin.py:188} INFO - [2026-01-17T18:05:41.508+0000] {dagbag.py:538} INFO - Filling up the DagBag from /home/airflow/.local/lib/python3.8/site-packages/airflow/example_dags/example_params_trigger_ui.py
[2026-01-17T18:05:41.525+0000] {processor.py:840} INFO - DAG(s) 'example_params_trigger_ui' retrieved from /home/airflow/.local/lib/python3.8/site-packages/airflow/example_dags/example_params_trigger_ui.py
[2026-01-17T18:05:41.589+0000] {logging_mixin.py:188} INFO - [2026-01-17T18:05:41.589+0000] {dag.py:3036} INFO - Sync 1 DAGs
[2026-01-17T18:05:41.605+0000] {logging_mixin.py:188} INFO - [2026-01-17T18:05:41.604+0000] {dag.py:3823} INFO - Setting next_dagrun for example_params_trigger_ui to None, run_after=None
[2026-01-17T18:05:41.633+0000] {processor.py:183} INFO - Processing /home/airflow/.local/lib/python3.8/site-packages/airflow/example_dags/example_params_trigger_ui.py took 0.134 seconds
[2026-01-17T18:06:11.879+0000] {processor.py:161} INFO - Started process (PID=180) to work on /home/airflow/.local/lib/python3.8/site-packages/airflow/example_dags/example_params_trigger_ui.py
[2026-01-17T18:06:11.881+0000] {processor.py:830} INFO - Processing file /home/airflow/.local/lib/python3.8/site-packages/airflow/example_dags/example_params_trigger_ui.py for tasks to queue
[2026-01-17T18:06:11.883+0000] {logging_mixin.py:188} INFO - [2026-01-17T18:06:11.883+0000] {dagbag.py:538} INFO - Filling up the DagBag from /home/airflow/.local/lib/python3.8/site-packages/airflow/example_dags/example_params_trigger_ui.py
[2026-01-17T18:06:11.903+0000] {processor.py:840} INFO - DAG(s) 'example_params_trigger_ui' retrieved from /home/airflow/.local/lib/python3.8/site-packages/airflow/example_dags/example_params_trigger_ui.py
[2026-01-17T18:06:11.958+0000] {logging_mixin.py:188} INFO - [2026-01-17T18:06:11.958+0000] {dag.py:3036} INFO - Sync 1 DAGs
[2026-01-17T18:06:11.972+0000] {logging_mixin.py:188} INFO - [2026-01-17T18:06:11.972+0000] {dag.py:3823} INFO - Setting next_dagrun for example_params_trigger_ui to None, run_after=None
[2026-01-17T18:06:11.995+0000] {processor.py:183} INFO - Processing /home/airflow/.local/lib/python3.8/site-packages/airflow/example_dags/example_params_trigger_ui.py took 0.121 seconds
[2026-01-17T18:06:42.844+0000] {processor.py:161} INFO - Started process (PID=234) to work on /home/airflow/.local/lib/python3.8/site-packages/airflow/example_dags/example_params_trigger_ui.py
[2026-01-17T18:06:42.845+0000] {processor.py:830} INFO - Processing file /home/airflow/.local/lib/python3.8/site-packages/airflow/example_dags/example_params_trigger_ui.py for tasks to queue
[2026-01-17T18:06:42.848+0000] {logging_mixin.py:188} INFO - [2026-01-17T18:06:42.847+0000] {dagbag.py:538} INFO - Filling up the DagBag from /home/airflow/.local/lib/python3.8/site-packages/airflow/example_dags/example_params_trigger_ui.py
[2026-01-17T18:06:42.862+0000] {processor.py:840} INFO - DAG(s) 'example_params_trigger_ui' retrieved from /home/airflow/.local/lib/python3.8/site-packages/airflow/example_dags/example_params_trigger_ui.py
[2026-01-17T18:06:42.917+0000] {logging_mixin.py:188} INFO - [2026-01-17T18:06:42.917+0000] {dag.py:3036} INFO - Sync 1 DAGs
[2026-01-17T18:06:42.930+0000] {logging_mixin.py:188} INFO - [2026-01-17T18:06:42.930+0000] {dag.py:3823} INFO - Setting next_dagrun for example_params_trigger_ui to None, run_after=None
[2026-01-17T18:06:42.955+0000] {processor.py:183} INFO - Processing /home/airflow/.local/lib/python3.8/site-packages/airflow/example_dags/example_params_trigger_ui.py took 0.115 seconds
[2026-01-17T18:07:14.412+0000] {processor.py:161} INFO - Started process (PID=289) to work on /home/airflow/.local/lib/python3.8/site-packages/airflow/example_dags/example_params_trigger_ui.py
[2026-01-17T18:07:14.414+0000] {processor.py:830} INFO - Processing file /home/airflow/.local/lib/python3.8/site-packages/airflow/example_dags/example_params_trigger_ui.py for tasks to queue
[2026-01-17T18:07:14.417+0000] {logging_mixin.py:188} INFO - [2026-01-17T18:07:14.416+0000] {dagbag.py:538} INFO - Filling up the DagBag from /home/airflow/.local/lib/python3.8/site-packages/airflow/example_dags/example_params_trigger_ui.py
[2026-01-17T18:07:14.432+0000] {processor.py:840} INFO - DAG(s) 'example_params_trigger_ui' retrieved from /home/airflow/.local/lib/python3.8/site-packages/airflow/example_dags/example_params_trigger_ui.py
[2026-01-17T18:07:14.486+0000] {logging_mixin.py:188} INFO - [2026-01-17T18:07:14.486+0000] {dag.py:3036} INFO - Sync 1 DAGs
[2026-01-17T18:07:14.499+0000] {logging_mixin.py:188} INFO - [2026-01-17T18:07:14.499+0000] {dag.py:3823} INFO - Setting next_dagrun for example_params_trigger_ui to None, run_after=None
[2026-01-17T18:07:14.526+0000] {processor.py:183} INFO - Processing /home/airflow/.local/lib/python3.8/site-packages/airflow/example_dags/example_params_trigger_ui.py took 0.118 seconds
[2026-01-17T18:07:44.675+0000] {processor.py:161} INFO - Started process (PID=344) to work on /home/airflow/.local/lib/python3.8/site-packages/airflow/example_dags/example_params_trigger_ui.py
[2026-01-17T18:07:44.677+0000] {processor.py:830} INFO - Processing file /home/airflow/.local/lib/python3.8/site-packages/airflow/example_dags/example_params_trigger_ui.py for tasks to queue
[2026-01-17T18:07:44.679+0000] {logging_mixin.py:188} INFO - [2026-01-17T18:07:44.679+0000] {dagbag.py:538} INFO - Filling up the DagBag from /home/airflow/.local/lib/python3.8/site-packages/airflow/example_dags/example_params_trigger_ui.py
[2026-01-17T18:07:44.694+0000] {processor.py:840} INFO - DAG(s) 'example_params_trigger_ui' retrieved from /home/airflow/.local/lib/python3.8/site-packages/airflow/example_dags/example_params_trigger_ui.py
[2026-01-17T18:07:44.748+0000] {logging_mixin.py:188} INFO - [2026-01-17T18:07:44.748+0000] {dag.py:3036} INFO - Sync 1 DAGs
[2026-01-17T18:07:44.764+0000] {logging_mixin.py:188} INFO - [2026-01-17T18:07:44.763+0000] {dag.py:3823} INFO - Setting next_dagrun for example_params_trigger_ui to None, run_after=None
[2026-01-17T18:07:44.788+0000] {processor.py:183} INFO - Processing /home/airflow/.local/lib/python3.8/site-packages/airflow/example_dags/example_params_trigger_ui.py took 0.117 seconds
[2026-01-17T18:08:14.931+0000] {processor.py:161} INFO - Started process (PID=399) to work on /home/airflow/.local/lib/python3.8/site-packages/airflow/example_dags/example_params_trigger_ui.py
[2026-01-17T18:08:14.932+0000] {processor.py:830} INFO - Processing file /home/airflow/.local/lib/python3.8/site-packages/airflow/example_dags/example_params_trigger_ui.py for tasks to queue
[2026-01-17T18:08:14.935+0000] {logging_mixin.py:188} INFO - [2026-01-17T18:08:14.934+0000] {dagbag.py:538} INFO - Filling up the DagBag from /home/airflow/.local/lib/python3.8/site-packages/airflow/example_dags/example_params_trigger_ui.py
[2026-01-17T18:08:14.954+0000] {processor.py:840} INFO - DAG(s) 'example_params_trigger_ui' retrieved from /home/airflow/.local/lib/python3.8/site-packages/airflow/example_dags/example_params_trigger_ui.py
[2026-01-17T18:08:15.008+0000] {logging_mixin.py:188} INFO - [2026-01-17T18:08:15.007+0000] {dag.py:3036} INFO - Sync 1 DAGs
[2026-01-17T18:08:15.022+0000] {logging_mixin.py:188} INFO - [2026-01-17T18:08:15.022+0000] {dag.py:3823} INFO - Setting next_dagrun for example_params_trigger_ui to None, run_after=None
[2026-01-17T18:08:15.047+0000] {processor.py:183} INFO - Processing /home/airflow/.local/lib/python3.8/site-packages/airflow/example_dags/example_params_trigger_ui.py took 0.121 seconds
