[2026-01-17T18:05:27.149+0000] {processor.py:161} INFO - Started process (PID=104) to work on /home/airflow/.local/lib/python3.8/site-packages/airflow/example_dags/example_skip_dag.py
[2026-01-17T18:05:27.224+0000] {processor.py:830} INFO - Processing file /home/airflow/.local/lib/python3.8/site-packages/airflow/example_dags/example_skip_dag.py for tasks to queue
[2026-01-17T18:05:27.227+0000] {logging_mixin.py:188} INFO - [2026-01-17T18:05:27.227+0000] {dagbag.py:538} INFO - Filling up the DagBag from /home/airflow/.local/lib/python3.8/site-packages/airflow/example_dags/example_skip_dag.py
[2026-01-17T18:05:27.240+0000] {processor.py:840} INFO - DAG(s) 'example_skip_dag' retrieved from /home/airflow/.local/lib/python3.8/site-packages/airflow/example_dags/example_skip_dag.py
[2026-01-17T18:05:27.469+0000] {logging_mixin.py:188} INFO - [2026-01-17T18:05:27.469+0000] {dag.py:3036} INFO - Sync 1 DAGs
[2026-01-17T18:05:27.492+0000] {logging_mixin.py:188} INFO - [2026-01-17T18:05:27.492+0000] {dag.py:3823} INFO - Setting next_dagrun for example_skip_dag to 2026-01-16 00:00:00+00:00, run_after=2026-01-17 00:00:00+00:00
[2026-01-17T18:05:27.517+0000] {processor.py:183} INFO - Processing /home/airflow/.local/lib/python3.8/site-packages/airflow/example_dags/example_skip_dag.py took 0.451 seconds
[2026-01-17T18:05:57.626+0000] {processor.py:161} INFO - Started process (PID=159) to work on /home/airflow/.local/lib/python3.8/site-packages/airflow/example_dags/example_skip_dag.py
[2026-01-17T18:05:57.627+0000] {processor.py:830} INFO - Processing file /home/airflow/.local/lib/python3.8/site-packages/airflow/example_dags/example_skip_dag.py for tasks to queue
[2026-01-17T18:05:57.629+0000] {logging_mixin.py:188} INFO - [2026-01-17T18:05:57.629+0000] {dagbag.py:538} INFO - Filling up the DagBag from /home/airflow/.local/lib/python3.8/site-packages/airflow/example_dags/example_skip_dag.py
[2026-01-17T18:05:57.637+0000] {processor.py:840} INFO - DAG(s) 'example_skip_dag' retrieved from /home/airflow/.local/lib/python3.8/site-packages/airflow/example_dags/example_skip_dag.py
[2026-01-17T18:05:57.664+0000] {logging_mixin.py:188} INFO - [2026-01-17T18:05:57.663+0000] {dag.py:3036} INFO - Sync 1 DAGs
[2026-01-17T18:05:57.686+0000] {logging_mixin.py:188} INFO - [2026-01-17T18:05:57.686+0000] {dag.py:3823} INFO - Setting next_dagrun for example_skip_dag to 2026-01-16 00:00:00+00:00, run_after=2026-01-17 00:00:00+00:00
[2026-01-17T18:05:57.709+0000] {processor.py:183} INFO - Processing /home/airflow/.local/lib/python3.8/site-packages/airflow/example_dags/example_skip_dag.py took 0.087 seconds
[2026-01-17T18:06:27.862+0000] {processor.py:161} INFO - Started process (PID=214) to work on /home/airflow/.local/lib/python3.8/site-packages/airflow/example_dags/example_skip_dag.py
[2026-01-17T18:06:27.864+0000] {processor.py:830} INFO - Processing file /home/airflow/.local/lib/python3.8/site-packages/airflow/example_dags/example_skip_dag.py for tasks to queue
[2026-01-17T18:06:27.866+0000] {logging_mixin.py:188} INFO - [2026-01-17T18:06:27.866+0000] {dagbag.py:538} INFO - Filling up the DagBag from /home/airflow/.local/lib/python3.8/site-packages/airflow/example_dags/example_skip_dag.py
[2026-01-17T18:06:27.873+0000] {processor.py:840} INFO - DAG(s) 'example_skip_dag' retrieved from /home/airflow/.local/lib/python3.8/site-packages/airflow/example_dags/example_skip_dag.py
[2026-01-17T18:06:27.981+0000] {logging_mixin.py:188} INFO - [2026-01-17T18:06:27.981+0000] {dag.py:3036} INFO - Sync 1 DAGs
[2026-01-17T18:06:28.007+0000] {logging_mixin.py:188} INFO - [2026-01-17T18:06:28.006+0000] {dag.py:3823} INFO - Setting next_dagrun for example_skip_dag to 2026-01-16 00:00:00+00:00, run_after=2026-01-17 00:00:00+00:00
[2026-01-17T18:06:28.029+0000] {processor.py:183} INFO - Processing /home/airflow/.local/lib/python3.8/site-packages/airflow/example_dags/example_skip_dag.py took 0.170 seconds
[2026-01-17T18:06:58.202+0000] {processor.py:161} INFO - Started process (PID=269) to work on /home/airflow/.local/lib/python3.8/site-packages/airflow/example_dags/example_skip_dag.py
[2026-01-17T18:06:58.203+0000] {processor.py:830} INFO - Processing file /home/airflow/.local/lib/python3.8/site-packages/airflow/example_dags/example_skip_dag.py for tasks to queue
[2026-01-17T18:06:58.206+0000] {logging_mixin.py:188} INFO - [2026-01-17T18:06:58.205+0000] {dagbag.py:538} INFO - Filling up the DagBag from /home/airflow/.local/lib/python3.8/site-packages/airflow/example_dags/example_skip_dag.py
[2026-01-17T18:06:58.215+0000] {processor.py:840} INFO - DAG(s) 'example_skip_dag' retrieved from /home/airflow/.local/lib/python3.8/site-packages/airflow/example_dags/example_skip_dag.py
[2026-01-17T18:06:58.242+0000] {logging_mixin.py:188} INFO - [2026-01-17T18:06:58.242+0000] {dag.py:3036} INFO - Sync 1 DAGs
[2026-01-17T18:06:58.266+0000] {logging_mixin.py:188} INFO - [2026-01-17T18:06:58.266+0000] {dag.py:3823} INFO - Setting next_dagrun for example_skip_dag to 2026-01-16 00:00:00+00:00, run_after=2026-01-17 00:00:00+00:00
[2026-01-17T18:06:58.367+0000] {processor.py:183} INFO - Processing /home/airflow/.local/lib/python3.8/site-packages/airflow/example_dags/example_skip_dag.py took 0.169 seconds
[2026-01-17T18:07:28.524+0000] {processor.py:161} INFO - Started process (PID=324) to work on /home/airflow/.local/lib/python3.8/site-packages/airflow/example_dags/example_skip_dag.py
[2026-01-17T18:07:28.525+0000] {processor.py:830} INFO - Processing file /home/airflow/.local/lib/python3.8/site-packages/airflow/example_dags/example_skip_dag.py for tasks to queue
[2026-01-17T18:07:28.528+0000] {logging_mixin.py:188} INFO - [2026-01-17T18:07:28.528+0000] {dagbag.py:538} INFO - Filling up the DagBag from /home/airflow/.local/lib/python3.8/site-packages/airflow/example_dags/example_skip_dag.py
[2026-01-17T18:07:28.538+0000] {processor.py:840} INFO - DAG(s) 'example_skip_dag' retrieved from /home/airflow/.local/lib/python3.8/site-packages/airflow/example_dags/example_skip_dag.py
[2026-01-17T18:07:28.564+0000] {logging_mixin.py:188} INFO - [2026-01-17T18:07:28.564+0000] {dag.py:3036} INFO - Sync 1 DAGs
[2026-01-17T18:07:28.588+0000] {logging_mixin.py:188} INFO - [2026-01-17T18:07:28.588+0000] {dag.py:3823} INFO - Setting next_dagrun for example_skip_dag to 2026-01-16 00:00:00+00:00, run_after=2026-01-17 00:00:00+00:00
[2026-01-17T18:07:28.615+0000] {processor.py:183} INFO - Processing /home/airflow/.local/lib/python3.8/site-packages/airflow/example_dags/example_skip_dag.py took 0.095 seconds
[2026-01-17T18:07:59.044+0000] {processor.py:161} INFO - Started process (PID=379) to work on /home/airflow/.local/lib/python3.8/site-packages/airflow/example_dags/example_skip_dag.py
[2026-01-17T18:07:59.046+0000] {processor.py:830} INFO - Processing file /home/airflow/.local/lib/python3.8/site-packages/airflow/example_dags/example_skip_dag.py for tasks to queue
[2026-01-17T18:07:59.050+0000] {logging_mixin.py:188} INFO - [2026-01-17T18:07:59.049+0000] {dagbag.py:538} INFO - Filling up the DagBag from /home/airflow/.local/lib/python3.8/site-packages/airflow/example_dags/example_skip_dag.py
[2026-01-17T18:07:59.059+0000] {processor.py:840} INFO - DAG(s) 'example_skip_dag' retrieved from /home/airflow/.local/lib/python3.8/site-packages/airflow/example_dags/example_skip_dag.py
[2026-01-17T18:07:59.084+0000] {logging_mixin.py:188} INFO - [2026-01-17T18:07:59.084+0000] {dag.py:3036} INFO - Sync 1 DAGs
[2026-01-17T18:07:59.110+0000] {logging_mixin.py:188} INFO - [2026-01-17T18:07:59.110+0000] {dag.py:3823} INFO - Setting next_dagrun for example_skip_dag to 2026-01-16 00:00:00+00:00, run_after=2026-01-17 00:00:00+00:00
[2026-01-17T18:07:59.150+0000] {processor.py:183} INFO - Processing /home/airflow/.local/lib/python3.8/site-packages/airflow/example_dags/example_skip_dag.py took 0.111 seconds
[2026-01-17T18:08:29.932+0000] {processor.py:161} INFO - Started process (PID=434) to work on /home/airflow/.local/lib/python3.8/site-packages/airflow/example_dags/example_skip_dag.py
[2026-01-17T18:08:29.934+0000] {processor.py:830} INFO - Processing file /home/airflow/.local/lib/python3.8/site-packages/airflow/example_dags/example_skip_dag.py for tasks to queue
[2026-01-17T18:08:29.936+0000] {logging_mixin.py:188} INFO - [2026-01-17T18:08:29.935+0000] {dagbag.py:538} INFO - Filling up the DagBag from /home/airflow/.local/lib/python3.8/site-packages/airflow/example_dags/example_skip_dag.py
[2026-01-17T18:08:29.943+0000] {processor.py:840} INFO - DAG(s) 'example_skip_dag' retrieved from /home/airflow/.local/lib/python3.8/site-packages/airflow/example_dags/example_skip_dag.py
[2026-01-17T18:08:29.967+0000] {logging_mixin.py:188} INFO - [2026-01-17T18:08:29.967+0000] {dag.py:3036} INFO - Sync 1 DAGs
[2026-01-17T18:08:29.989+0000] {logging_mixin.py:188} INFO - [2026-01-17T18:08:29.988+0000] {dag.py:3823} INFO - Setting next_dagrun for example_skip_dag to 2026-01-16 00:00:00+00:00, run_after=2026-01-17 00:00:00+00:00
[2026-01-17T18:08:30.009+0000] {processor.py:183} INFO - Processing /home/airflow/.local/lib/python3.8/site-packages/airflow/example_dags/example_skip_dag.py took 0.081 seconds
