[2026-01-17T18:05:23.534+0000] {processor.py:161} INFO - Started process (PID=96) to work on /home/airflow/.local/lib/python3.8/site-packages/airflow/example_dags/example_sla_dag.py
[2026-01-17T18:05:23.536+0000] {processor.py:830} INFO - Processing file /home/airflow/.local/lib/python3.8/site-packages/airflow/example_dags/example_sla_dag.py for tasks to queue
[2026-01-17T18:05:23.554+0000] {logging_mixin.py:188} INFO - [2026-01-17T18:05:23.553+0000] {dagbag.py:538} INFO - Filling up the DagBag from /home/airflow/.local/lib/python3.8/site-packages/airflow/example_dags/example_sla_dag.py
[2026-01-17T18:05:23.640+0000] {processor.py:840} INFO - DAG(s) 'example_sla_dag' retrieved from /home/airflow/.local/lib/python3.8/site-packages/airflow/example_dags/example_sla_dag.py
[2026-01-17T18:05:23.755+0000] {logging_mixin.py:188} INFO - [2026-01-17T18:05:23.754+0000] {dag.py:3036} INFO - Sync 1 DAGs
[2026-01-17T18:05:24.032+0000] {logging_mixin.py:188} INFO - [2026-01-17T18:05:24.031+0000] {dag.py:3823} INFO - Setting next_dagrun for example_sla_dag to 2026-01-17 18:02:00+00:00, run_after=2026-01-17 18:04:00+00:00
[2026-01-17T18:05:26.329+0000] {processor.py:183} INFO - Processing /home/airflow/.local/lib/python3.8/site-packages/airflow/example_dags/example_sla_dag.py took 2.848 seconds
[2026-01-17T18:05:56.435+0000] {processor.py:161} INFO - Started process (PID=151) to work on /home/airflow/.local/lib/python3.8/site-packages/airflow/example_dags/example_sla_dag.py
[2026-01-17T18:05:56.436+0000] {processor.py:830} INFO - Processing file /home/airflow/.local/lib/python3.8/site-packages/airflow/example_dags/example_sla_dag.py for tasks to queue
[2026-01-17T18:05:56.438+0000] {logging_mixin.py:188} INFO - [2026-01-17T18:05:56.438+0000] {dagbag.py:538} INFO - Filling up the DagBag from /home/airflow/.local/lib/python3.8/site-packages/airflow/example_dags/example_sla_dag.py
[2026-01-17T18:05:56.447+0000] {processor.py:840} INFO - DAG(s) 'example_sla_dag' retrieved from /home/airflow/.local/lib/python3.8/site-packages/airflow/example_dags/example_sla_dag.py
[2026-01-17T18:05:56.470+0000] {logging_mixin.py:188} INFO - [2026-01-17T18:05:56.470+0000] {dag.py:3036} INFO - Sync 1 DAGs
[2026-01-17T18:05:56.495+0000] {logging_mixin.py:188} INFO - [2026-01-17T18:05:56.494+0000] {dag.py:3823} INFO - Setting next_dagrun for example_sla_dag to 2026-01-17 18:02:00+00:00, run_after=2026-01-17 18:04:00+00:00
[2026-01-17T18:05:56.516+0000] {processor.py:183} INFO - Processing /home/airflow/.local/lib/python3.8/site-packages/airflow/example_dags/example_sla_dag.py took 0.086 seconds
[2026-01-17T18:06:26.734+0000] {processor.py:161} INFO - Started process (PID=206) to work on /home/airflow/.local/lib/python3.8/site-packages/airflow/example_dags/example_sla_dag.py
[2026-01-17T18:06:26.736+0000] {processor.py:830} INFO - Processing file /home/airflow/.local/lib/python3.8/site-packages/airflow/example_dags/example_sla_dag.py for tasks to queue
[2026-01-17T18:06:26.738+0000] {logging_mixin.py:188} INFO - [2026-01-17T18:06:26.738+0000] {dagbag.py:538} INFO - Filling up the DagBag from /home/airflow/.local/lib/python3.8/site-packages/airflow/example_dags/example_sla_dag.py
[2026-01-17T18:06:26.748+0000] {processor.py:840} INFO - DAG(s) 'example_sla_dag' retrieved from /home/airflow/.local/lib/python3.8/site-packages/airflow/example_dags/example_sla_dag.py
[2026-01-17T18:06:26.786+0000] {logging_mixin.py:188} INFO - [2026-01-17T18:06:26.785+0000] {dag.py:3036} INFO - Sync 1 DAGs
[2026-01-17T18:06:26.815+0000] {logging_mixin.py:188} INFO - [2026-01-17T18:06:26.814+0000] {dag.py:3823} INFO - Setting next_dagrun for example_sla_dag to 2026-01-17 18:04:00+00:00, run_after=2026-01-17 18:06:00+00:00
[2026-01-17T18:06:26.835+0000] {processor.py:183} INFO - Processing /home/airflow/.local/lib/python3.8/site-packages/airflow/example_dags/example_sla_dag.py took 0.105 seconds
[2026-01-17T18:06:57.199+0000] {processor.py:161} INFO - Started process (PID=267) to work on /home/airflow/.local/lib/python3.8/site-packages/airflow/example_dags/example_sla_dag.py
[2026-01-17T18:06:57.200+0000] {processor.py:830} INFO - Processing file /home/airflow/.local/lib/python3.8/site-packages/airflow/example_dags/example_sla_dag.py for tasks to queue
[2026-01-17T18:06:57.202+0000] {logging_mixin.py:188} INFO - [2026-01-17T18:06:57.202+0000] {dagbag.py:538} INFO - Filling up the DagBag from /home/airflow/.local/lib/python3.8/site-packages/airflow/example_dags/example_sla_dag.py
[2026-01-17T18:06:57.212+0000] {processor.py:840} INFO - DAG(s) 'example_sla_dag' retrieved from /home/airflow/.local/lib/python3.8/site-packages/airflow/example_dags/example_sla_dag.py
[2026-01-17T18:06:57.235+0000] {logging_mixin.py:188} INFO - [2026-01-17T18:06:57.235+0000] {dag.py:3036} INFO - Sync 1 DAGs
[2026-01-17T18:06:57.261+0000] {logging_mixin.py:188} INFO - [2026-01-17T18:06:57.260+0000] {dag.py:3823} INFO - Setting next_dagrun for example_sla_dag to 2026-01-17 18:04:00+00:00, run_after=2026-01-17 18:06:00+00:00
[2026-01-17T18:06:57.281+0000] {processor.py:183} INFO - Processing /home/airflow/.local/lib/python3.8/site-packages/airflow/example_dags/example_sla_dag.py took 0.086 seconds
[2026-01-17T18:07:27.562+0000] {processor.py:161} INFO - Started process (PID=322) to work on /home/airflow/.local/lib/python3.8/site-packages/airflow/example_dags/example_sla_dag.py
[2026-01-17T18:07:27.563+0000] {processor.py:830} INFO - Processing file /home/airflow/.local/lib/python3.8/site-packages/airflow/example_dags/example_sla_dag.py for tasks to queue
[2026-01-17T18:07:27.567+0000] {logging_mixin.py:188} INFO - [2026-01-17T18:07:27.567+0000] {dagbag.py:538} INFO - Filling up the DagBag from /home/airflow/.local/lib/python3.8/site-packages/airflow/example_dags/example_sla_dag.py
[2026-01-17T18:07:27.640+0000] {processor.py:840} INFO - DAG(s) 'example_sla_dag' retrieved from /home/airflow/.local/lib/python3.8/site-packages/airflow/example_dags/example_sla_dag.py
[2026-01-17T18:07:27.919+0000] {logging_mixin.py:188} INFO - [2026-01-17T18:07:27.918+0000] {dag.py:3036} INFO - Sync 1 DAGs
[2026-01-17T18:07:27.981+0000] {logging_mixin.py:188} INFO - [2026-01-17T18:07:27.981+0000] {dag.py:3823} INFO - Setting next_dagrun for example_sla_dag to 2026-01-17 18:04:00+00:00, run_after=2026-01-17 18:06:00+00:00
[2026-01-17T18:07:28.331+0000] {processor.py:183} INFO - Processing /home/airflow/.local/lib/python3.8/site-packages/airflow/example_dags/example_sla_dag.py took 0.776 seconds
[2026-01-17T18:07:58.775+0000] {processor.py:161} INFO - Started process (PID=377) to work on /home/airflow/.local/lib/python3.8/site-packages/airflow/example_dags/example_sla_dag.py
[2026-01-17T18:07:58.777+0000] {processor.py:830} INFO - Processing file /home/airflow/.local/lib/python3.8/site-packages/airflow/example_dags/example_sla_dag.py for tasks to queue
[2026-01-17T18:07:58.779+0000] {logging_mixin.py:188} INFO - [2026-01-17T18:07:58.779+0000] {dagbag.py:538} INFO - Filling up the DagBag from /home/airflow/.local/lib/python3.8/site-packages/airflow/example_dags/example_sla_dag.py
[2026-01-17T18:07:58.802+0000] {processor.py:840} INFO - DAG(s) 'example_sla_dag' retrieved from /home/airflow/.local/lib/python3.8/site-packages/airflow/example_dags/example_sla_dag.py
[2026-01-17T18:07:58.835+0000] {logging_mixin.py:188} INFO - [2026-01-17T18:07:58.835+0000] {dag.py:3036} INFO - Sync 1 DAGs
[2026-01-17T18:07:58.871+0000] {logging_mixin.py:188} INFO - [2026-01-17T18:07:58.870+0000] {dag.py:3823} INFO - Setting next_dagrun for example_sla_dag to 2026-01-17 18:04:00+00:00, run_after=2026-01-17 18:06:00+00:00
[2026-01-17T18:07:58.896+0000] {processor.py:183} INFO - Processing /home/airflow/.local/lib/python3.8/site-packages/airflow/example_dags/example_sla_dag.py took 0.125 seconds
[2026-01-17T18:08:29.800+0000] {processor.py:161} INFO - Started process (PID=432) to work on /home/airflow/.local/lib/python3.8/site-packages/airflow/example_dags/example_sla_dag.py
[2026-01-17T18:08:29.801+0000] {processor.py:830} INFO - Processing file /home/airflow/.local/lib/python3.8/site-packages/airflow/example_dags/example_sla_dag.py for tasks to queue
[2026-01-17T18:08:29.804+0000] {logging_mixin.py:188} INFO - [2026-01-17T18:08:29.804+0000] {dagbag.py:538} INFO - Filling up the DagBag from /home/airflow/.local/lib/python3.8/site-packages/airflow/example_dags/example_sla_dag.py
[2026-01-17T18:08:29.816+0000] {processor.py:840} INFO - DAG(s) 'example_sla_dag' retrieved from /home/airflow/.local/lib/python3.8/site-packages/airflow/example_dags/example_sla_dag.py
[2026-01-17T18:08:29.844+0000] {logging_mixin.py:188} INFO - [2026-01-17T18:08:29.843+0000] {dag.py:3036} INFO - Sync 1 DAGs
[2026-01-17T18:08:29.869+0000] {logging_mixin.py:188} INFO - [2026-01-17T18:08:29.869+0000] {dag.py:3823} INFO - Setting next_dagrun for example_sla_dag to 2026-01-17 18:06:00+00:00, run_after=2026-01-17 18:08:00+00:00
[2026-01-17T18:08:29.891+0000] {processor.py:183} INFO - Processing /home/airflow/.local/lib/python3.8/site-packages/airflow/example_dags/example_sla_dag.py took 0.095 seconds
