[2026-01-17T18:05:33.799+0000] {processor.py:161} INFO - Started process (PID=115) to work on /home/airflow/.local/lib/python3.8/site-packages/airflow/example_dags/example_branch_python_dop_operator_3.py
[2026-01-17T18:05:33.800+0000] {processor.py:830} INFO - Processing file /home/airflow/.local/lib/python3.8/site-packages/airflow/example_dags/example_branch_python_dop_operator_3.py for tasks to queue
[2026-01-17T18:05:33.804+0000] {logging_mixin.py:188} INFO - [2026-01-17T18:05:33.803+0000] {dagbag.py:538} INFO - Filling up the DagBag from /home/airflow/.local/lib/python3.8/site-packages/airflow/example_dags/example_branch_python_dop_operator_3.py
[2026-01-17T18:05:33.819+0000] {processor.py:840} INFO - DAG(s) 'example_branch_dop_operator_v3' retrieved from /home/airflow/.local/lib/python3.8/site-packages/airflow/example_dags/example_branch_python_dop_operator_3.py
[2026-01-17T18:05:33.944+0000] {logging_mixin.py:188} INFO - [2026-01-17T18:05:33.943+0000] {dag.py:3036} INFO - Sync 1 DAGs
[2026-01-17T18:05:33.975+0000] {logging_mixin.py:188} INFO - [2026-01-17T18:05:33.975+0000] {dag.py:3823} INFO - Setting next_dagrun for example_branch_dop_operator_v3 to 2026-01-17 18:04:00+00:00, run_after=2026-01-17 18:05:00+00:00
[2026-01-17T18:05:34.004+0000] {processor.py:183} INFO - Processing /home/airflow/.local/lib/python3.8/site-packages/airflow/example_dags/example_branch_python_dop_operator_3.py took 0.209 seconds
[2026-01-17T18:06:04.324+0000] {processor.py:161} INFO - Started process (PID=170) to work on /home/airflow/.local/lib/python3.8/site-packages/airflow/example_dags/example_branch_python_dop_operator_3.py
[2026-01-17T18:06:04.326+0000] {processor.py:830} INFO - Processing file /home/airflow/.local/lib/python3.8/site-packages/airflow/example_dags/example_branch_python_dop_operator_3.py for tasks to queue
[2026-01-17T18:06:04.329+0000] {logging_mixin.py:188} INFO - [2026-01-17T18:06:04.328+0000] {dagbag.py:538} INFO - Filling up the DagBag from /home/airflow/.local/lib/python3.8/site-packages/airflow/example_dags/example_branch_python_dop_operator_3.py
[2026-01-17T18:06:04.340+0000] {processor.py:840} INFO - DAG(s) 'example_branch_dop_operator_v3' retrieved from /home/airflow/.local/lib/python3.8/site-packages/airflow/example_dags/example_branch_python_dop_operator_3.py
[2026-01-17T18:06:04.363+0000] {logging_mixin.py:188} INFO - [2026-01-17T18:06:04.363+0000] {dag.py:3036} INFO - Sync 1 DAGs
[2026-01-17T18:06:04.390+0000] {logging_mixin.py:188} INFO - [2026-01-17T18:06:04.389+0000] {dag.py:3823} INFO - Setting next_dagrun for example_branch_dop_operator_v3 to 2026-01-17 18:05:00+00:00, run_after=2026-01-17 18:06:00+00:00
[2026-01-17T18:06:04.410+0000] {processor.py:183} INFO - Processing /home/airflow/.local/lib/python3.8/site-packages/airflow/example_dags/example_branch_python_dop_operator_3.py took 0.091 seconds
[2026-01-17T18:06:35.036+0000] {processor.py:161} INFO - Started process (PID=225) to work on /home/airflow/.local/lib/python3.8/site-packages/airflow/example_dags/example_branch_python_dop_operator_3.py
[2026-01-17T18:06:35.037+0000] {processor.py:830} INFO - Processing file /home/airflow/.local/lib/python3.8/site-packages/airflow/example_dags/example_branch_python_dop_operator_3.py for tasks to queue
[2026-01-17T18:06:35.040+0000] {logging_mixin.py:188} INFO - [2026-01-17T18:06:35.039+0000] {dagbag.py:538} INFO - Filling up the DagBag from /home/airflow/.local/lib/python3.8/site-packages/airflow/example_dags/example_branch_python_dop_operator_3.py
[2026-01-17T18:06:35.051+0000] {processor.py:840} INFO - DAG(s) 'example_branch_dop_operator_v3' retrieved from /home/airflow/.local/lib/python3.8/site-packages/airflow/example_dags/example_branch_python_dop_operator_3.py
[2026-01-17T18:06:35.078+0000] {logging_mixin.py:188} INFO - [2026-01-17T18:06:35.077+0000] {dag.py:3036} INFO - Sync 1 DAGs
[2026-01-17T18:06:35.105+0000] {logging_mixin.py:188} INFO - [2026-01-17T18:06:35.105+0000] {dag.py:3823} INFO - Setting next_dagrun for example_branch_dop_operator_v3 to 2026-01-17 18:05:00+00:00, run_after=2026-01-17 18:06:00+00:00
[2026-01-17T18:06:35.129+0000] {processor.py:183} INFO - Processing /home/airflow/.local/lib/python3.8/site-packages/airflow/example_dags/example_branch_python_dop_operator_3.py took 0.098 seconds
[2026-01-17T18:07:05.224+0000] {processor.py:161} INFO - Started process (PID=280) to work on /home/airflow/.local/lib/python3.8/site-packages/airflow/example_dags/example_branch_python_dop_operator_3.py
[2026-01-17T18:07:05.226+0000] {processor.py:830} INFO - Processing file /home/airflow/.local/lib/python3.8/site-packages/airflow/example_dags/example_branch_python_dop_operator_3.py for tasks to queue
[2026-01-17T18:07:05.228+0000] {logging_mixin.py:188} INFO - [2026-01-17T18:07:05.228+0000] {dagbag.py:538} INFO - Filling up the DagBag from /home/airflow/.local/lib/python3.8/site-packages/airflow/example_dags/example_branch_python_dop_operator_3.py
[2026-01-17T18:07:05.240+0000] {processor.py:840} INFO - DAG(s) 'example_branch_dop_operator_v3' retrieved from /home/airflow/.local/lib/python3.8/site-packages/airflow/example_dags/example_branch_python_dop_operator_3.py
[2026-01-17T18:07:05.265+0000] {logging_mixin.py:188} INFO - [2026-01-17T18:07:05.265+0000] {dag.py:3036} INFO - Sync 1 DAGs
[2026-01-17T18:07:05.294+0000] {logging_mixin.py:188} INFO - [2026-01-17T18:07:05.294+0000] {dag.py:3823} INFO - Setting next_dagrun for example_branch_dop_operator_v3 to 2026-01-17 18:06:00+00:00, run_after=2026-01-17 18:07:00+00:00
[2026-01-17T18:07:05.316+0000] {processor.py:183} INFO - Processing /home/airflow/.local/lib/python3.8/site-packages/airflow/example_dags/example_branch_python_dop_operator_3.py took 0.097 seconds
[2026-01-17T18:07:35.744+0000] {processor.py:161} INFO - Started process (PID=335) to work on /home/airflow/.local/lib/python3.8/site-packages/airflow/example_dags/example_branch_python_dop_operator_3.py
[2026-01-17T18:07:35.745+0000] {processor.py:830} INFO - Processing file /home/airflow/.local/lib/python3.8/site-packages/airflow/example_dags/example_branch_python_dop_operator_3.py for tasks to queue
[2026-01-17T18:07:35.748+0000] {logging_mixin.py:188} INFO - [2026-01-17T18:07:35.748+0000] {dagbag.py:538} INFO - Filling up the DagBag from /home/airflow/.local/lib/python3.8/site-packages/airflow/example_dags/example_branch_python_dop_operator_3.py
[2026-01-17T18:07:35.759+0000] {processor.py:840} INFO - DAG(s) 'example_branch_dop_operator_v3' retrieved from /home/airflow/.local/lib/python3.8/site-packages/airflow/example_dags/example_branch_python_dop_operator_3.py
[2026-01-17T18:07:35.784+0000] {logging_mixin.py:188} INFO - [2026-01-17T18:07:35.783+0000] {dag.py:3036} INFO - Sync 1 DAGs
[2026-01-17T18:07:35.817+0000] {logging_mixin.py:188} INFO - [2026-01-17T18:07:35.817+0000] {dag.py:3823} INFO - Setting next_dagrun for example_branch_dop_operator_v3 to 2026-01-17 18:06:00+00:00, run_after=2026-01-17 18:07:00+00:00
[2026-01-17T18:07:35.847+0000] {processor.py:183} INFO - Processing /home/airflow/.local/lib/python3.8/site-packages/airflow/example_dags/example_branch_python_dop_operator_3.py took 0.108 seconds
[2026-01-17T18:08:06.359+0000] {processor.py:161} INFO - Started process (PID=390) to work on /home/airflow/.local/lib/python3.8/site-packages/airflow/example_dags/example_branch_python_dop_operator_3.py
[2026-01-17T18:08:06.360+0000] {processor.py:830} INFO - Processing file /home/airflow/.local/lib/python3.8/site-packages/airflow/example_dags/example_branch_python_dop_operator_3.py for tasks to queue
[2026-01-17T18:08:06.363+0000] {logging_mixin.py:188} INFO - [2026-01-17T18:08:06.363+0000] {dagbag.py:538} INFO - Filling up the DagBag from /home/airflow/.local/lib/python3.8/site-packages/airflow/example_dags/example_branch_python_dop_operator_3.py
[2026-01-17T18:08:06.380+0000] {processor.py:840} INFO - DAG(s) 'example_branch_dop_operator_v3' retrieved from /home/airflow/.local/lib/python3.8/site-packages/airflow/example_dags/example_branch_python_dop_operator_3.py
[2026-01-17T18:08:06.424+0000] {logging_mixin.py:188} INFO - [2026-01-17T18:08:06.424+0000] {dag.py:3036} INFO - Sync 1 DAGs
[2026-01-17T18:08:06.451+0000] {logging_mixin.py:188} INFO - [2026-01-17T18:08:06.451+0000] {dag.py:3823} INFO - Setting next_dagrun for example_branch_dop_operator_v3 to 2026-01-17 18:07:00+00:00, run_after=2026-01-17 18:08:00+00:00
[2026-01-17T18:08:06.475+0000] {processor.py:183} INFO - Processing /home/airflow/.local/lib/python3.8/site-packages/airflow/example_dags/example_branch_python_dop_operator_3.py took 0.121 seconds
[2026-01-17T18:08:37.007+0000] {processor.py:161} INFO - Started process (PID=445) to work on /home/airflow/.local/lib/python3.8/site-packages/airflow/example_dags/example_branch_python_dop_operator_3.py
[2026-01-17T18:08:37.008+0000] {processor.py:830} INFO - Processing file /home/airflow/.local/lib/python3.8/site-packages/airflow/example_dags/example_branch_python_dop_operator_3.py for tasks to queue
[2026-01-17T18:08:37.011+0000] {logging_mixin.py:188} INFO - [2026-01-17T18:08:37.010+0000] {dagbag.py:538} INFO - Filling up the DagBag from /home/airflow/.local/lib/python3.8/site-packages/airflow/example_dags/example_branch_python_dop_operator_3.py
[2026-01-17T18:08:37.023+0000] {processor.py:840} INFO - DAG(s) 'example_branch_dop_operator_v3' retrieved from /home/airflow/.local/lib/python3.8/site-packages/airflow/example_dags/example_branch_python_dop_operator_3.py
[2026-01-17T18:08:37.049+0000] {logging_mixin.py:188} INFO - [2026-01-17T18:08:37.048+0000] {dag.py:3036} INFO - Sync 1 DAGs
[2026-01-17T18:08:37.081+0000] {logging_mixin.py:188} INFO - [2026-01-17T18:08:37.081+0000] {dag.py:3823} INFO - Setting next_dagrun for example_branch_dop_operator_v3 to 2026-01-17 18:07:00+00:00, run_after=2026-01-17 18:08:00+00:00
[2026-01-17T18:08:37.111+0000] {processor.py:183} INFO - Processing /home/airflow/.local/lib/python3.8/site-packages/airflow/example_dags/example_branch_python_dop_operator_3.py took 0.110 seconds
