[2026-01-17T18:04:45.036+0000] {processor.py:161} INFO - Started process (PID=75) to work on /home/airflow/.local/lib/python3.8/site-packages/airflow/example_dags/example_setup_teardown.py
[2026-01-17T18:04:45.037+0000] {processor.py:830} INFO - Processing file /home/airflow/.local/lib/python3.8/site-packages/airflow/example_dags/example_setup_teardown.py for tasks to queue
[2026-01-17T18:04:45.040+0000] {logging_mixin.py:188} INFO - [2026-01-17T18:04:45.040+0000] {dagbag.py:538} INFO - Filling up the DagBag from /home/airflow/.local/lib/python3.8/site-packages/airflow/example_dags/example_setup_teardown.py
[2026-01-17T18:04:45.316+0000] {processor.py:840} INFO - DAG(s) 'example_setup_teardown' retrieved from /home/airflow/.local/lib/python3.8/site-packages/airflow/example_dags/example_setup_teardown.py
[2026-01-17T18:04:47.413+0000] {logging_mixin.py:188} INFO - [2026-01-17T18:04:47.413+0000] {dag.py:3036} INFO - Sync 1 DAGs
[2026-01-17T18:04:47.433+0000] {logging_mixin.py:188} INFO - [2026-01-17T18:04:47.433+0000] {dag.py:3823} INFO - Setting next_dagrun for example_setup_teardown to 2026-01-16 00:00:00+00:00, run_after=2026-01-17 00:00:00+00:00
[2026-01-17T18:04:47.456+0000] {processor.py:183} INFO - Processing /home/airflow/.local/lib/python3.8/site-packages/airflow/example_dags/example_setup_teardown.py took 2.425 seconds
[2026-01-17T18:05:42.519+0000] {processor.py:161} INFO - Started process (PID=137) to work on /home/airflow/.local/lib/python3.8/site-packages/airflow/example_dags/example_setup_teardown.py
[2026-01-17T18:05:42.520+0000] {processor.py:830} INFO - Processing file /home/airflow/.local/lib/python3.8/site-packages/airflow/example_dags/example_setup_teardown.py for tasks to queue
[2026-01-17T18:05:42.523+0000] {logging_mixin.py:188} INFO - [2026-01-17T18:05:42.522+0000] {dagbag.py:538} INFO - Filling up the DagBag from /home/airflow/.local/lib/python3.8/site-packages/airflow/example_dags/example_setup_teardown.py
[2026-01-17T18:05:42.532+0000] {processor.py:840} INFO - DAG(s) 'example_setup_teardown' retrieved from /home/airflow/.local/lib/python3.8/site-packages/airflow/example_dags/example_setup_teardown.py
[2026-01-17T18:05:42.556+0000] {logging_mixin.py:188} INFO - [2026-01-17T18:05:42.556+0000] {dag.py:3036} INFO - Sync 1 DAGs
[2026-01-17T18:05:42.583+0000] {logging_mixin.py:188} INFO - [2026-01-17T18:05:42.583+0000] {dag.py:3823} INFO - Setting next_dagrun for example_setup_teardown to 2026-01-16 00:00:00+00:00, run_after=2026-01-17 00:00:00+00:00
[2026-01-17T18:05:42.606+0000] {processor.py:183} INFO - Processing /home/airflow/.local/lib/python3.8/site-packages/airflow/example_dags/example_setup_teardown.py took 0.091 seconds
[2026-01-17T18:06:20.202+0000] {processor.py:161} INFO - Started process (PID=192) to work on /home/airflow/.local/lib/python3.8/site-packages/airflow/example_dags/example_setup_teardown.py
[2026-01-17T18:06:20.203+0000] {processor.py:830} INFO - Processing file /home/airflow/.local/lib/python3.8/site-packages/airflow/example_dags/example_setup_teardown.py for tasks to queue
[2026-01-17T18:06:20.206+0000] {logging_mixin.py:188} INFO - [2026-01-17T18:06:20.206+0000] {dagbag.py:538} INFO - Filling up the DagBag from /home/airflow/.local/lib/python3.8/site-packages/airflow/example_dags/example_setup_teardown.py
[2026-01-17T18:06:20.217+0000] {processor.py:840} INFO - DAG(s) 'example_setup_teardown' retrieved from /home/airflow/.local/lib/python3.8/site-packages/airflow/example_dags/example_setup_teardown.py
[2026-01-17T18:06:20.249+0000] {logging_mixin.py:188} INFO - [2026-01-17T18:06:20.248+0000] {dag.py:3036} INFO - Sync 1 DAGs
[2026-01-17T18:06:20.287+0000] {logging_mixin.py:188} INFO - [2026-01-17T18:06:20.287+0000] {dag.py:3823} INFO - Setting next_dagrun for example_setup_teardown to 2026-01-16 00:00:00+00:00, run_after=2026-01-17 00:00:00+00:00
[2026-01-17T18:06:20.390+0000] {processor.py:183} INFO - Processing /home/airflow/.local/lib/python3.8/site-packages/airflow/example_dags/example_setup_teardown.py took 0.195 seconds
[2026-01-17T18:06:51.381+0000] {processor.py:161} INFO - Started process (PID=247) to work on /home/airflow/.local/lib/python3.8/site-packages/airflow/example_dags/example_setup_teardown.py
[2026-01-17T18:06:51.383+0000] {processor.py:830} INFO - Processing file /home/airflow/.local/lib/python3.8/site-packages/airflow/example_dags/example_setup_teardown.py for tasks to queue
[2026-01-17T18:06:51.386+0000] {logging_mixin.py:188} INFO - [2026-01-17T18:06:51.386+0000] {dagbag.py:538} INFO - Filling up the DagBag from /home/airflow/.local/lib/python3.8/site-packages/airflow/example_dags/example_setup_teardown.py
[2026-01-17T18:06:51.395+0000] {processor.py:840} INFO - DAG(s) 'example_setup_teardown' retrieved from /home/airflow/.local/lib/python3.8/site-packages/airflow/example_dags/example_setup_teardown.py
[2026-01-17T18:06:51.417+0000] {logging_mixin.py:188} INFO - [2026-01-17T18:06:51.416+0000] {dag.py:3036} INFO - Sync 1 DAGs
[2026-01-17T18:06:51.437+0000] {logging_mixin.py:188} INFO - [2026-01-17T18:06:51.437+0000] {dag.py:3823} INFO - Setting next_dagrun for example_setup_teardown to 2026-01-16 00:00:00+00:00, run_after=2026-01-17 00:00:00+00:00
[2026-01-17T18:06:51.459+0000] {processor.py:183} INFO - Processing /home/airflow/.local/lib/python3.8/site-packages/airflow/example_dags/example_setup_teardown.py took 0.082 seconds
[2026-01-17T18:07:22.190+0000] {processor.py:161} INFO - Started process (PID=300) to work on /home/airflow/.local/lib/python3.8/site-packages/airflow/example_dags/example_setup_teardown.py
[2026-01-17T18:07:22.192+0000] {processor.py:830} INFO - Processing file /home/airflow/.local/lib/python3.8/site-packages/airflow/example_dags/example_setup_teardown.py for tasks to queue
[2026-01-17T18:07:22.194+0000] {logging_mixin.py:188} INFO - [2026-01-17T18:07:22.194+0000] {dagbag.py:538} INFO - Filling up the DagBag from /home/airflow/.local/lib/python3.8/site-packages/airflow/example_dags/example_setup_teardown.py
[2026-01-17T18:07:22.203+0000] {processor.py:840} INFO - DAG(s) 'example_setup_teardown' retrieved from /home/airflow/.local/lib/python3.8/site-packages/airflow/example_dags/example_setup_teardown.py
[2026-01-17T18:07:22.226+0000] {logging_mixin.py:188} INFO - [2026-01-17T18:07:22.226+0000] {dag.py:3036} INFO - Sync 1 DAGs
[2026-01-17T18:07:22.250+0000] {logging_mixin.py:188} INFO - [2026-01-17T18:07:22.250+0000] {dag.py:3823} INFO - Setting next_dagrun for example_setup_teardown to 2026-01-16 00:00:00+00:00, run_after=2026-01-17 00:00:00+00:00
[2026-01-17T18:07:22.280+0000] {processor.py:183} INFO - Processing /home/airflow/.local/lib/python3.8/site-packages/airflow/example_dags/example_setup_teardown.py took 0.094 seconds
[2026-01-17T18:07:52.454+0000] {processor.py:161} INFO - Started process (PID=355) to work on /home/airflow/.local/lib/python3.8/site-packages/airflow/example_dags/example_setup_teardown.py
[2026-01-17T18:07:52.455+0000] {processor.py:830} INFO - Processing file /home/airflow/.local/lib/python3.8/site-packages/airflow/example_dags/example_setup_teardown.py for tasks to queue
[2026-01-17T18:07:52.458+0000] {logging_mixin.py:188} INFO - [2026-01-17T18:07:52.457+0000] {dagbag.py:538} INFO - Filling up the DagBag from /home/airflow/.local/lib/python3.8/site-packages/airflow/example_dags/example_setup_teardown.py
[2026-01-17T18:07:52.465+0000] {processor.py:840} INFO - DAG(s) 'example_setup_teardown' retrieved from /home/airflow/.local/lib/python3.8/site-packages/airflow/example_dags/example_setup_teardown.py
[2026-01-17T18:07:52.488+0000] {logging_mixin.py:188} INFO - [2026-01-17T18:07:52.488+0000] {dag.py:3036} INFO - Sync 1 DAGs
[2026-01-17T18:07:52.511+0000] {logging_mixin.py:188} INFO - [2026-01-17T18:07:52.510+0000] {dag.py:3823} INFO - Setting next_dagrun for example_setup_teardown to 2026-01-16 00:00:00+00:00, run_after=2026-01-17 00:00:00+00:00
[2026-01-17T18:07:52.536+0000] {processor.py:183} INFO - Processing /home/airflow/.local/lib/python3.8/site-packages/airflow/example_dags/example_setup_teardown.py took 0.086 seconds
[2026-01-17T18:08:23.084+0000] {processor.py:161} INFO - Started process (PID=410) to work on /home/airflow/.local/lib/python3.8/site-packages/airflow/example_dags/example_setup_teardown.py
[2026-01-17T18:08:23.085+0000] {processor.py:830} INFO - Processing file /home/airflow/.local/lib/python3.8/site-packages/airflow/example_dags/example_setup_teardown.py for tasks to queue
[2026-01-17T18:08:23.087+0000] {logging_mixin.py:188} INFO - [2026-01-17T18:08:23.087+0000] {dagbag.py:538} INFO - Filling up the DagBag from /home/airflow/.local/lib/python3.8/site-packages/airflow/example_dags/example_setup_teardown.py
[2026-01-17T18:08:23.095+0000] {processor.py:840} INFO - DAG(s) 'example_setup_teardown' retrieved from /home/airflow/.local/lib/python3.8/site-packages/airflow/example_dags/example_setup_teardown.py
[2026-01-17T18:08:23.118+0000] {logging_mixin.py:188} INFO - [2026-01-17T18:08:23.118+0000] {dag.py:3036} INFO - Sync 1 DAGs
[2026-01-17T18:08:23.140+0000] {logging_mixin.py:188} INFO - [2026-01-17T18:08:23.139+0000] {dag.py:3823} INFO - Setting next_dagrun for example_setup_teardown to 2026-01-16 00:00:00+00:00, run_after=2026-01-17 00:00:00+00:00
[2026-01-17T18:08:23.164+0000] {processor.py:183} INFO - Processing /home/airflow/.local/lib/python3.8/site-packages/airflow/example_dags/example_setup_teardown.py took 0.085 seconds
