[2026-01-17T18:05:32.252+0000] {processor.py:161} INFO - Started process (PID=109) to work on /home/airflow/.local/lib/python3.8/site-packages/airflow/example_dags/example_dag_decorator.py
[2026-01-17T18:05:32.254+0000] {processor.py:830} INFO - Processing file /home/airflow/.local/lib/python3.8/site-packages/airflow/example_dags/example_dag_decorator.py for tasks to queue
[2026-01-17T18:05:32.256+0000] {logging_mixin.py:188} INFO - [2026-01-17T18:05:32.256+0000] {dagbag.py:538} INFO - Filling up the DagBag from /home/airflow/.local/lib/python3.8/site-packages/airflow/example_dags/example_dag_decorator.py
[2026-01-17T18:05:32.871+0000] {processor.py:840} INFO - DAG(s) 'example_dag_decorator' retrieved from /home/airflow/.local/lib/python3.8/site-packages/airflow/example_dags/example_dag_decorator.py
[2026-01-17T18:05:33.071+0000] {logging_mixin.py:188} INFO - [2026-01-17T18:05:33.070+0000] {dag.py:3036} INFO - Sync 1 DAGs
[2026-01-17T18:05:33.085+0000] {logging_mixin.py:188} INFO - [2026-01-17T18:05:33.085+0000] {dag.py:3823} INFO - Setting next_dagrun for example_dag_decorator to None, run_after=None
[2026-01-17T18:05:33.108+0000] {processor.py:183} INFO - Processing /home/airflow/.local/lib/python3.8/site-packages/airflow/example_dags/example_dag_decorator.py took 0.860 seconds
[2026-01-17T18:06:03.925+0000] {processor.py:161} INFO - Started process (PID=165) to work on /home/airflow/.local/lib/python3.8/site-packages/airflow/example_dags/example_dag_decorator.py
[2026-01-17T18:06:03.927+0000] {processor.py:830} INFO - Processing file /home/airflow/.local/lib/python3.8/site-packages/airflow/example_dags/example_dag_decorator.py for tasks to queue
[2026-01-17T18:06:03.930+0000] {logging_mixin.py:188} INFO - [2026-01-17T18:06:03.929+0000] {dagbag.py:538} INFO - Filling up the DagBag from /home/airflow/.local/lib/python3.8/site-packages/airflow/example_dags/example_dag_decorator.py
[2026-01-17T18:06:04.038+0000] {processor.py:840} INFO - DAG(s) 'example_dag_decorator' retrieved from /home/airflow/.local/lib/python3.8/site-packages/airflow/example_dags/example_dag_decorator.py
[2026-01-17T18:06:04.152+0000] {logging_mixin.py:188} INFO - [2026-01-17T18:06:04.152+0000] {dag.py:3036} INFO - Sync 1 DAGs
[2026-01-17T18:06:04.165+0000] {logging_mixin.py:188} INFO - [2026-01-17T18:06:04.164+0000] {dag.py:3823} INFO - Setting next_dagrun for example_dag_decorator to None, run_after=None
[2026-01-17T18:06:04.194+0000] {processor.py:183} INFO - Processing /home/airflow/.local/lib/python3.8/site-packages/airflow/example_dags/example_dag_decorator.py took 0.273 seconds
[2026-01-17T18:06:34.293+0000] {processor.py:161} INFO - Started process (PID=220) to work on /home/airflow/.local/lib/python3.8/site-packages/airflow/example_dags/example_dag_decorator.py
[2026-01-17T18:06:34.294+0000] {processor.py:830} INFO - Processing file /home/airflow/.local/lib/python3.8/site-packages/airflow/example_dags/example_dag_decorator.py for tasks to queue
[2026-01-17T18:06:34.297+0000] {logging_mixin.py:188} INFO - [2026-01-17T18:06:34.296+0000] {dagbag.py:538} INFO - Filling up the DagBag from /home/airflow/.local/lib/python3.8/site-packages/airflow/example_dags/example_dag_decorator.py
[2026-01-17T18:06:34.421+0000] {processor.py:840} INFO - DAG(s) 'example_dag_decorator' retrieved from /home/airflow/.local/lib/python3.8/site-packages/airflow/example_dags/example_dag_decorator.py
[2026-01-17T18:06:34.577+0000] {logging_mixin.py:188} INFO - [2026-01-17T18:06:34.577+0000] {dag.py:3036} INFO - Sync 1 DAGs
[2026-01-17T18:06:34.591+0000] {logging_mixin.py:188} INFO - [2026-01-17T18:06:34.591+0000] {dag.py:3823} INFO - Setting next_dagrun for example_dag_decorator to None, run_after=None
[2026-01-17T18:06:34.622+0000] {processor.py:183} INFO - Processing /home/airflow/.local/lib/python3.8/site-packages/airflow/example_dags/example_dag_decorator.py took 0.334 seconds
[2026-01-17T18:07:04.797+0000] {processor.py:161} INFO - Started process (PID=277) to work on /home/airflow/.local/lib/python3.8/site-packages/airflow/example_dags/example_dag_decorator.py
[2026-01-17T18:07:04.798+0000] {processor.py:830} INFO - Processing file /home/airflow/.local/lib/python3.8/site-packages/airflow/example_dags/example_dag_decorator.py for tasks to queue
[2026-01-17T18:07:04.801+0000] {logging_mixin.py:188} INFO - [2026-01-17T18:07:04.800+0000] {dagbag.py:538} INFO - Filling up the DagBag from /home/airflow/.local/lib/python3.8/site-packages/airflow/example_dags/example_dag_decorator.py
[2026-01-17T18:07:04.908+0000] {processor.py:840} INFO - DAG(s) 'example_dag_decorator' retrieved from /home/airflow/.local/lib/python3.8/site-packages/airflow/example_dags/example_dag_decorator.py
[2026-01-17T18:07:05.019+0000] {logging_mixin.py:188} INFO - [2026-01-17T18:07:05.018+0000] {dag.py:3036} INFO - Sync 1 DAGs
[2026-01-17T18:07:05.031+0000] {logging_mixin.py:188} INFO - [2026-01-17T18:07:05.030+0000] {dag.py:3823} INFO - Setting next_dagrun for example_dag_decorator to None, run_after=None
[2026-01-17T18:07:05.053+0000] {processor.py:183} INFO - Processing /home/airflow/.local/lib/python3.8/site-packages/airflow/example_dags/example_dag_decorator.py took 0.259 seconds
[2026-01-17T18:07:35.182+0000] {processor.py:161} INFO - Started process (PID=330) to work on /home/airflow/.local/lib/python3.8/site-packages/airflow/example_dags/example_dag_decorator.py
[2026-01-17T18:07:35.184+0000] {processor.py:830} INFO - Processing file /home/airflow/.local/lib/python3.8/site-packages/airflow/example_dags/example_dag_decorator.py for tasks to queue
[2026-01-17T18:07:35.188+0000] {logging_mixin.py:188} INFO - [2026-01-17T18:07:35.188+0000] {dagbag.py:538} INFO - Filling up the DagBag from /home/airflow/.local/lib/python3.8/site-packages/airflow/example_dags/example_dag_decorator.py
[2026-01-17T18:07:35.314+0000] {processor.py:840} INFO - DAG(s) 'example_dag_decorator' retrieved from /home/airflow/.local/lib/python3.8/site-packages/airflow/example_dags/example_dag_decorator.py
[2026-01-17T18:07:35.428+0000] {logging_mixin.py:188} INFO - [2026-01-17T18:07:35.427+0000] {dag.py:3036} INFO - Sync 1 DAGs
[2026-01-17T18:07:35.439+0000] {logging_mixin.py:188} INFO - [2026-01-17T18:07:35.439+0000] {dag.py:3823} INFO - Setting next_dagrun for example_dag_decorator to None, run_after=None
[2026-01-17T18:07:35.468+0000] {processor.py:183} INFO - Processing /home/airflow/.local/lib/python3.8/site-packages/airflow/example_dags/example_dag_decorator.py took 0.293 seconds
[2026-01-17T18:08:06.061+0000] {processor.py:161} INFO - Started process (PID=386) to work on /home/airflow/.local/lib/python3.8/site-packages/airflow/example_dags/example_dag_decorator.py
[2026-01-17T18:08:06.063+0000] {processor.py:830} INFO - Processing file /home/airflow/.local/lib/python3.8/site-packages/airflow/example_dags/example_dag_decorator.py for tasks to queue
[2026-01-17T18:08:06.066+0000] {logging_mixin.py:188} INFO - [2026-01-17T18:08:06.066+0000] {dagbag.py:538} INFO - Filling up the DagBag from /home/airflow/.local/lib/python3.8/site-packages/airflow/example_dags/example_dag_decorator.py
[2026-01-17T18:08:06.164+0000] {processor.py:840} INFO - DAG(s) 'example_dag_decorator' retrieved from /home/airflow/.local/lib/python3.8/site-packages/airflow/example_dags/example_dag_decorator.py
[2026-01-17T18:08:06.275+0000] {logging_mixin.py:188} INFO - [2026-01-17T18:08:06.275+0000] {dag.py:3036} INFO - Sync 1 DAGs
[2026-01-17T18:08:06.287+0000] {logging_mixin.py:188} INFO - [2026-01-17T18:08:06.287+0000] {dag.py:3823} INFO - Setting next_dagrun for example_dag_decorator to None, run_after=None
[2026-01-17T18:08:06.310+0000] {processor.py:183} INFO - Processing /home/airflow/.local/lib/python3.8/site-packages/airflow/example_dags/example_dag_decorator.py took 0.253 seconds
[2026-01-17T18:08:36.494+0000] {processor.py:161} INFO - Started process (PID=441) to work on /home/airflow/.local/lib/python3.8/site-packages/airflow/example_dags/example_dag_decorator.py
[2026-01-17T18:08:36.496+0000] {processor.py:830} INFO - Processing file /home/airflow/.local/lib/python3.8/site-packages/airflow/example_dags/example_dag_decorator.py for tasks to queue
[2026-01-17T18:08:36.499+0000] {logging_mixin.py:188} INFO - [2026-01-17T18:08:36.499+0000] {dagbag.py:538} INFO - Filling up the DagBag from /home/airflow/.local/lib/python3.8/site-packages/airflow/example_dags/example_dag_decorator.py
[2026-01-17T18:08:36.639+0000] {processor.py:840} INFO - DAG(s) 'example_dag_decorator' retrieved from /home/airflow/.local/lib/python3.8/site-packages/airflow/example_dags/example_dag_decorator.py
[2026-01-17T18:08:36.747+0000] {logging_mixin.py:188} INFO - [2026-01-17T18:08:36.746+0000] {dag.py:3036} INFO - Sync 1 DAGs
[2026-01-17T18:08:36.759+0000] {logging_mixin.py:188} INFO - [2026-01-17T18:08:36.759+0000] {dag.py:3823} INFO - Setting next_dagrun for example_dag_decorator to None, run_after=None
[2026-01-17T18:08:36.785+0000] {processor.py:183} INFO - Processing /home/airflow/.local/lib/python3.8/site-packages/airflow/example_dags/example_dag_decorator.py took 0.296 seconds
