[2026-01-17T18:04:41.630+0000] {processor.py:161} INFO - Started process (PID=73) to work on /home/airflow/.local/lib/python3.8/site-packages/airflow/example_dags/example_python_operator.py
[2026-01-17T18:04:42.610+0000] {processor.py:830} INFO - Processing file /home/airflow/.local/lib/python3.8/site-packages/airflow/example_dags/example_python_operator.py for tasks to queue
[2026-01-17T18:04:42.686+0000] {logging_mixin.py:188} INFO - [2026-01-17T18:04:42.685+0000] {dagbag.py:538} INFO - Filling up the DagBag from /home/airflow/.local/lib/python3.8/site-packages/airflow/example_dags/example_python_operator.py
[2026-01-17T18:04:43.743+0000] {processor.py:840} INFO - DAG(s) 'example_python_operator' retrieved from /home/airflow/.local/lib/python3.8/site-packages/airflow/example_dags/example_python_operator.py
[2026-01-17T18:04:44.464+0000] {logging_mixin.py:188} INFO - [2026-01-17T18:04:44.454+0000] {dag.py:3036} INFO - Sync 1 DAGs
[2026-01-17T18:04:44.616+0000] {logging_mixin.py:188} INFO - [2026-01-17T18:04:44.616+0000] {dag.py:3823} INFO - Setting next_dagrun for example_python_operator to None, run_after=None
[2026-01-17T18:04:44.932+0000] {processor.py:183} INFO - Processing /home/airflow/.local/lib/python3.8/site-packages/airflow/example_dags/example_python_operator.py took 3.382 seconds
[2026-01-17T18:05:42.374+0000] {processor.py:161} INFO - Started process (PID=135) to work on /home/airflow/.local/lib/python3.8/site-packages/airflow/example_dags/example_python_operator.py
[2026-01-17T18:05:42.375+0000] {processor.py:830} INFO - Processing file /home/airflow/.local/lib/python3.8/site-packages/airflow/example_dags/example_python_operator.py for tasks to queue
[2026-01-17T18:05:42.378+0000] {logging_mixin.py:188} INFO - [2026-01-17T18:05:42.378+0000] {dagbag.py:538} INFO - Filling up the DagBag from /home/airflow/.local/lib/python3.8/site-packages/airflow/example_dags/example_python_operator.py
[2026-01-17T18:05:42.392+0000] {processor.py:840} INFO - DAG(s) 'example_python_operator' retrieved from /home/airflow/.local/lib/python3.8/site-packages/airflow/example_dags/example_python_operator.py
[2026-01-17T18:05:42.425+0000] {logging_mixin.py:188} INFO - [2026-01-17T18:05:42.424+0000] {dag.py:3036} INFO - Sync 1 DAGs
[2026-01-17T18:05:42.442+0000] {logging_mixin.py:188} INFO - [2026-01-17T18:05:42.442+0000] {dag.py:3823} INFO - Setting next_dagrun for example_python_operator to None, run_after=None
[2026-01-17T18:05:42.479+0000] {processor.py:183} INFO - Processing /home/airflow/.local/lib/python3.8/site-packages/airflow/example_dags/example_python_operator.py took 0.111 seconds
[2026-01-17T18:06:20.005+0000] {processor.py:161} INFO - Started process (PID=190) to work on /home/airflow/.local/lib/python3.8/site-packages/airflow/example_dags/example_python_operator.py
[2026-01-17T18:06:20.007+0000] {processor.py:830} INFO - Processing file /home/airflow/.local/lib/python3.8/site-packages/airflow/example_dags/example_python_operator.py for tasks to queue
[2026-01-17T18:06:20.010+0000] {logging_mixin.py:188} INFO - [2026-01-17T18:06:20.010+0000] {dagbag.py:538} INFO - Filling up the DagBag from /home/airflow/.local/lib/python3.8/site-packages/airflow/example_dags/example_python_operator.py
[2026-01-17T18:06:20.037+0000] {processor.py:840} INFO - DAG(s) 'example_python_operator' retrieved from /home/airflow/.local/lib/python3.8/site-packages/airflow/example_dags/example_python_operator.py
[2026-01-17T18:06:20.105+0000] {logging_mixin.py:188} INFO - [2026-01-17T18:06:20.105+0000] {dag.py:3036} INFO - Sync 1 DAGs
[2026-01-17T18:06:20.121+0000] {logging_mixin.py:188} INFO - [2026-01-17T18:06:20.121+0000] {dag.py:3823} INFO - Setting next_dagrun for example_python_operator to None, run_after=None
[2026-01-17T18:06:20.151+0000] {processor.py:183} INFO - Processing /home/airflow/.local/lib/python3.8/site-packages/airflow/example_dags/example_python_operator.py took 0.162 seconds
[2026-01-17T18:06:51.112+0000] {processor.py:161} INFO - Started process (PID=245) to work on /home/airflow/.local/lib/python3.8/site-packages/airflow/example_dags/example_python_operator.py
[2026-01-17T18:06:51.113+0000] {processor.py:830} INFO - Processing file /home/airflow/.local/lib/python3.8/site-packages/airflow/example_dags/example_python_operator.py for tasks to queue
[2026-01-17T18:06:51.115+0000] {logging_mixin.py:188} INFO - [2026-01-17T18:06:51.115+0000] {dagbag.py:538} INFO - Filling up the DagBag from /home/airflow/.local/lib/python3.8/site-packages/airflow/example_dags/example_python_operator.py
[2026-01-17T18:06:51.127+0000] {processor.py:840} INFO - DAG(s) 'example_python_operator' retrieved from /home/airflow/.local/lib/python3.8/site-packages/airflow/example_dags/example_python_operator.py
[2026-01-17T18:06:51.153+0000] {logging_mixin.py:188} INFO - [2026-01-17T18:06:51.153+0000] {dag.py:3036} INFO - Sync 1 DAGs
[2026-01-17T18:06:51.167+0000] {logging_mixin.py:188} INFO - [2026-01-17T18:06:51.167+0000] {dag.py:3823} INFO - Setting next_dagrun for example_python_operator to None, run_after=None
[2026-01-17T18:06:51.193+0000] {processor.py:183} INFO - Processing /home/airflow/.local/lib/python3.8/site-packages/airflow/example_dags/example_python_operator.py took 0.085 seconds
[2026-01-17T18:07:21.942+0000] {processor.py:161} INFO - Started process (PID=298) to work on /home/airflow/.local/lib/python3.8/site-packages/airflow/example_dags/example_python_operator.py
[2026-01-17T18:07:21.943+0000] {processor.py:830} INFO - Processing file /home/airflow/.local/lib/python3.8/site-packages/airflow/example_dags/example_python_operator.py for tasks to queue
[2026-01-17T18:07:21.945+0000] {logging_mixin.py:188} INFO - [2026-01-17T18:07:21.945+0000] {dagbag.py:538} INFO - Filling up the DagBag from /home/airflow/.local/lib/python3.8/site-packages/airflow/example_dags/example_python_operator.py
[2026-01-17T18:07:21.958+0000] {processor.py:840} INFO - DAG(s) 'example_python_operator' retrieved from /home/airflow/.local/lib/python3.8/site-packages/airflow/example_dags/example_python_operator.py
[2026-01-17T18:07:21.983+0000] {logging_mixin.py:188} INFO - [2026-01-17T18:07:21.983+0000] {dag.py:3036} INFO - Sync 1 DAGs
[2026-01-17T18:07:21.995+0000] {logging_mixin.py:188} INFO - [2026-01-17T18:07:21.995+0000] {dag.py:3823} INFO - Setting next_dagrun for example_python_operator to None, run_after=None
[2026-01-17T18:07:22.020+0000] {processor.py:183} INFO - Processing /home/airflow/.local/lib/python3.8/site-packages/airflow/example_dags/example_python_operator.py took 0.082 seconds
[2026-01-17T18:07:52.216+0000] {processor.py:161} INFO - Started process (PID=353) to work on /home/airflow/.local/lib/python3.8/site-packages/airflow/example_dags/example_python_operator.py
[2026-01-17T18:07:52.217+0000] {processor.py:830} INFO - Processing file /home/airflow/.local/lib/python3.8/site-packages/airflow/example_dags/example_python_operator.py for tasks to queue
[2026-01-17T18:07:52.220+0000] {logging_mixin.py:188} INFO - [2026-01-17T18:07:52.219+0000] {dagbag.py:538} INFO - Filling up the DagBag from /home/airflow/.local/lib/python3.8/site-packages/airflow/example_dags/example_python_operator.py
[2026-01-17T18:07:52.232+0000] {processor.py:840} INFO - DAG(s) 'example_python_operator' retrieved from /home/airflow/.local/lib/python3.8/site-packages/airflow/example_dags/example_python_operator.py
[2026-01-17T18:07:52.257+0000] {logging_mixin.py:188} INFO - [2026-01-17T18:07:52.257+0000] {dag.py:3036} INFO - Sync 1 DAGs
[2026-01-17T18:07:52.270+0000] {logging_mixin.py:188} INFO - [2026-01-17T18:07:52.269+0000] {dag.py:3823} INFO - Setting next_dagrun for example_python_operator to None, run_after=None
[2026-01-17T18:07:52.292+0000] {processor.py:183} INFO - Processing /home/airflow/.local/lib/python3.8/site-packages/airflow/example_dags/example_python_operator.py took 0.080 seconds
[2026-01-17T18:08:22.847+0000] {processor.py:161} INFO - Started process (PID=408) to work on /home/airflow/.local/lib/python3.8/site-packages/airflow/example_dags/example_python_operator.py
[2026-01-17T18:08:22.849+0000] {processor.py:830} INFO - Processing file /home/airflow/.local/lib/python3.8/site-packages/airflow/example_dags/example_python_operator.py for tasks to queue
[2026-01-17T18:08:22.851+0000] {logging_mixin.py:188} INFO - [2026-01-17T18:08:22.851+0000] {dagbag.py:538} INFO - Filling up the DagBag from /home/airflow/.local/lib/python3.8/site-packages/airflow/example_dags/example_python_operator.py
[2026-01-17T18:08:22.863+0000] {processor.py:840} INFO - DAG(s) 'example_python_operator' retrieved from /home/airflow/.local/lib/python3.8/site-packages/airflow/example_dags/example_python_operator.py
[2026-01-17T18:08:22.887+0000] {logging_mixin.py:188} INFO - [2026-01-17T18:08:22.886+0000] {dag.py:3036} INFO - Sync 1 DAGs
[2026-01-17T18:08:22.899+0000] {logging_mixin.py:188} INFO - [2026-01-17T18:08:22.899+0000] {dag.py:3823} INFO - Setting next_dagrun for example_python_operator to None, run_after=None
[2026-01-17T18:08:22.921+0000] {processor.py:183} INFO - Processing /home/airflow/.local/lib/python3.8/site-packages/airflow/example_dags/example_python_operator.py took 0.077 seconds
