[2026-01-17T18:04:27.125+0000] {processor.py:161} INFO - Started process (PID=67) to work on /home/airflow/.local/lib/python3.8/site-packages/airflow/example_dags/example_subdag_operator.py
[2026-01-17T18:04:27.128+0000] {processor.py:830} INFO - Processing file /home/airflow/.local/lib/python3.8/site-packages/airflow/example_dags/example_subdag_operator.py for tasks to queue
[2026-01-17T18:04:27.254+0000] {logging_mixin.py:188} INFO - [2026-01-17T18:04:27.253+0000] {dagbag.py:538} INFO - Filling up the DagBag from /home/airflow/.local/lib/python3.8/site-packages/airflow/example_dags/example_subdag_operator.py
[2026-01-17T18:04:27.700+0000] {processor.py:840} INFO - DAG(s) 'example_subdag_operator.section-1', 'example_subdag_operator.section-2', 'example_subdag_operator' retrieved from /home/airflow/.local/lib/python3.8/site-packages/airflow/example_dags/example_subdag_operator.py
[2026-01-17T18:04:28.227+0000] {logging_mixin.py:188} INFO - [2026-01-17T18:04:28.219+0000] {dag.py:3036} INFO - Sync 3 DAGs
[2026-01-17T18:04:28.621+0000] {logging_mixin.py:188} INFO - [2026-01-17T18:04:28.620+0000] {dag.py:3823} INFO - Setting next_dagrun for example_subdag_operator to 2022-01-01 00:00:00+00:00, run_after=2022-01-01 00:00:00+00:00
[2026-01-17T18:04:28.782+0000] {logging_mixin.py:188} INFO - [2026-01-17T18:04:28.782+0000] {dag.py:3823} INFO - Setting next_dagrun for example_subdag_operator.section-1 to None, run_after=None
[2026-01-17T18:04:28.791+0000] {logging_mixin.py:188} INFO - [2026-01-17T18:04:28.790+0000] {dag.py:3823} INFO - Setting next_dagrun for example_subdag_operator.section-2 to None, run_after=None
[2026-01-17T18:04:29.066+0000] {logging_mixin.py:188} INFO - [2026-01-17T18:04:29.065+0000] {dag.py:3036} INFO - Sync 2 DAGs
[2026-01-17T18:04:29.139+0000] {logging_mixin.py:188} INFO - [2026-01-17T18:04:29.139+0000] {dag.py:3823} INFO - Setting next_dagrun for example_subdag_operator.section-1 to None, run_after=None
[2026-01-17T18:04:29.198+0000] {logging_mixin.py:188} INFO - [2026-01-17T18:04:29.197+0000] {dag.py:3823} INFO - Setting next_dagrun for example_subdag_operator.section-2 to None, run_after=None
[2026-01-17T18:04:29.349+0000] {processor.py:183} INFO - Processing /home/airflow/.local/lib/python3.8/site-packages/airflow/example_dags/example_subdag_operator.py took 2.242 seconds
[2026-01-17T18:05:41.768+0000] {processor.py:161} INFO - Started process (PID=129) to work on /home/airflow/.local/lib/python3.8/site-packages/airflow/example_dags/example_subdag_operator.py
[2026-01-17T18:05:41.771+0000] {processor.py:830} INFO - Processing file /home/airflow/.local/lib/python3.8/site-packages/airflow/example_dags/example_subdag_operator.py for tasks to queue
[2026-01-17T18:05:41.774+0000] {logging_mixin.py:188} INFO - [2026-01-17T18:05:41.774+0000] {dagbag.py:538} INFO - Filling up the DagBag from /home/airflow/.local/lib/python3.8/site-packages/airflow/example_dags/example_subdag_operator.py
[2026-01-17T18:05:41.807+0000] {processor.py:840} INFO - DAG(s) 'example_subdag_operator.section-1', 'example_subdag_operator.section-2', 'example_subdag_operator' retrieved from /home/airflow/.local/lib/python3.8/site-packages/airflow/example_dags/example_subdag_operator.py
[2026-01-17T18:05:41.824+0000] {logging_mixin.py:188} INFO - [2026-01-17T18:05:41.824+0000] {dag.py:3036} INFO - Sync 3 DAGs
[2026-01-17T18:05:41.848+0000] {logging_mixin.py:188} INFO - [2026-01-17T18:05:41.847+0000] {dag.py:3823} INFO - Setting next_dagrun for example_subdag_operator to 2022-01-01 00:00:00+00:00, run_after=2022-01-01 00:00:00+00:00
[2026-01-17T18:05:41.852+0000] {logging_mixin.py:188} INFO - [2026-01-17T18:05:41.852+0000] {dag.py:3823} INFO - Setting next_dagrun for example_subdag_operator.section-1 to None, run_after=None
[2026-01-17T18:05:41.854+0000] {logging_mixin.py:188} INFO - [2026-01-17T18:05:41.854+0000] {dag.py:3823} INFO - Setting next_dagrun for example_subdag_operator.section-2 to None, run_after=None
[2026-01-17T18:05:41.863+0000] {logging_mixin.py:188} INFO - [2026-01-17T18:05:41.863+0000] {dag.py:3036} INFO - Sync 2 DAGs
[2026-01-17T18:05:41.869+0000] {logging_mixin.py:188} INFO - [2026-01-17T18:05:41.869+0000] {dag.py:3823} INFO - Setting next_dagrun for example_subdag_operator.section-1 to None, run_after=None
[2026-01-17T18:05:41.870+0000] {logging_mixin.py:188} INFO - [2026-01-17T18:05:41.870+0000] {dag.py:3823} INFO - Setting next_dagrun for example_subdag_operator.section-2 to None, run_after=None
[2026-01-17T18:05:41.885+0000] {processor.py:183} INFO - Processing /home/airflow/.local/lib/python3.8/site-packages/airflow/example_dags/example_subdag_operator.py took 0.122 seconds
[2026-01-17T18:06:19.195+0000] {processor.py:161} INFO - Started process (PID=184) to work on /home/airflow/.local/lib/python3.8/site-packages/airflow/example_dags/example_subdag_operator.py
[2026-01-17T18:06:19.196+0000] {processor.py:830} INFO - Processing file /home/airflow/.local/lib/python3.8/site-packages/airflow/example_dags/example_subdag_operator.py for tasks to queue
[2026-01-17T18:06:19.200+0000] {logging_mixin.py:188} INFO - [2026-01-17T18:06:19.199+0000] {dagbag.py:538} INFO - Filling up the DagBag from /home/airflow/.local/lib/python3.8/site-packages/airflow/example_dags/example_subdag_operator.py
[2026-01-17T18:06:19.239+0000] {processor.py:840} INFO - DAG(s) 'example_subdag_operator.section-1', 'example_subdag_operator.section-2', 'example_subdag_operator' retrieved from /home/airflow/.local/lib/python3.8/site-packages/airflow/example_dags/example_subdag_operator.py
[2026-01-17T18:06:19.259+0000] {logging_mixin.py:188} INFO - [2026-01-17T18:06:19.259+0000] {dag.py:3036} INFO - Sync 3 DAGs
[2026-01-17T18:06:19.321+0000] {logging_mixin.py:188} INFO - [2026-01-17T18:06:19.320+0000] {dag.py:3823} INFO - Setting next_dagrun for example_subdag_operator to 2022-01-01 00:00:00+00:00, run_after=2022-01-01 00:00:00+00:00
[2026-01-17T18:06:19.347+0000] {logging_mixin.py:188} INFO - [2026-01-17T18:06:19.346+0000] {dag.py:3823} INFO - Setting next_dagrun for example_subdag_operator.section-1 to None, run_after=None
[2026-01-17T18:06:19.351+0000] {logging_mixin.py:188} INFO - [2026-01-17T18:06:19.350+0000] {dag.py:3823} INFO - Setting next_dagrun for example_subdag_operator.section-2 to None, run_after=None
[2026-01-17T18:06:19.361+0000] {logging_mixin.py:188} INFO - [2026-01-17T18:06:19.361+0000] {dag.py:3036} INFO - Sync 2 DAGs
[2026-01-17T18:06:19.367+0000] {logging_mixin.py:188} INFO - [2026-01-17T18:06:19.367+0000] {dag.py:3823} INFO - Setting next_dagrun for example_subdag_operator.section-1 to None, run_after=None
[2026-01-17T18:06:19.368+0000] {logging_mixin.py:188} INFO - [2026-01-17T18:06:19.367+0000] {dag.py:3823} INFO - Setting next_dagrun for example_subdag_operator.section-2 to None, run_after=None
[2026-01-17T18:06:19.386+0000] {processor.py:183} INFO - Processing /home/airflow/.local/lib/python3.8/site-packages/airflow/example_dags/example_subdag_operator.py took 0.197 seconds
[2026-01-17T18:06:50.030+0000] {processor.py:161} INFO - Started process (PID=237) to work on /home/airflow/.local/lib/python3.8/site-packages/airflow/example_dags/example_subdag_operator.py
[2026-01-17T18:06:50.031+0000] {processor.py:830} INFO - Processing file /home/airflow/.local/lib/python3.8/site-packages/airflow/example_dags/example_subdag_operator.py for tasks to queue
[2026-01-17T18:06:50.033+0000] {logging_mixin.py:188} INFO - [2026-01-17T18:06:50.033+0000] {dagbag.py:538} INFO - Filling up the DagBag from /home/airflow/.local/lib/python3.8/site-packages/airflow/example_dags/example_subdag_operator.py
[2026-01-17T18:06:50.060+0000] {processor.py:840} INFO - DAG(s) 'example_subdag_operator.section-1', 'example_subdag_operator.section-2', 'example_subdag_operator' retrieved from /home/airflow/.local/lib/python3.8/site-packages/airflow/example_dags/example_subdag_operator.py
[2026-01-17T18:06:50.076+0000] {logging_mixin.py:188} INFO - [2026-01-17T18:06:50.076+0000] {dag.py:3036} INFO - Sync 3 DAGs
[2026-01-17T18:06:50.101+0000] {logging_mixin.py:188} INFO - [2026-01-17T18:06:50.100+0000] {dag.py:3823} INFO - Setting next_dagrun for example_subdag_operator to 2022-01-01 00:00:00+00:00, run_after=2022-01-01 00:00:00+00:00
[2026-01-17T18:06:50.105+0000] {logging_mixin.py:188} INFO - [2026-01-17T18:06:50.105+0000] {dag.py:3823} INFO - Setting next_dagrun for example_subdag_operator.section-1 to None, run_after=None
[2026-01-17T18:06:50.107+0000] {logging_mixin.py:188} INFO - [2026-01-17T18:06:50.107+0000] {dag.py:3823} INFO - Setting next_dagrun for example_subdag_operator.section-2 to None, run_after=None
[2026-01-17T18:06:50.115+0000] {logging_mixin.py:188} INFO - [2026-01-17T18:06:50.114+0000] {dag.py:3036} INFO - Sync 2 DAGs
[2026-01-17T18:06:50.121+0000] {logging_mixin.py:188} INFO - [2026-01-17T18:06:50.120+0000] {dag.py:3823} INFO - Setting next_dagrun for example_subdag_operator.section-1 to None, run_after=None
[2026-01-17T18:06:50.121+0000] {logging_mixin.py:188} INFO - [2026-01-17T18:06:50.121+0000] {dag.py:3823} INFO - Setting next_dagrun for example_subdag_operator.section-2 to None, run_after=None
[2026-01-17T18:06:50.136+0000] {processor.py:183} INFO - Processing /home/airflow/.local/lib/python3.8/site-packages/airflow/example_dags/example_subdag_operator.py took 0.110 seconds
[2026-01-17T18:07:20.482+0000] {processor.py:161} INFO - Started process (PID=292) to work on /home/airflow/.local/lib/python3.8/site-packages/airflow/example_dags/example_subdag_operator.py
[2026-01-17T18:07:20.483+0000] {processor.py:830} INFO - Processing file /home/airflow/.local/lib/python3.8/site-packages/airflow/example_dags/example_subdag_operator.py for tasks to queue
[2026-01-17T18:07:20.486+0000] {logging_mixin.py:188} INFO - [2026-01-17T18:07:20.485+0000] {dagbag.py:538} INFO - Filling up the DagBag from /home/airflow/.local/lib/python3.8/site-packages/airflow/example_dags/example_subdag_operator.py
[2026-01-17T18:07:20.514+0000] {processor.py:840} INFO - DAG(s) 'example_subdag_operator.section-1', 'example_subdag_operator.section-2', 'example_subdag_operator' retrieved from /home/airflow/.local/lib/python3.8/site-packages/airflow/example_dags/example_subdag_operator.py
[2026-01-17T18:07:20.534+0000] {logging_mixin.py:188} INFO - [2026-01-17T18:07:20.534+0000] {dag.py:3036} INFO - Sync 3 DAGs
[2026-01-17T18:07:20.557+0000] {logging_mixin.py:188} INFO - [2026-01-17T18:07:20.557+0000] {dag.py:3823} INFO - Setting next_dagrun for example_subdag_operator to 2022-01-01 00:00:00+00:00, run_after=2022-01-01 00:00:00+00:00
[2026-01-17T18:07:20.561+0000] {logging_mixin.py:188} INFO - [2026-01-17T18:07:20.561+0000] {dag.py:3823} INFO - Setting next_dagrun for example_subdag_operator.section-1 to None, run_after=None
[2026-01-17T18:07:20.563+0000] {logging_mixin.py:188} INFO - [2026-01-17T18:07:20.563+0000] {dag.py:3823} INFO - Setting next_dagrun for example_subdag_operator.section-2 to None, run_after=None
[2026-01-17T18:07:20.571+0000] {logging_mixin.py:188} INFO - [2026-01-17T18:07:20.571+0000] {dag.py:3036} INFO - Sync 2 DAGs
[2026-01-17T18:07:20.577+0000] {logging_mixin.py:188} INFO - [2026-01-17T18:07:20.577+0000] {dag.py:3823} INFO - Setting next_dagrun for example_subdag_operator.section-1 to None, run_after=None
[2026-01-17T18:07:20.578+0000] {logging_mixin.py:188} INFO - [2026-01-17T18:07:20.578+0000] {dag.py:3823} INFO - Setting next_dagrun for example_subdag_operator.section-2 to None, run_after=None
[2026-01-17T18:07:20.599+0000] {processor.py:183} INFO - Processing /home/airflow/.local/lib/python3.8/site-packages/airflow/example_dags/example_subdag_operator.py took 0.121 seconds
[2026-01-17T18:07:50.719+0000] {processor.py:161} INFO - Started process (PID=347) to work on /home/airflow/.local/lib/python3.8/site-packages/airflow/example_dags/example_subdag_operator.py
[2026-01-17T18:07:50.720+0000] {processor.py:830} INFO - Processing file /home/airflow/.local/lib/python3.8/site-packages/airflow/example_dags/example_subdag_operator.py for tasks to queue
[2026-01-17T18:07:50.724+0000] {logging_mixin.py:188} INFO - [2026-01-17T18:07:50.723+0000] {dagbag.py:538} INFO - Filling up the DagBag from /home/airflow/.local/lib/python3.8/site-packages/airflow/example_dags/example_subdag_operator.py
[2026-01-17T18:07:50.758+0000] {processor.py:840} INFO - DAG(s) 'example_subdag_operator.section-1', 'example_subdag_operator.section-2', 'example_subdag_operator' retrieved from /home/airflow/.local/lib/python3.8/site-packages/airflow/example_dags/example_subdag_operator.py
[2026-01-17T18:07:50.775+0000] {logging_mixin.py:188} INFO - [2026-01-17T18:07:50.775+0000] {dag.py:3036} INFO - Sync 3 DAGs
[2026-01-17T18:07:50.803+0000] {logging_mixin.py:188} INFO - [2026-01-17T18:07:50.803+0000] {dag.py:3823} INFO - Setting next_dagrun for example_subdag_operator to 2022-01-01 00:00:00+00:00, run_after=2022-01-01 00:00:00+00:00
[2026-01-17T18:07:50.808+0000] {logging_mixin.py:188} INFO - [2026-01-17T18:07:50.808+0000] {dag.py:3823} INFO - Setting next_dagrun for example_subdag_operator.section-1 to None, run_after=None
[2026-01-17T18:07:50.811+0000] {logging_mixin.py:188} INFO - [2026-01-17T18:07:50.810+0000] {dag.py:3823} INFO - Setting next_dagrun for example_subdag_operator.section-2 to None, run_after=None
[2026-01-17T18:07:50.829+0000] {logging_mixin.py:188} INFO - [2026-01-17T18:07:50.828+0000] {dag.py:3036} INFO - Sync 2 DAGs
[2026-01-17T18:07:50.839+0000] {logging_mixin.py:188} INFO - [2026-01-17T18:07:50.839+0000] {dag.py:3823} INFO - Setting next_dagrun for example_subdag_operator.section-1 to None, run_after=None
[2026-01-17T18:07:50.840+0000] {logging_mixin.py:188} INFO - [2026-01-17T18:07:50.840+0000] {dag.py:3823} INFO - Setting next_dagrun for example_subdag_operator.section-2 to None, run_after=None
[2026-01-17T18:07:50.854+0000] {processor.py:183} INFO - Processing /home/airflow/.local/lib/python3.8/site-packages/airflow/example_dags/example_subdag_operator.py took 0.139 seconds
[2026-01-17T18:08:21.139+0000] {processor.py:161} INFO - Started process (PID=402) to work on /home/airflow/.local/lib/python3.8/site-packages/airflow/example_dags/example_subdag_operator.py
[2026-01-17T18:08:21.141+0000] {processor.py:830} INFO - Processing file /home/airflow/.local/lib/python3.8/site-packages/airflow/example_dags/example_subdag_operator.py for tasks to queue
[2026-01-17T18:08:21.144+0000] {logging_mixin.py:188} INFO - [2026-01-17T18:08:21.143+0000] {dagbag.py:538} INFO - Filling up the DagBag from /home/airflow/.local/lib/python3.8/site-packages/airflow/example_dags/example_subdag_operator.py
[2026-01-17T18:08:21.177+0000] {processor.py:840} INFO - DAG(s) 'example_subdag_operator.section-1', 'example_subdag_operator.section-2', 'example_subdag_operator' retrieved from /home/airflow/.local/lib/python3.8/site-packages/airflow/example_dags/example_subdag_operator.py
[2026-01-17T18:08:21.199+0000] {logging_mixin.py:188} INFO - [2026-01-17T18:08:21.198+0000] {dag.py:3036} INFO - Sync 3 DAGs
[2026-01-17T18:08:21.246+0000] {logging_mixin.py:188} INFO - [2026-01-17T18:08:21.245+0000] {dag.py:3823} INFO - Setting next_dagrun for example_subdag_operator to 2022-01-01 00:00:00+00:00, run_after=2022-01-01 00:00:00+00:00
[2026-01-17T18:08:21.275+0000] {logging_mixin.py:188} INFO - [2026-01-17T18:08:21.275+0000] {dag.py:3823} INFO - Setting next_dagrun for example_subdag_operator.section-1 to None, run_after=None
[2026-01-17T18:08:21.286+0000] {logging_mixin.py:188} INFO - [2026-01-17T18:08:21.285+0000] {dag.py:3823} INFO - Setting next_dagrun for example_subdag_operator.section-2 to None, run_after=None
[2026-01-17T18:08:21.311+0000] {logging_mixin.py:188} INFO - [2026-01-17T18:08:21.311+0000] {dag.py:3036} INFO - Sync 2 DAGs
[2026-01-17T18:08:21.318+0000] {logging_mixin.py:188} INFO - [2026-01-17T18:08:21.317+0000] {dag.py:3823} INFO - Setting next_dagrun for example_subdag_operator.section-1 to None, run_after=None
[2026-01-17T18:08:21.318+0000] {logging_mixin.py:188} INFO - [2026-01-17T18:08:21.318+0000] {dag.py:3823} INFO - Setting next_dagrun for example_subdag_operator.section-2 to None, run_after=None
[2026-01-17T18:08:21.338+0000] {processor.py:183} INFO - Processing /home/airflow/.local/lib/python3.8/site-packages/airflow/example_dags/example_subdag_operator.py took 0.205 seconds
