[2026-01-17T18:04:53.678+0000] {processor.py:161} INFO - Started process (PID=80) to work on /home/airflow/.local/lib/python3.8/site-packages/airflow/example_dags/example_short_circuit_operator.py
[2026-01-17T18:04:53.680+0000] {processor.py:830} INFO - Processing file /home/airflow/.local/lib/python3.8/site-packages/airflow/example_dags/example_short_circuit_operator.py for tasks to queue
[2026-01-17T18:04:53.682+0000] {logging_mixin.py:188} INFO - [2026-01-17T18:04:53.682+0000] {dagbag.py:538} INFO - Filling up the DagBag from /home/airflow/.local/lib/python3.8/site-packages/airflow/example_dags/example_short_circuit_operator.py
[2026-01-17T18:04:53.886+0000] {processor.py:840} INFO - DAG(s) 'example_short_circuit_operator' retrieved from /home/airflow/.local/lib/python3.8/site-packages/airflow/example_dags/example_short_circuit_operator.py
[2026-01-17T18:04:55.826+0000] {logging_mixin.py:188} INFO - [2026-01-17T18:04:55.825+0000] {dag.py:3036} INFO - Sync 1 DAGs
[2026-01-17T18:04:56.205+0000] {logging_mixin.py:188} INFO - [2026-01-17T18:04:56.205+0000] {dag.py:3823} INFO - Setting next_dagrun for example_short_circuit_operator to 2026-01-16 00:00:00+00:00, run_after=2026-01-17 00:00:00+00:00
[2026-01-17T18:04:56.736+0000] {processor.py:183} INFO - Processing /home/airflow/.local/lib/python3.8/site-packages/airflow/example_dags/example_short_circuit_operator.py took 3.061 seconds
[2026-01-17T18:05:42.847+0000] {processor.py:161} INFO - Started process (PID=142) to work on /home/airflow/.local/lib/python3.8/site-packages/airflow/example_dags/example_short_circuit_operator.py
[2026-01-17T18:05:42.848+0000] {processor.py:830} INFO - Processing file /home/airflow/.local/lib/python3.8/site-packages/airflow/example_dags/example_short_circuit_operator.py for tasks to queue
[2026-01-17T18:05:42.851+0000] {logging_mixin.py:188} INFO - [2026-01-17T18:05:42.850+0000] {dagbag.py:538} INFO - Filling up the DagBag from /home/airflow/.local/lib/python3.8/site-packages/airflow/example_dags/example_short_circuit_operator.py
[2026-01-17T18:05:42.860+0000] {processor.py:840} INFO - DAG(s) 'example_short_circuit_operator' retrieved from /home/airflow/.local/lib/python3.8/site-packages/airflow/example_dags/example_short_circuit_operator.py
[2026-01-17T18:05:42.889+0000] {logging_mixin.py:188} INFO - [2026-01-17T18:05:42.888+0000] {dag.py:3036} INFO - Sync 1 DAGs
[2026-01-17T18:05:42.914+0000] {logging_mixin.py:188} INFO - [2026-01-17T18:05:42.914+0000] {dag.py:3823} INFO - Setting next_dagrun for example_short_circuit_operator to 2026-01-16 00:00:00+00:00, run_after=2026-01-17 00:00:00+00:00
[2026-01-17T18:05:42.939+0000] {processor.py:183} INFO - Processing /home/airflow/.local/lib/python3.8/site-packages/airflow/example_dags/example_short_circuit_operator.py took 0.096 seconds
[2026-01-17T18:06:21.335+0000] {processor.py:161} INFO - Started process (PID=197) to work on /home/airflow/.local/lib/python3.8/site-packages/airflow/example_dags/example_short_circuit_operator.py
[2026-01-17T18:06:21.338+0000] {processor.py:830} INFO - Processing file /home/airflow/.local/lib/python3.8/site-packages/airflow/example_dags/example_short_circuit_operator.py for tasks to queue
[2026-01-17T18:06:21.348+0000] {logging_mixin.py:188} INFO - [2026-01-17T18:06:21.347+0000] {dagbag.py:538} INFO - Filling up the DagBag from /home/airflow/.local/lib/python3.8/site-packages/airflow/example_dags/example_short_circuit_operator.py
[2026-01-17T18:06:21.361+0000] {processor.py:840} INFO - DAG(s) 'example_short_circuit_operator' retrieved from /home/airflow/.local/lib/python3.8/site-packages/airflow/example_dags/example_short_circuit_operator.py
[2026-01-17T18:06:21.444+0000] {logging_mixin.py:188} INFO - [2026-01-17T18:06:21.444+0000] {dag.py:3036} INFO - Sync 1 DAGs
[2026-01-17T18:06:21.672+0000] {logging_mixin.py:188} INFO - [2026-01-17T18:06:21.672+0000] {dag.py:3823} INFO - Setting next_dagrun for example_short_circuit_operator to 2026-01-16 00:00:00+00:00, run_after=2026-01-17 00:00:00+00:00
[2026-01-17T18:06:21.713+0000] {processor.py:183} INFO - Processing /home/airflow/.local/lib/python3.8/site-packages/airflow/example_dags/example_short_circuit_operator.py took 0.392 seconds
[2026-01-17T18:06:51.784+0000] {processor.py:161} INFO - Started process (PID=252) to work on /home/airflow/.local/lib/python3.8/site-packages/airflow/example_dags/example_short_circuit_operator.py
[2026-01-17T18:06:51.785+0000] {processor.py:830} INFO - Processing file /home/airflow/.local/lib/python3.8/site-packages/airflow/example_dags/example_short_circuit_operator.py for tasks to queue
[2026-01-17T18:06:51.788+0000] {logging_mixin.py:188} INFO - [2026-01-17T18:06:51.787+0000] {dagbag.py:538} INFO - Filling up the DagBag from /home/airflow/.local/lib/python3.8/site-packages/airflow/example_dags/example_short_circuit_operator.py
[2026-01-17T18:06:51.796+0000] {processor.py:840} INFO - DAG(s) 'example_short_circuit_operator' retrieved from /home/airflow/.local/lib/python3.8/site-packages/airflow/example_dags/example_short_circuit_operator.py
[2026-01-17T18:06:51.823+0000] {logging_mixin.py:188} INFO - [2026-01-17T18:06:51.822+0000] {dag.py:3036} INFO - Sync 1 DAGs
[2026-01-17T18:06:51.845+0000] {logging_mixin.py:188} INFO - [2026-01-17T18:06:51.845+0000] {dag.py:3823} INFO - Setting next_dagrun for example_short_circuit_operator to 2026-01-16 00:00:00+00:00, run_after=2026-01-17 00:00:00+00:00
[2026-01-17T18:06:51.949+0000] {processor.py:183} INFO - Processing /home/airflow/.local/lib/python3.8/site-packages/airflow/example_dags/example_short_circuit_operator.py took 0.169 seconds
[2026-01-17T18:07:22.702+0000] {processor.py:161} INFO - Started process (PID=307) to work on /home/airflow/.local/lib/python3.8/site-packages/airflow/example_dags/example_short_circuit_operator.py
[2026-01-17T18:07:22.703+0000] {processor.py:830} INFO - Processing file /home/airflow/.local/lib/python3.8/site-packages/airflow/example_dags/example_short_circuit_operator.py for tasks to queue
[2026-01-17T18:07:22.706+0000] {logging_mixin.py:188} INFO - [2026-01-17T18:07:22.706+0000] {dagbag.py:538} INFO - Filling up the DagBag from /home/airflow/.local/lib/python3.8/site-packages/airflow/example_dags/example_short_circuit_operator.py
[2026-01-17T18:07:22.715+0000] {processor.py:840} INFO - DAG(s) 'example_short_circuit_operator' retrieved from /home/airflow/.local/lib/python3.8/site-packages/airflow/example_dags/example_short_circuit_operator.py
[2026-01-17T18:07:22.742+0000] {logging_mixin.py:188} INFO - [2026-01-17T18:07:22.742+0000] {dag.py:3036} INFO - Sync 1 DAGs
[2026-01-17T18:07:23.041+0000] {logging_mixin.py:188} INFO - [2026-01-17T18:07:23.041+0000] {dag.py:3823} INFO - Setting next_dagrun for example_short_circuit_operator to 2026-01-16 00:00:00+00:00, run_after=2026-01-17 00:00:00+00:00
[2026-01-17T18:07:23.063+0000] {processor.py:183} INFO - Processing /home/airflow/.local/lib/python3.8/site-packages/airflow/example_dags/example_short_circuit_operator.py took 0.365 seconds
[2026-01-17T18:07:53.732+0000] {processor.py:161} INFO - Started process (PID=360) to work on /home/airflow/.local/lib/python3.8/site-packages/airflow/example_dags/example_short_circuit_operator.py
[2026-01-17T18:07:53.734+0000] {processor.py:830} INFO - Processing file /home/airflow/.local/lib/python3.8/site-packages/airflow/example_dags/example_short_circuit_operator.py for tasks to queue
[2026-01-17T18:07:53.736+0000] {logging_mixin.py:188} INFO - [2026-01-17T18:07:53.736+0000] {dagbag.py:538} INFO - Filling up the DagBag from /home/airflow/.local/lib/python3.8/site-packages/airflow/example_dags/example_short_circuit_operator.py
[2026-01-17T18:07:53.745+0000] {processor.py:840} INFO - DAG(s) 'example_short_circuit_operator' retrieved from /home/airflow/.local/lib/python3.8/site-packages/airflow/example_dags/example_short_circuit_operator.py
[2026-01-17T18:07:53.773+0000] {logging_mixin.py:188} INFO - [2026-01-17T18:07:53.773+0000] {dag.py:3036} INFO - Sync 1 DAGs
[2026-01-17T18:07:53.795+0000] {logging_mixin.py:188} INFO - [2026-01-17T18:07:53.795+0000] {dag.py:3823} INFO - Setting next_dagrun for example_short_circuit_operator to 2026-01-16 00:00:00+00:00, run_after=2026-01-17 00:00:00+00:00
[2026-01-17T18:07:53.871+0000] {processor.py:183} INFO - Processing /home/airflow/.local/lib/python3.8/site-packages/airflow/example_dags/example_short_circuit_operator.py took 0.143 seconds
[2026-01-17T18:08:24.522+0000] {processor.py:161} INFO - Started process (PID=415) to work on /home/airflow/.local/lib/python3.8/site-packages/airflow/example_dags/example_short_circuit_operator.py
[2026-01-17T18:08:24.523+0000] {processor.py:830} INFO - Processing file /home/airflow/.local/lib/python3.8/site-packages/airflow/example_dags/example_short_circuit_operator.py for tasks to queue
[2026-01-17T18:08:24.526+0000] {logging_mixin.py:188} INFO - [2026-01-17T18:08:24.526+0000] {dagbag.py:538} INFO - Filling up the DagBag from /home/airflow/.local/lib/python3.8/site-packages/airflow/example_dags/example_short_circuit_operator.py
[2026-01-17T18:08:24.534+0000] {processor.py:840} INFO - DAG(s) 'example_short_circuit_operator' retrieved from /home/airflow/.local/lib/python3.8/site-packages/airflow/example_dags/example_short_circuit_operator.py
[2026-01-17T18:08:24.559+0000] {logging_mixin.py:188} INFO - [2026-01-17T18:08:24.559+0000] {dag.py:3036} INFO - Sync 1 DAGs
[2026-01-17T18:08:24.583+0000] {logging_mixin.py:188} INFO - [2026-01-17T18:08:24.582+0000] {dag.py:3823} INFO - Setting next_dagrun for example_short_circuit_operator to 2026-01-16 00:00:00+00:00, run_after=2026-01-17 00:00:00+00:00
[2026-01-17T18:08:24.607+0000] {processor.py:183} INFO - Processing /home/airflow/.local/lib/python3.8/site-packages/airflow/example_dags/example_short_circuit_operator.py took 0.088 seconds
