[2026-01-17T18:05:33.159+0000] {processor.py:161} INFO - Started process (PID=112) to work on /home/airflow/.local/lib/python3.8/site-packages/airflow/example_dags/example_branch_datetime_operator.py
[2026-01-17T18:05:33.161+0000] {processor.py:830} INFO - Processing file /home/airflow/.local/lib/python3.8/site-packages/airflow/example_dags/example_branch_datetime_operator.py for tasks to queue
[2026-01-17T18:05:33.164+0000] {logging_mixin.py:188} INFO - [2026-01-17T18:05:33.163+0000] {dagbag.py:538} INFO - Filling up the DagBag from /home/airflow/.local/lib/python3.8/site-packages/airflow/example_dags/example_branch_datetime_operator.py
[2026-01-17T18:05:33.188+0000] {processor.py:840} INFO - DAG(s) 'example_branch_datetime_operator_3', 'example_branch_datetime_operator', 'example_branch_datetime_operator_2' retrieved from /home/airflow/.local/lib/python3.8/site-packages/airflow/example_dags/example_branch_datetime_operator.py
[2026-01-17T18:05:33.320+0000] {logging_mixin.py:188} INFO - [2026-01-17T18:05:33.320+0000] {dag.py:3036} INFO - Sync 3 DAGs
[2026-01-17T18:05:33.342+0000] {logging_mixin.py:188} INFO - [2026-01-17T18:05:33.341+0000] {dag.py:3823} INFO - Setting next_dagrun for example_branch_datetime_operator to 2026-01-16 00:00:00+00:00, run_after=2026-01-17 00:00:00+00:00
[2026-01-17T18:05:33.346+0000] {logging_mixin.py:188} INFO - [2026-01-17T18:05:33.346+0000] {dag.py:3823} INFO - Setting next_dagrun for example_branch_datetime_operator_2 to 2026-01-16 00:00:00+00:00, run_after=2026-01-17 00:00:00+00:00
[2026-01-17T18:05:33.349+0000] {logging_mixin.py:188} INFO - [2026-01-17T18:05:33.349+0000] {dag.py:3823} INFO - Setting next_dagrun for example_branch_datetime_operator_3 to 2026-01-16 00:00:00+00:00, run_after=2026-01-17 00:00:00+00:00
[2026-01-17T18:05:33.371+0000] {processor.py:183} INFO - Processing /home/airflow/.local/lib/python3.8/site-packages/airflow/example_dags/example_branch_datetime_operator.py took 0.216 seconds
[2026-01-17T18:06:04.057+0000] {processor.py:161} INFO - Started process (PID=167) to work on /home/airflow/.local/lib/python3.8/site-packages/airflow/example_dags/example_branch_datetime_operator.py
[2026-01-17T18:06:04.059+0000] {processor.py:830} INFO - Processing file /home/airflow/.local/lib/python3.8/site-packages/airflow/example_dags/example_branch_datetime_operator.py for tasks to queue
[2026-01-17T18:06:04.061+0000] {logging_mixin.py:188} INFO - [2026-01-17T18:06:04.061+0000] {dagbag.py:538} INFO - Filling up the DagBag from /home/airflow/.local/lib/python3.8/site-packages/airflow/example_dags/example_branch_datetime_operator.py
[2026-01-17T18:06:04.072+0000] {processor.py:840} INFO - DAG(s) 'example_branch_datetime_operator_2', 'example_branch_datetime_operator', 'example_branch_datetime_operator_3' retrieved from /home/airflow/.local/lib/python3.8/site-packages/airflow/example_dags/example_branch_datetime_operator.py
[2026-01-17T18:06:04.113+0000] {logging_mixin.py:188} INFO - [2026-01-17T18:06:04.113+0000] {dag.py:3036} INFO - Sync 3 DAGs
[2026-01-17T18:06:04.141+0000] {logging_mixin.py:188} INFO - [2026-01-17T18:06:04.140+0000] {dag.py:3823} INFO - Setting next_dagrun for example_branch_datetime_operator to 2026-01-16 00:00:00+00:00, run_after=2026-01-17 00:00:00+00:00
[2026-01-17T18:06:04.147+0000] {logging_mixin.py:188} INFO - [2026-01-17T18:06:04.147+0000] {dag.py:3823} INFO - Setting next_dagrun for example_branch_datetime_operator_2 to 2026-01-16 00:00:00+00:00, run_after=2026-01-17 00:00:00+00:00
[2026-01-17T18:06:04.151+0000] {logging_mixin.py:188} INFO - [2026-01-17T18:06:04.151+0000] {dag.py:3823} INFO - Setting next_dagrun for example_branch_datetime_operator_3 to 2026-01-16 00:00:00+00:00, run_after=2026-01-17 00:00:00+00:00
[2026-01-17T18:06:04.174+0000] {processor.py:183} INFO - Processing /home/airflow/.local/lib/python3.8/site-packages/airflow/example_dags/example_branch_datetime_operator.py took 0.121 seconds
[2026-01-17T18:06:34.458+0000] {processor.py:161} INFO - Started process (PID=222) to work on /home/airflow/.local/lib/python3.8/site-packages/airflow/example_dags/example_branch_datetime_operator.py
[2026-01-17T18:06:34.460+0000] {processor.py:830} INFO - Processing file /home/airflow/.local/lib/python3.8/site-packages/airflow/example_dags/example_branch_datetime_operator.py for tasks to queue
[2026-01-17T18:06:34.463+0000] {logging_mixin.py:188} INFO - [2026-01-17T18:06:34.462+0000] {dagbag.py:538} INFO - Filling up the DagBag from /home/airflow/.local/lib/python3.8/site-packages/airflow/example_dags/example_branch_datetime_operator.py
[2026-01-17T18:06:34.478+0000] {processor.py:840} INFO - DAG(s) 'example_branch_datetime_operator', 'example_branch_datetime_operator_3', 'example_branch_datetime_operator_2' retrieved from /home/airflow/.local/lib/python3.8/site-packages/airflow/example_dags/example_branch_datetime_operator.py
[2026-01-17T18:06:34.521+0000] {logging_mixin.py:188} INFO - [2026-01-17T18:06:34.521+0000] {dag.py:3036} INFO - Sync 3 DAGs
[2026-01-17T18:06:34.553+0000] {logging_mixin.py:188} INFO - [2026-01-17T18:06:34.552+0000] {dag.py:3823} INFO - Setting next_dagrun for example_branch_datetime_operator to 2026-01-16 00:00:00+00:00, run_after=2026-01-17 00:00:00+00:00
[2026-01-17T18:06:34.559+0000] {logging_mixin.py:188} INFO - [2026-01-17T18:06:34.559+0000] {dag.py:3823} INFO - Setting next_dagrun for example_branch_datetime_operator_2 to 2026-01-16 00:00:00+00:00, run_after=2026-01-17 00:00:00+00:00
[2026-01-17T18:06:34.562+0000] {logging_mixin.py:188} INFO - [2026-01-17T18:06:34.561+0000] {dag.py:3823} INFO - Setting next_dagrun for example_branch_datetime_operator_3 to 2026-01-16 00:00:00+00:00, run_after=2026-01-17 00:00:00+00:00
[2026-01-17T18:06:34.590+0000] {processor.py:183} INFO - Processing /home/airflow/.local/lib/python3.8/site-packages/airflow/example_dags/example_branch_datetime_operator.py took 0.138 seconds
[2026-01-17T18:07:04.661+0000] {processor.py:161} INFO - Started process (PID=276) to work on /home/airflow/.local/lib/python3.8/site-packages/airflow/example_dags/example_branch_datetime_operator.py
[2026-01-17T18:07:04.662+0000] {processor.py:830} INFO - Processing file /home/airflow/.local/lib/python3.8/site-packages/airflow/example_dags/example_branch_datetime_operator.py for tasks to queue
[2026-01-17T18:07:04.665+0000] {logging_mixin.py:188} INFO - [2026-01-17T18:07:04.664+0000] {dagbag.py:538} INFO - Filling up the DagBag from /home/airflow/.local/lib/python3.8/site-packages/airflow/example_dags/example_branch_datetime_operator.py
[2026-01-17T18:07:04.675+0000] {processor.py:840} INFO - DAG(s) 'example_branch_datetime_operator_2', 'example_branch_datetime_operator_3', 'example_branch_datetime_operator' retrieved from /home/airflow/.local/lib/python3.8/site-packages/airflow/example_dags/example_branch_datetime_operator.py
[2026-01-17T18:07:04.708+0000] {logging_mixin.py:188} INFO - [2026-01-17T18:07:04.708+0000] {dag.py:3036} INFO - Sync 3 DAGs
[2026-01-17T18:07:04.734+0000] {logging_mixin.py:188} INFO - [2026-01-17T18:07:04.734+0000] {dag.py:3823} INFO - Setting next_dagrun for example_branch_datetime_operator to 2026-01-16 00:00:00+00:00, run_after=2026-01-17 00:00:00+00:00
[2026-01-17T18:07:04.740+0000] {logging_mixin.py:188} INFO - [2026-01-17T18:07:04.739+0000] {dag.py:3823} INFO - Setting next_dagrun for example_branch_datetime_operator_2 to 2026-01-16 00:00:00+00:00, run_after=2026-01-17 00:00:00+00:00
[2026-01-17T18:07:04.743+0000] {logging_mixin.py:188} INFO - [2026-01-17T18:07:04.743+0000] {dag.py:3823} INFO - Setting next_dagrun for example_branch_datetime_operator_3 to 2026-01-16 00:00:00+00:00, run_after=2026-01-17 00:00:00+00:00
[2026-01-17T18:07:04.766+0000] {processor.py:183} INFO - Processing /home/airflow/.local/lib/python3.8/site-packages/airflow/example_dags/example_branch_datetime_operator.py took 0.109 seconds
[2026-01-17T18:07:35.319+0000] {processor.py:161} INFO - Started process (PID=332) to work on /home/airflow/.local/lib/python3.8/site-packages/airflow/example_dags/example_branch_datetime_operator.py
[2026-01-17T18:07:35.320+0000] {processor.py:830} INFO - Processing file /home/airflow/.local/lib/python3.8/site-packages/airflow/example_dags/example_branch_datetime_operator.py for tasks to queue
[2026-01-17T18:07:35.811+0000] {logging_mixin.py:188} INFO - [2026-01-17T18:07:35.810+0000] {dagbag.py:538} INFO - Filling up the DagBag from /home/airflow/.local/lib/python3.8/site-packages/airflow/example_dags/example_branch_datetime_operator.py
[2026-01-17T18:07:35.824+0000] {processor.py:840} INFO - DAG(s) 'example_branch_datetime_operator_3', 'example_branch_datetime_operator', 'example_branch_datetime_operator_2' retrieved from /home/airflow/.local/lib/python3.8/site-packages/airflow/example_dags/example_branch_datetime_operator.py
[2026-01-17T18:07:35.868+0000] {logging_mixin.py:188} INFO - [2026-01-17T18:07:35.867+0000] {dag.py:3036} INFO - Sync 3 DAGs
[2026-01-17T18:07:35.901+0000] {logging_mixin.py:188} INFO - [2026-01-17T18:07:35.901+0000] {dag.py:3823} INFO - Setting next_dagrun for example_branch_datetime_operator to 2026-01-16 00:00:00+00:00, run_after=2026-01-17 00:00:00+00:00
[2026-01-17T18:07:35.932+0000] {logging_mixin.py:188} INFO - [2026-01-17T18:07:35.931+0000] {dag.py:3823} INFO - Setting next_dagrun for example_branch_datetime_operator_2 to 2026-01-16 00:00:00+00:00, run_after=2026-01-17 00:00:00+00:00
[2026-01-17T18:07:35.935+0000] {logging_mixin.py:188} INFO - [2026-01-17T18:07:35.935+0000] {dag.py:3823} INFO - Setting next_dagrun for example_branch_datetime_operator_3 to 2026-01-16 00:00:00+00:00, run_after=2026-01-17 00:00:00+00:00
[2026-01-17T18:07:35.957+0000] {processor.py:183} INFO - Processing /home/airflow/.local/lib/python3.8/site-packages/airflow/example_dags/example_branch_datetime_operator.py took 0.643 seconds
[2026-01-17T18:08:06.062+0000] {processor.py:161} INFO - Started process (PID=387) to work on /home/airflow/.local/lib/python3.8/site-packages/airflow/example_dags/example_branch_datetime_operator.py
[2026-01-17T18:08:06.063+0000] {processor.py:830} INFO - Processing file /home/airflow/.local/lib/python3.8/site-packages/airflow/example_dags/example_branch_datetime_operator.py for tasks to queue
[2026-01-17T18:08:06.066+0000] {logging_mixin.py:188} INFO - [2026-01-17T18:08:06.066+0000] {dagbag.py:538} INFO - Filling up the DagBag from /home/airflow/.local/lib/python3.8/site-packages/airflow/example_dags/example_branch_datetime_operator.py
[2026-01-17T18:08:06.078+0000] {processor.py:840} INFO - DAG(s) 'example_branch_datetime_operator_3', 'example_branch_datetime_operator_2', 'example_branch_datetime_operator' retrieved from /home/airflow/.local/lib/python3.8/site-packages/airflow/example_dags/example_branch_datetime_operator.py
[2026-01-17T18:08:06.113+0000] {logging_mixin.py:188} INFO - [2026-01-17T18:08:06.112+0000] {dag.py:3036} INFO - Sync 3 DAGs
[2026-01-17T18:08:06.140+0000] {logging_mixin.py:188} INFO - [2026-01-17T18:08:06.140+0000] {dag.py:3823} INFO - Setting next_dagrun for example_branch_datetime_operator to 2026-01-16 00:00:00+00:00, run_after=2026-01-17 00:00:00+00:00
[2026-01-17T18:08:06.146+0000] {logging_mixin.py:188} INFO - [2026-01-17T18:08:06.146+0000] {dag.py:3823} INFO - Setting next_dagrun for example_branch_datetime_operator_2 to 2026-01-16 00:00:00+00:00, run_after=2026-01-17 00:00:00+00:00
[2026-01-17T18:08:06.150+0000] {logging_mixin.py:188} INFO - [2026-01-17T18:08:06.149+0000] {dag.py:3823} INFO - Setting next_dagrun for example_branch_datetime_operator_3 to 2026-01-16 00:00:00+00:00, run_after=2026-01-17 00:00:00+00:00
[2026-01-17T18:08:06.184+0000] {processor.py:183} INFO - Processing /home/airflow/.local/lib/python3.8/site-packages/airflow/example_dags/example_branch_datetime_operator.py took 0.127 seconds
[2026-01-17T18:08:36.835+0000] {processor.py:161} INFO - Started process (PID=442) to work on /home/airflow/.local/lib/python3.8/site-packages/airflow/example_dags/example_branch_datetime_operator.py
[2026-01-17T18:08:36.837+0000] {processor.py:830} INFO - Processing file /home/airflow/.local/lib/python3.8/site-packages/airflow/example_dags/example_branch_datetime_operator.py for tasks to queue
[2026-01-17T18:08:36.840+0000] {logging_mixin.py:188} INFO - [2026-01-17T18:08:36.839+0000] {dagbag.py:538} INFO - Filling up the DagBag from /home/airflow/.local/lib/python3.8/site-packages/airflow/example_dags/example_branch_datetime_operator.py
[2026-01-17T18:08:36.854+0000] {processor.py:840} INFO - DAG(s) 'example_branch_datetime_operator_3', 'example_branch_datetime_operator_2', 'example_branch_datetime_operator' retrieved from /home/airflow/.local/lib/python3.8/site-packages/airflow/example_dags/example_branch_datetime_operator.py
[2026-01-17T18:08:36.891+0000] {logging_mixin.py:188} INFO - [2026-01-17T18:08:36.891+0000] {dag.py:3036} INFO - Sync 3 DAGs
[2026-01-17T18:08:36.921+0000] {logging_mixin.py:188} INFO - [2026-01-17T18:08:36.919+0000] {dag.py:3823} INFO - Setting next_dagrun for example_branch_datetime_operator to 2026-01-16 00:00:00+00:00, run_after=2026-01-17 00:00:00+00:00
[2026-01-17T18:08:36.929+0000] {logging_mixin.py:188} INFO - [2026-01-17T18:08:36.929+0000] {dag.py:3823} INFO - Setting next_dagrun for example_branch_datetime_operator_2 to 2026-01-16 00:00:00+00:00, run_after=2026-01-17 00:00:00+00:00
[2026-01-17T18:08:36.934+0000] {logging_mixin.py:188} INFO - [2026-01-17T18:08:36.934+0000] {dag.py:3823} INFO - Setting next_dagrun for example_branch_datetime_operator_3 to 2026-01-16 00:00:00+00:00, run_after=2026-01-17 00:00:00+00:00
[2026-01-17T18:08:36.962+0000] {processor.py:183} INFO - Processing /home/airflow/.local/lib/python3.8/site-packages/airflow/example_dags/example_branch_datetime_operator.py took 0.131 seconds
