[2026-01-17T18:04:48.255+0000] {processor.py:161} INFO - Started process (PID=79) to work on /home/airflow/.local/lib/python3.8/site-packages/airflow/example_dags/example_complex.py
[2026-01-17T18:04:48.256+0000] {processor.py:830} INFO - Processing file /home/airflow/.local/lib/python3.8/site-packages/airflow/example_dags/example_complex.py for tasks to queue
[2026-01-17T18:04:48.259+0000] {logging_mixin.py:188} INFO - [2026-01-17T18:04:48.259+0000] {dagbag.py:538} INFO - Filling up the DagBag from /home/airflow/.local/lib/python3.8/site-packages/airflow/example_dags/example_complex.py
[2026-01-17T18:04:48.344+0000] {processor.py:840} INFO - DAG(s) 'example_complex' retrieved from /home/airflow/.local/lib/python3.8/site-packages/airflow/example_dags/example_complex.py
[2026-01-17T18:04:52.651+0000] {logging_mixin.py:188} INFO - [2026-01-17T18:04:52.651+0000] {dag.py:3036} INFO - Sync 1 DAGs
[2026-01-17T18:04:52.763+0000] {logging_mixin.py:188} INFO - [2026-01-17T18:04:52.763+0000] {dag.py:3823} INFO - Setting next_dagrun for example_complex to None, run_after=None
[2026-01-17T18:04:53.035+0000] {processor.py:183} INFO - Processing /home/airflow/.local/lib/python3.8/site-packages/airflow/example_dags/example_complex.py took 4.789 seconds
[2026-01-17T18:05:42.770+0000] {processor.py:161} INFO - Started process (PID=141) to work on /home/airflow/.local/lib/python3.8/site-packages/airflow/example_dags/example_complex.py
[2026-01-17T18:05:42.771+0000] {processor.py:830} INFO - Processing file /home/airflow/.local/lib/python3.8/site-packages/airflow/example_dags/example_complex.py for tasks to queue
[2026-01-17T18:05:42.774+0000] {logging_mixin.py:188} INFO - [2026-01-17T18:05:42.773+0000] {dagbag.py:538} INFO - Filling up the DagBag from /home/airflow/.local/lib/python3.8/site-packages/airflow/example_dags/example_complex.py
[2026-01-17T18:05:42.788+0000] {processor.py:840} INFO - DAG(s) 'example_complex' retrieved from /home/airflow/.local/lib/python3.8/site-packages/airflow/example_dags/example_complex.py
[2026-01-17T18:05:42.824+0000] {logging_mixin.py:188} INFO - [2026-01-17T18:05:42.823+0000] {dag.py:3036} INFO - Sync 1 DAGs
[2026-01-17T18:05:42.840+0000] {logging_mixin.py:188} INFO - [2026-01-17T18:05:42.839+0000] {dag.py:3823} INFO - Setting next_dagrun for example_complex to None, run_after=None
[2026-01-17T18:05:42.862+0000] {processor.py:183} INFO - Processing /home/airflow/.local/lib/python3.8/site-packages/airflow/example_dags/example_complex.py took 0.097 seconds
[2026-01-17T18:06:21.332+0000] {processor.py:161} INFO - Started process (PID=196) to work on /home/airflow/.local/lib/python3.8/site-packages/airflow/example_dags/example_complex.py
[2026-01-17T18:06:21.338+0000] {processor.py:830} INFO - Processing file /home/airflow/.local/lib/python3.8/site-packages/airflow/example_dags/example_complex.py for tasks to queue
[2026-01-17T18:06:21.342+0000] {logging_mixin.py:188} INFO - [2026-01-17T18:06:21.342+0000] {dagbag.py:538} INFO - Filling up the DagBag from /home/airflow/.local/lib/python3.8/site-packages/airflow/example_dags/example_complex.py
[2026-01-17T18:06:21.358+0000] {processor.py:840} INFO - DAG(s) 'example_complex' retrieved from /home/airflow/.local/lib/python3.8/site-packages/airflow/example_dags/example_complex.py
[2026-01-17T18:06:21.447+0000] {logging_mixin.py:188} INFO - [2026-01-17T18:06:21.446+0000] {dag.py:3036} INFO - Sync 1 DAGs
[2026-01-17T18:06:21.467+0000] {logging_mixin.py:188} INFO - [2026-01-17T18:06:21.467+0000] {dag.py:3823} INFO - Setting next_dagrun for example_complex to None, run_after=None
[2026-01-17T18:06:21.611+0000] {processor.py:183} INFO - Processing /home/airflow/.local/lib/python3.8/site-packages/airflow/example_dags/example_complex.py took 0.293 seconds
[2026-01-17T18:06:51.784+0000] {processor.py:161} INFO - Started process (PID=251) to work on /home/airflow/.local/lib/python3.8/site-packages/airflow/example_dags/example_complex.py
[2026-01-17T18:06:51.785+0000] {processor.py:830} INFO - Processing file /home/airflow/.local/lib/python3.8/site-packages/airflow/example_dags/example_complex.py for tasks to queue
[2026-01-17T18:06:51.788+0000] {logging_mixin.py:188} INFO - [2026-01-17T18:06:51.787+0000] {dagbag.py:538} INFO - Filling up the DagBag from /home/airflow/.local/lib/python3.8/site-packages/airflow/example_dags/example_complex.py
[2026-01-17T18:06:51.799+0000] {processor.py:840} INFO - DAG(s) 'example_complex' retrieved from /home/airflow/.local/lib/python3.8/site-packages/airflow/example_dags/example_complex.py
[2026-01-17T18:06:51.832+0000] {logging_mixin.py:188} INFO - [2026-01-17T18:06:51.831+0000] {dag.py:3036} INFO - Sync 1 DAGs
[2026-01-17T18:06:51.844+0000] {logging_mixin.py:188} INFO - [2026-01-17T18:06:51.844+0000] {dag.py:3823} INFO - Setting next_dagrun for example_complex to None, run_after=None
[2026-01-17T18:06:51.947+0000] {processor.py:183} INFO - Processing /home/airflow/.local/lib/python3.8/site-packages/airflow/example_dags/example_complex.py took 0.167 seconds
[2026-01-17T18:07:22.582+0000] {processor.py:161} INFO - Started process (PID=306) to work on /home/airflow/.local/lib/python3.8/site-packages/airflow/example_dags/example_complex.py
[2026-01-17T18:07:22.583+0000] {processor.py:830} INFO - Processing file /home/airflow/.local/lib/python3.8/site-packages/airflow/example_dags/example_complex.py for tasks to queue
[2026-01-17T18:07:22.585+0000] {logging_mixin.py:188} INFO - [2026-01-17T18:07:22.585+0000] {dagbag.py:538} INFO - Filling up the DagBag from /home/airflow/.local/lib/python3.8/site-packages/airflow/example_dags/example_complex.py
[2026-01-17T18:07:22.597+0000] {processor.py:840} INFO - DAG(s) 'example_complex' retrieved from /home/airflow/.local/lib/python3.8/site-packages/airflow/example_dags/example_complex.py
[2026-01-17T18:07:22.628+0000] {logging_mixin.py:188} INFO - [2026-01-17T18:07:22.628+0000] {dag.py:3036} INFO - Sync 1 DAGs
[2026-01-17T18:07:22.642+0000] {logging_mixin.py:188} INFO - [2026-01-17T18:07:22.642+0000] {dag.py:3823} INFO - Setting next_dagrun for example_complex to None, run_after=None
[2026-01-17T18:07:22.665+0000] {processor.py:183} INFO - Processing /home/airflow/.local/lib/python3.8/site-packages/airflow/example_dags/example_complex.py took 0.088 seconds
[2026-01-17T18:07:52.711+0000] {processor.py:161} INFO - Started process (PID=359) to work on /home/airflow/.local/lib/python3.8/site-packages/airflow/example_dags/example_complex.py
[2026-01-17T18:07:52.713+0000] {processor.py:830} INFO - Processing file /home/airflow/.local/lib/python3.8/site-packages/airflow/example_dags/example_complex.py for tasks to queue
[2026-01-17T18:07:52.716+0000] {logging_mixin.py:188} INFO - [2026-01-17T18:07:52.715+0000] {dagbag.py:538} INFO - Filling up the DagBag from /home/airflow/.local/lib/python3.8/site-packages/airflow/example_dags/example_complex.py
[2026-01-17T18:07:52.727+0000] {processor.py:840} INFO - DAG(s) 'example_complex' retrieved from /home/airflow/.local/lib/python3.8/site-packages/airflow/example_dags/example_complex.py
[2026-01-17T18:07:52.760+0000] {logging_mixin.py:188} INFO - [2026-01-17T18:07:52.760+0000] {dag.py:3036} INFO - Sync 1 DAGs
[2026-01-17T18:07:52.772+0000] {logging_mixin.py:188} INFO - [2026-01-17T18:07:52.772+0000] {dag.py:3823} INFO - Setting next_dagrun for example_complex to None, run_after=None
[2026-01-17T18:07:52.795+0000] {processor.py:183} INFO - Processing /home/airflow/.local/lib/python3.8/site-packages/airflow/example_dags/example_complex.py took 0.089 seconds
[2026-01-17T18:08:23.327+0000] {processor.py:161} INFO - Started process (PID=414) to work on /home/airflow/.local/lib/python3.8/site-packages/airflow/example_dags/example_complex.py
[2026-01-17T18:08:23.329+0000] {processor.py:830} INFO - Processing file /home/airflow/.local/lib/python3.8/site-packages/airflow/example_dags/example_complex.py for tasks to queue
[2026-01-17T18:08:23.332+0000] {logging_mixin.py:188} INFO - [2026-01-17T18:08:23.331+0000] {dagbag.py:538} INFO - Filling up the DagBag from /home/airflow/.local/lib/python3.8/site-packages/airflow/example_dags/example_complex.py
[2026-01-17T18:08:23.343+0000] {processor.py:840} INFO - DAG(s) 'example_complex' retrieved from /home/airflow/.local/lib/python3.8/site-packages/airflow/example_dags/example_complex.py
[2026-01-17T18:08:23.436+0000] {logging_mixin.py:188} INFO - [2026-01-17T18:08:23.436+0000] {dag.py:3036} INFO - Sync 1 DAGs
[2026-01-17T18:08:23.448+0000] {logging_mixin.py:188} INFO - [2026-01-17T18:08:23.448+0000] {dag.py:3823} INFO - Setting next_dagrun for example_complex to None, run_after=None
[2026-01-17T18:08:23.470+0000] {processor.py:183} INFO - Processing /home/airflow/.local/lib/python3.8/site-packages/airflow/example_dags/example_complex.py took 0.147 seconds
