[2026-01-17T18:04:24.800+0000] {processor.py:161} INFO - Started process (PID=63) to work on /home/airflow/.local/lib/python3.8/site-packages/airflow/example_dags/example_trigger_target_dag.py
[2026-01-17T18:04:24.801+0000] {processor.py:830} INFO - Processing file /home/airflow/.local/lib/python3.8/site-packages/airflow/example_dags/example_trigger_target_dag.py for tasks to queue
[2026-01-17T18:04:24.810+0000] {logging_mixin.py:188} INFO - [2026-01-17T18:04:24.809+0000] {dagbag.py:538} INFO - Filling up the DagBag from /home/airflow/.local/lib/python3.8/site-packages/airflow/example_dags/example_trigger_target_dag.py
[2026-01-17T18:04:24.825+0000] {processor.py:840} INFO - DAG(s) 'example_trigger_target_dag' retrieved from /home/airflow/.local/lib/python3.8/site-packages/airflow/example_dags/example_trigger_target_dag.py
[2026-01-17T18:04:25.421+0000] {logging_mixin.py:188} INFO - [2026-01-17T18:04:25.421+0000] {dag.py:3036} INFO - Sync 1 DAGs
[2026-01-17T18:04:25.504+0000] {logging_mixin.py:188} INFO - [2026-01-17T18:04:25.504+0000] {dag.py:3823} INFO - Setting next_dagrun for example_trigger_target_dag to None, run_after=None
[2026-01-17T18:04:25.548+0000] {processor.py:183} INFO - Processing /home/airflow/.local/lib/python3.8/site-packages/airflow/example_dags/example_trigger_target_dag.py took 0.758 seconds
[2026-01-17T18:05:41.411+0000] {processor.py:161} INFO - Started process (PID=125) to work on /home/airflow/.local/lib/python3.8/site-packages/airflow/example_dags/example_trigger_target_dag.py
[2026-01-17T18:05:41.427+0000] {processor.py:830} INFO - Processing file /home/airflow/.local/lib/python3.8/site-packages/airflow/example_dags/example_trigger_target_dag.py for tasks to queue
[2026-01-17T18:05:41.430+0000] {logging_mixin.py:188} INFO - [2026-01-17T18:05:41.430+0000] {dagbag.py:538} INFO - Filling up the DagBag from /home/airflow/.local/lib/python3.8/site-packages/airflow/example_dags/example_trigger_target_dag.py
[2026-01-17T18:05:41.457+0000] {processor.py:840} INFO - DAG(s) 'example_trigger_target_dag' retrieved from /home/airflow/.local/lib/python3.8/site-packages/airflow/example_dags/example_trigger_target_dag.py
[2026-01-17T18:05:41.484+0000] {logging_mixin.py:188} INFO - [2026-01-17T18:05:41.483+0000] {dag.py:3036} INFO - Sync 1 DAGs
[2026-01-17T18:05:41.502+0000] {logging_mixin.py:188} INFO - [2026-01-17T18:05:41.502+0000] {dag.py:3823} INFO - Setting next_dagrun for example_trigger_target_dag to None, run_after=None
[2026-01-17T18:05:41.546+0000] {processor.py:183} INFO - Processing /home/airflow/.local/lib/python3.8/site-packages/airflow/example_dags/example_trigger_target_dag.py took 0.139 seconds
[2026-01-17T18:06:11.748+0000] {processor.py:161} INFO - Started process (PID=178) to work on /home/airflow/.local/lib/python3.8/site-packages/airflow/example_dags/example_trigger_target_dag.py
[2026-01-17T18:06:11.750+0000] {processor.py:830} INFO - Processing file /home/airflow/.local/lib/python3.8/site-packages/airflow/example_dags/example_trigger_target_dag.py for tasks to queue
[2026-01-17T18:06:11.752+0000] {logging_mixin.py:188} INFO - [2026-01-17T18:06:11.752+0000] {dagbag.py:538} INFO - Filling up the DagBag from /home/airflow/.local/lib/python3.8/site-packages/airflow/example_dags/example_trigger_target_dag.py
[2026-01-17T18:06:11.759+0000] {processor.py:840} INFO - DAG(s) 'example_trigger_target_dag' retrieved from /home/airflow/.local/lib/python3.8/site-packages/airflow/example_dags/example_trigger_target_dag.py
[2026-01-17T18:06:11.788+0000] {logging_mixin.py:188} INFO - [2026-01-17T18:06:11.787+0000] {dag.py:3036} INFO - Sync 1 DAGs
[2026-01-17T18:06:11.801+0000] {logging_mixin.py:188} INFO - [2026-01-17T18:06:11.801+0000] {dag.py:3823} INFO - Setting next_dagrun for example_trigger_target_dag to None, run_after=None
[2026-01-17T18:06:11.826+0000] {processor.py:183} INFO - Processing /home/airflow/.local/lib/python3.8/site-packages/airflow/example_dags/example_trigger_target_dag.py took 0.082 seconds
[2026-01-17T18:06:42.734+0000] {processor.py:161} INFO - Started process (PID=233) to work on /home/airflow/.local/lib/python3.8/site-packages/airflow/example_dags/example_trigger_target_dag.py
[2026-01-17T18:06:42.736+0000] {processor.py:830} INFO - Processing file /home/airflow/.local/lib/python3.8/site-packages/airflow/example_dags/example_trigger_target_dag.py for tasks to queue
[2026-01-17T18:06:42.738+0000] {logging_mixin.py:188} INFO - [2026-01-17T18:06:42.738+0000] {dagbag.py:538} INFO - Filling up the DagBag from /home/airflow/.local/lib/python3.8/site-packages/airflow/example_dags/example_trigger_target_dag.py
[2026-01-17T18:06:42.745+0000] {processor.py:840} INFO - DAG(s) 'example_trigger_target_dag' retrieved from /home/airflow/.local/lib/python3.8/site-packages/airflow/example_dags/example_trigger_target_dag.py
[2026-01-17T18:06:42.767+0000] {logging_mixin.py:188} INFO - [2026-01-17T18:06:42.767+0000] {dag.py:3036} INFO - Sync 1 DAGs
[2026-01-17T18:06:42.779+0000] {logging_mixin.py:188} INFO - [2026-01-17T18:06:42.779+0000] {dag.py:3823} INFO - Setting next_dagrun for example_trigger_target_dag to None, run_after=None
[2026-01-17T18:06:42.801+0000] {processor.py:183} INFO - Processing /home/airflow/.local/lib/python3.8/site-packages/airflow/example_dags/example_trigger_target_dag.py took 0.071 seconds
[2026-01-17T18:07:14.295+0000] {processor.py:161} INFO - Started process (PID=288) to work on /home/airflow/.local/lib/python3.8/site-packages/airflow/example_dags/example_trigger_target_dag.py
[2026-01-17T18:07:14.296+0000] {processor.py:830} INFO - Processing file /home/airflow/.local/lib/python3.8/site-packages/airflow/example_dags/example_trigger_target_dag.py for tasks to queue
[2026-01-17T18:07:14.298+0000] {logging_mixin.py:188} INFO - [2026-01-17T18:07:14.298+0000] {dagbag.py:538} INFO - Filling up the DagBag from /home/airflow/.local/lib/python3.8/site-packages/airflow/example_dags/example_trigger_target_dag.py
[2026-01-17T18:07:14.305+0000] {processor.py:840} INFO - DAG(s) 'example_trigger_target_dag' retrieved from /home/airflow/.local/lib/python3.8/site-packages/airflow/example_dags/example_trigger_target_dag.py
[2026-01-17T18:07:14.328+0000] {logging_mixin.py:188} INFO - [2026-01-17T18:07:14.327+0000] {dag.py:3036} INFO - Sync 1 DAGs
[2026-01-17T18:07:14.340+0000] {logging_mixin.py:188} INFO - [2026-01-17T18:07:14.340+0000] {dag.py:3823} INFO - Setting next_dagrun for example_trigger_target_dag to None, run_after=None
[2026-01-17T18:07:14.363+0000] {processor.py:183} INFO - Processing /home/airflow/.local/lib/python3.8/site-packages/airflow/example_dags/example_trigger_target_dag.py took 0.072 seconds
[2026-01-17T18:07:44.554+0000] {processor.py:161} INFO - Started process (PID=343) to work on /home/airflow/.local/lib/python3.8/site-packages/airflow/example_dags/example_trigger_target_dag.py
[2026-01-17T18:07:44.556+0000] {processor.py:830} INFO - Processing file /home/airflow/.local/lib/python3.8/site-packages/airflow/example_dags/example_trigger_target_dag.py for tasks to queue
[2026-01-17T18:07:44.559+0000] {logging_mixin.py:188} INFO - [2026-01-17T18:07:44.559+0000] {dagbag.py:538} INFO - Filling up the DagBag from /home/airflow/.local/lib/python3.8/site-packages/airflow/example_dags/example_trigger_target_dag.py
[2026-01-17T18:07:44.566+0000] {processor.py:840} INFO - DAG(s) 'example_trigger_target_dag' retrieved from /home/airflow/.local/lib/python3.8/site-packages/airflow/example_dags/example_trigger_target_dag.py
[2026-01-17T18:07:44.592+0000] {logging_mixin.py:188} INFO - [2026-01-17T18:07:44.592+0000] {dag.py:3036} INFO - Sync 1 DAGs
[2026-01-17T18:07:44.606+0000] {logging_mixin.py:188} INFO - [2026-01-17T18:07:44.605+0000] {dag.py:3823} INFO - Setting next_dagrun for example_trigger_target_dag to None, run_after=None
[2026-01-17T18:07:44.630+0000] {processor.py:183} INFO - Processing /home/airflow/.local/lib/python3.8/site-packages/airflow/example_dags/example_trigger_target_dag.py took 0.080 seconds
[2026-01-17T18:08:14.868+0000] {processor.py:161} INFO - Started process (PID=398) to work on /home/airflow/.local/lib/python3.8/site-packages/airflow/example_dags/example_trigger_target_dag.py
[2026-01-17T18:08:14.874+0000] {processor.py:830} INFO - Processing file /home/airflow/.local/lib/python3.8/site-packages/airflow/example_dags/example_trigger_target_dag.py for tasks to queue
[2026-01-17T18:08:14.876+0000] {logging_mixin.py:188} INFO - [2026-01-17T18:08:14.876+0000] {dagbag.py:538} INFO - Filling up the DagBag from /home/airflow/.local/lib/python3.8/site-packages/airflow/example_dags/example_trigger_target_dag.py
[2026-01-17T18:08:14.884+0000] {processor.py:840} INFO - DAG(s) 'example_trigger_target_dag' retrieved from /home/airflow/.local/lib/python3.8/site-packages/airflow/example_dags/example_trigger_target_dag.py
[2026-01-17T18:08:14.907+0000] {logging_mixin.py:188} INFO - [2026-01-17T18:08:14.907+0000] {dag.py:3036} INFO - Sync 1 DAGs
[2026-01-17T18:08:14.921+0000] {logging_mixin.py:188} INFO - [2026-01-17T18:08:14.920+0000] {dag.py:3823} INFO - Setting next_dagrun for example_trigger_target_dag to None, run_after=None
[2026-01-17T18:08:14.942+0000] {processor.py:183} INFO - Processing /home/airflow/.local/lib/python3.8/site-packages/airflow/example_dags/example_trigger_target_dag.py took 0.078 seconds
