[2026-01-17T18:05:15.590+0000] {processor.py:161} INFO - Started process (PID=93) to work on /home/airflow/.local/lib/python3.8/site-packages/airflow/example_dags/example_branch_operator.py
[2026-01-17T18:05:15.609+0000] {processor.py:830} INFO - Processing file /home/airflow/.local/lib/python3.8/site-packages/airflow/example_dags/example_branch_operator.py for tasks to queue
[2026-01-17T18:05:15.615+0000] {logging_mixin.py:188} INFO - [2026-01-17T18:05:15.613+0000] {dagbag.py:538} INFO - Filling up the DagBag from /home/airflow/.local/lib/python3.8/site-packages/airflow/example_dags/example_branch_operator.py
[2026-01-17T18:05:16.445+0000] {processor.py:840} INFO - DAG(s) 'example_branch_operator' retrieved from /home/airflow/.local/lib/python3.8/site-packages/airflow/example_dags/example_branch_operator.py
[2026-01-17T18:05:18.640+0000] {logging_mixin.py:188} INFO - [2026-01-17T18:05:18.639+0000] {dag.py:3036} INFO - Sync 1 DAGs
[2026-01-17T18:05:18.727+0000] {logging_mixin.py:188} INFO - [2026-01-17T18:05:18.727+0000] {dag.py:3823} INFO - Setting next_dagrun for example_branch_operator to 2026-01-16 00:00:00+00:00, run_after=2026-01-17 00:00:00+00:00
[2026-01-17T18:05:19.413+0000] {processor.py:183} INFO - Processing /home/airflow/.local/lib/python3.8/site-packages/airflow/example_dags/example_branch_operator.py took 3.922 seconds
[2026-01-17T18:05:50.186+0000] {processor.py:161} INFO - Started process (PID=148) to work on /home/airflow/.local/lib/python3.8/site-packages/airflow/example_dags/example_branch_operator.py
[2026-01-17T18:05:50.187+0000] {processor.py:830} INFO - Processing file /home/airflow/.local/lib/python3.8/site-packages/airflow/example_dags/example_branch_operator.py for tasks to queue
[2026-01-17T18:05:50.190+0000] {logging_mixin.py:188} INFO - [2026-01-17T18:05:50.189+0000] {dagbag.py:538} INFO - Filling up the DagBag from /home/airflow/.local/lib/python3.8/site-packages/airflow/example_dags/example_branch_operator.py
[2026-01-17T18:05:50.211+0000] {processor.py:840} INFO - DAG(s) 'example_branch_operator' retrieved from /home/airflow/.local/lib/python3.8/site-packages/airflow/example_dags/example_branch_operator.py
[2026-01-17T18:05:50.244+0000] {logging_mixin.py:188} INFO - [2026-01-17T18:05:50.243+0000] {dag.py:3036} INFO - Sync 1 DAGs
[2026-01-17T18:05:50.267+0000] {logging_mixin.py:188} INFO - [2026-01-17T18:05:50.267+0000] {dag.py:3823} INFO - Setting next_dagrun for example_branch_operator to 2026-01-16 00:00:00+00:00, run_after=2026-01-17 00:00:00+00:00
[2026-01-17T18:05:50.289+0000] {processor.py:183} INFO - Processing /home/airflow/.local/lib/python3.8/site-packages/airflow/example_dags/example_branch_operator.py took 0.108 seconds
[2026-01-17T18:06:22.610+0000] {processor.py:161} INFO - Started process (PID=203) to work on /home/airflow/.local/lib/python3.8/site-packages/airflow/example_dags/example_branch_operator.py
[2026-01-17T18:06:22.612+0000] {processor.py:830} INFO - Processing file /home/airflow/.local/lib/python3.8/site-packages/airflow/example_dags/example_branch_operator.py for tasks to queue
[2026-01-17T18:06:22.617+0000] {logging_mixin.py:188} INFO - [2026-01-17T18:06:22.616+0000] {dagbag.py:538} INFO - Filling up the DagBag from /home/airflow/.local/lib/python3.8/site-packages/airflow/example_dags/example_branch_operator.py
[2026-01-17T18:06:22.643+0000] {processor.py:840} INFO - DAG(s) 'example_branch_operator' retrieved from /home/airflow/.local/lib/python3.8/site-packages/airflow/example_dags/example_branch_operator.py
[2026-01-17T18:06:22.681+0000] {logging_mixin.py:188} INFO - [2026-01-17T18:06:22.680+0000] {dag.py:3036} INFO - Sync 1 DAGs
[2026-01-17T18:06:22.713+0000] {logging_mixin.py:188} INFO - [2026-01-17T18:06:22.713+0000] {dag.py:3823} INFO - Setting next_dagrun for example_branch_operator to 2026-01-16 00:00:00+00:00, run_after=2026-01-17 00:00:00+00:00
[2026-01-17T18:06:22.739+0000] {processor.py:183} INFO - Processing /home/airflow/.local/lib/python3.8/site-packages/airflow/example_dags/example_branch_operator.py took 0.134 seconds
[2026-01-17T18:06:53.571+0000] {processor.py:161} INFO - Started process (PID=258) to work on /home/airflow/.local/lib/python3.8/site-packages/airflow/example_dags/example_branch_operator.py
[2026-01-17T18:06:53.626+0000] {processor.py:830} INFO - Processing file /home/airflow/.local/lib/python3.8/site-packages/airflow/example_dags/example_branch_operator.py for tasks to queue
[2026-01-17T18:06:53.660+0000] {logging_mixin.py:188} INFO - [2026-01-17T18:06:53.659+0000] {dagbag.py:538} INFO - Filling up the DagBag from /home/airflow/.local/lib/python3.8/site-packages/airflow/example_dags/example_branch_operator.py
[2026-01-17T18:06:53.712+0000] {processor.py:840} INFO - DAG(s) 'example_branch_operator' retrieved from /home/airflow/.local/lib/python3.8/site-packages/airflow/example_dags/example_branch_operator.py
[2026-01-17T18:06:53.819+0000] {logging_mixin.py:188} INFO - [2026-01-17T18:06:53.819+0000] {dag.py:3036} INFO - Sync 1 DAGs
[2026-01-17T18:06:53.866+0000] {logging_mixin.py:188} INFO - [2026-01-17T18:06:53.866+0000] {dag.py:3823} INFO - Setting next_dagrun for example_branch_operator to 2026-01-16 00:00:00+00:00, run_after=2026-01-17 00:00:00+00:00
[2026-01-17T18:06:53.891+0000] {processor.py:183} INFO - Processing /home/airflow/.local/lib/python3.8/site-packages/airflow/example_dags/example_branch_operator.py took 0.324 seconds
[2026-01-17T18:07:24.325+0000] {processor.py:161} INFO - Started process (PID=313) to work on /home/airflow/.local/lib/python3.8/site-packages/airflow/example_dags/example_branch_operator.py
[2026-01-17T18:07:24.326+0000] {processor.py:830} INFO - Processing file /home/airflow/.local/lib/python3.8/site-packages/airflow/example_dags/example_branch_operator.py for tasks to queue
[2026-01-17T18:07:24.328+0000] {logging_mixin.py:188} INFO - [2026-01-17T18:07:24.328+0000] {dagbag.py:538} INFO - Filling up the DagBag from /home/airflow/.local/lib/python3.8/site-packages/airflow/example_dags/example_branch_operator.py
[2026-01-17T18:07:24.351+0000] {processor.py:840} INFO - DAG(s) 'example_branch_operator' retrieved from /home/airflow/.local/lib/python3.8/site-packages/airflow/example_dags/example_branch_operator.py
[2026-01-17T18:07:24.381+0000] {logging_mixin.py:188} INFO - [2026-01-17T18:07:24.381+0000] {dag.py:3036} INFO - Sync 1 DAGs
[2026-01-17T18:07:24.406+0000] {logging_mixin.py:188} INFO - [2026-01-17T18:07:24.406+0000] {dag.py:3823} INFO - Setting next_dagrun for example_branch_operator to 2026-01-16 00:00:00+00:00, run_after=2026-01-17 00:00:00+00:00
[2026-01-17T18:07:24.438+0000] {processor.py:183} INFO - Processing /home/airflow/.local/lib/python3.8/site-packages/airflow/example_dags/example_branch_operator.py took 0.118 seconds
[2026-01-17T18:07:54.556+0000] {processor.py:161} INFO - Started process (PID=368) to work on /home/airflow/.local/lib/python3.8/site-packages/airflow/example_dags/example_branch_operator.py
[2026-01-17T18:07:54.558+0000] {processor.py:830} INFO - Processing file /home/airflow/.local/lib/python3.8/site-packages/airflow/example_dags/example_branch_operator.py for tasks to queue
[2026-01-17T18:07:54.560+0000] {logging_mixin.py:188} INFO - [2026-01-17T18:07:54.560+0000] {dagbag.py:538} INFO - Filling up the DagBag from /home/airflow/.local/lib/python3.8/site-packages/airflow/example_dags/example_branch_operator.py
[2026-01-17T18:07:54.581+0000] {processor.py:840} INFO - DAG(s) 'example_branch_operator' retrieved from /home/airflow/.local/lib/python3.8/site-packages/airflow/example_dags/example_branch_operator.py
[2026-01-17T18:07:54.615+0000] {logging_mixin.py:188} INFO - [2026-01-17T18:07:54.614+0000] {dag.py:3036} INFO - Sync 1 DAGs
[2026-01-17T18:07:54.642+0000] {logging_mixin.py:188} INFO - [2026-01-17T18:07:54.642+0000] {dag.py:3823} INFO - Setting next_dagrun for example_branch_operator to 2026-01-16 00:00:00+00:00, run_after=2026-01-17 00:00:00+00:00
[2026-01-17T18:07:54.665+0000] {processor.py:183} INFO - Processing /home/airflow/.local/lib/python3.8/site-packages/airflow/example_dags/example_branch_operator.py took 0.113 seconds
[2026-01-17T18:08:25.476+0000] {processor.py:161} INFO - Started process (PID=423) to work on /home/airflow/.local/lib/python3.8/site-packages/airflow/example_dags/example_branch_operator.py
[2026-01-17T18:08:25.511+0000] {processor.py:830} INFO - Processing file /home/airflow/.local/lib/python3.8/site-packages/airflow/example_dags/example_branch_operator.py for tasks to queue
[2026-01-17T18:08:25.514+0000] {logging_mixin.py:188} INFO - [2026-01-17T18:08:25.513+0000] {dagbag.py:538} INFO - Filling up the DagBag from /home/airflow/.local/lib/python3.8/site-packages/airflow/example_dags/example_branch_operator.py
[2026-01-17T18:08:25.532+0000] {processor.py:840} INFO - DAG(s) 'example_branch_operator' retrieved from /home/airflow/.local/lib/python3.8/site-packages/airflow/example_dags/example_branch_operator.py
[2026-01-17T18:08:25.562+0000] {logging_mixin.py:188} INFO - [2026-01-17T18:08:25.561+0000] {dag.py:3036} INFO - Sync 1 DAGs
[2026-01-17T18:08:25.585+0000] {logging_mixin.py:188} INFO - [2026-01-17T18:08:25.585+0000] {dag.py:3823} INFO - Setting next_dagrun for example_branch_operator to 2026-01-16 00:00:00+00:00, run_after=2026-01-17 00:00:00+00:00
[2026-01-17T18:08:25.606+0000] {processor.py:183} INFO - Processing /home/airflow/.local/lib/python3.8/site-packages/airflow/example_dags/example_branch_operator.py took 0.135 seconds
