[2026-01-17T18:05:33.423+0000] {processor.py:161} INFO - Started process (PID=114) to work on /home/airflow/.local/lib/python3.8/site-packages/airflow/example_dags/example_xcomargs.py
[2026-01-17T18:05:33.424+0000] {processor.py:830} INFO - Processing file /home/airflow/.local/lib/python3.8/site-packages/airflow/example_dags/example_xcomargs.py for tasks to queue
[2026-01-17T18:05:33.427+0000] {logging_mixin.py:188} INFO - [2026-01-17T18:05:33.427+0000] {dagbag.py:538} INFO - Filling up the DagBag from /home/airflow/.local/lib/python3.8/site-packages/airflow/example_dags/example_xcomargs.py
[2026-01-17T18:05:33.563+0000] {processor.py:840} INFO - DAG(s) 'example_xcom_args_with_operators', 'example_xcom_args' retrieved from /home/airflow/.local/lib/python3.8/site-packages/airflow/example_dags/example_xcomargs.py
[2026-01-17T18:05:33.700+0000] {logging_mixin.py:188} INFO - [2026-01-17T18:05:33.700+0000] {dag.py:3036} INFO - Sync 2 DAGs
[2026-01-17T18:05:33.713+0000] {logging_mixin.py:188} INFO - [2026-01-17T18:05:33.713+0000] {dag.py:3823} INFO - Setting next_dagrun for example_xcom_args to None, run_after=None
[2026-01-17T18:05:33.719+0000] {logging_mixin.py:188} INFO - [2026-01-17T18:05:33.719+0000] {dag.py:3823} INFO - Setting next_dagrun for example_xcom_args_with_operators to None, run_after=None
[2026-01-17T18:05:33.747+0000] {processor.py:183} INFO - Processing /home/airflow/.local/lib/python3.8/site-packages/airflow/example_dags/example_xcomargs.py took 0.328 seconds
[2026-01-17T18:06:04.236+0000] {processor.py:161} INFO - Started process (PID=169) to work on /home/airflow/.local/lib/python3.8/site-packages/airflow/example_dags/example_xcomargs.py
[2026-01-17T18:06:04.237+0000] {processor.py:830} INFO - Processing file /home/airflow/.local/lib/python3.8/site-packages/airflow/example_dags/example_xcomargs.py for tasks to queue
[2026-01-17T18:06:04.240+0000] {logging_mixin.py:188} INFO - [2026-01-17T18:06:04.239+0000] {dagbag.py:538} INFO - Filling up the DagBag from /home/airflow/.local/lib/python3.8/site-packages/airflow/example_dags/example_xcomargs.py
[2026-01-17T18:06:04.249+0000] {processor.py:840} INFO - DAG(s) 'example_xcom_args_with_operators', 'example_xcom_args' retrieved from /home/airflow/.local/lib/python3.8/site-packages/airflow/example_dags/example_xcomargs.py
[2026-01-17T18:06:04.276+0000] {logging_mixin.py:188} INFO - [2026-01-17T18:06:04.276+0000] {dag.py:3036} INFO - Sync 2 DAGs
[2026-01-17T18:06:04.291+0000] {logging_mixin.py:188} INFO - [2026-01-17T18:06:04.291+0000] {dag.py:3823} INFO - Setting next_dagrun for example_xcom_args to None, run_after=None
[2026-01-17T18:06:04.296+0000] {logging_mixin.py:188} INFO - [2026-01-17T18:06:04.296+0000] {dag.py:3823} INFO - Setting next_dagrun for example_xcom_args_with_operators to None, run_after=None
[2026-01-17T18:06:04.318+0000] {processor.py:183} INFO - Processing /home/airflow/.local/lib/python3.8/site-packages/airflow/example_dags/example_xcomargs.py took 0.087 seconds
[2026-01-17T18:06:34.661+0000] {processor.py:161} INFO - Started process (PID=224) to work on /home/airflow/.local/lib/python3.8/site-packages/airflow/example_dags/example_xcomargs.py
[2026-01-17T18:06:34.663+0000] {processor.py:830} INFO - Processing file /home/airflow/.local/lib/python3.8/site-packages/airflow/example_dags/example_xcomargs.py for tasks to queue
[2026-01-17T18:06:34.666+0000] {logging_mixin.py:188} INFO - [2026-01-17T18:06:34.666+0000] {dagbag.py:538} INFO - Filling up the DagBag from /home/airflow/.local/lib/python3.8/site-packages/airflow/example_dags/example_xcomargs.py
[2026-01-17T18:06:34.675+0000] {processor.py:840} INFO - DAG(s) 'example_xcom_args_with_operators', 'example_xcom_args' retrieved from /home/airflow/.local/lib/python3.8/site-packages/airflow/example_dags/example_xcomargs.py
[2026-01-17T18:06:34.703+0000] {logging_mixin.py:188} INFO - [2026-01-17T18:06:34.703+0000] {dag.py:3036} INFO - Sync 2 DAGs
[2026-01-17T18:06:34.717+0000] {logging_mixin.py:188} INFO - [2026-01-17T18:06:34.717+0000] {dag.py:3823} INFO - Setting next_dagrun for example_xcom_args to None, run_after=None
[2026-01-17T18:06:34.953+0000] {logging_mixin.py:188} INFO - [2026-01-17T18:06:34.952+0000] {dag.py:3823} INFO - Setting next_dagrun for example_xcom_args_with_operators to None, run_after=None
[2026-01-17T18:06:34.978+0000] {processor.py:183} INFO - Processing /home/airflow/.local/lib/python3.8/site-packages/airflow/example_dags/example_xcomargs.py took 0.322 seconds
[2026-01-17T18:07:05.098+0000] {processor.py:161} INFO - Started process (PID=279) to work on /home/airflow/.local/lib/python3.8/site-packages/airflow/example_dags/example_xcomargs.py
[2026-01-17T18:07:05.100+0000] {processor.py:830} INFO - Processing file /home/airflow/.local/lib/python3.8/site-packages/airflow/example_dags/example_xcomargs.py for tasks to queue
[2026-01-17T18:07:05.102+0000] {logging_mixin.py:188} INFO - [2026-01-17T18:07:05.102+0000] {dagbag.py:538} INFO - Filling up the DagBag from /home/airflow/.local/lib/python3.8/site-packages/airflow/example_dags/example_xcomargs.py
[2026-01-17T18:07:05.112+0000] {processor.py:840} INFO - DAG(s) 'example_xcom_args', 'example_xcom_args_with_operators' retrieved from /home/airflow/.local/lib/python3.8/site-packages/airflow/example_dags/example_xcomargs.py
[2026-01-17T18:07:05.139+0000] {logging_mixin.py:188} INFO - [2026-01-17T18:07:05.139+0000] {dag.py:3036} INFO - Sync 2 DAGs
[2026-01-17T18:07:05.153+0000] {logging_mixin.py:188} INFO - [2026-01-17T18:07:05.153+0000] {dag.py:3823} INFO - Setting next_dagrun for example_xcom_args to None, run_after=None
[2026-01-17T18:07:05.157+0000] {logging_mixin.py:188} INFO - [2026-01-17T18:07:05.157+0000] {dag.py:3823} INFO - Setting next_dagrun for example_xcom_args_with_operators to None, run_after=None
[2026-01-17T18:07:05.177+0000] {processor.py:183} INFO - Processing /home/airflow/.local/lib/python3.8/site-packages/airflow/example_dags/example_xcomargs.py took 0.083 seconds
[2026-01-17T18:07:35.624+0000] {processor.py:161} INFO - Started process (PID=334) to work on /home/airflow/.local/lib/python3.8/site-packages/airflow/example_dags/example_xcomargs.py
[2026-01-17T18:07:35.626+0000] {processor.py:830} INFO - Processing file /home/airflow/.local/lib/python3.8/site-packages/airflow/example_dags/example_xcomargs.py for tasks to queue
[2026-01-17T18:07:35.628+0000] {logging_mixin.py:188} INFO - [2026-01-17T18:07:35.628+0000] {dagbag.py:538} INFO - Filling up the DagBag from /home/airflow/.local/lib/python3.8/site-packages/airflow/example_dags/example_xcomargs.py
[2026-01-17T18:07:35.638+0000] {processor.py:840} INFO - DAG(s) 'example_xcom_args', 'example_xcom_args_with_operators' retrieved from /home/airflow/.local/lib/python3.8/site-packages/airflow/example_dags/example_xcomargs.py
[2026-01-17T18:07:35.666+0000] {logging_mixin.py:188} INFO - [2026-01-17T18:07:35.666+0000] {dag.py:3036} INFO - Sync 2 DAGs
[2026-01-17T18:07:35.679+0000] {logging_mixin.py:188} INFO - [2026-01-17T18:07:35.679+0000] {dag.py:3823} INFO - Setting next_dagrun for example_xcom_args to None, run_after=None
[2026-01-17T18:07:35.684+0000] {logging_mixin.py:188} INFO - [2026-01-17T18:07:35.684+0000] {dag.py:3823} INFO - Setting next_dagrun for example_xcom_args_with_operators to None, run_after=None
[2026-01-17T18:07:35.705+0000] {processor.py:183} INFO - Processing /home/airflow/.local/lib/python3.8/site-packages/airflow/example_dags/example_xcomargs.py took 0.085 seconds
[2026-01-17T18:08:06.337+0000] {processor.py:161} INFO - Started process (PID=389) to work on /home/airflow/.local/lib/python3.8/site-packages/airflow/example_dags/example_xcomargs.py
[2026-01-17T18:08:06.339+0000] {processor.py:830} INFO - Processing file /home/airflow/.local/lib/python3.8/site-packages/airflow/example_dags/example_xcomargs.py for tasks to queue
[2026-01-17T18:08:06.342+0000] {logging_mixin.py:188} INFO - [2026-01-17T18:08:06.342+0000] {dagbag.py:538} INFO - Filling up the DagBag from /home/airflow/.local/lib/python3.8/site-packages/airflow/example_dags/example_xcomargs.py
[2026-01-17T18:08:06.352+0000] {processor.py:840} INFO - DAG(s) 'example_xcom_args_with_operators', 'example_xcom_args' retrieved from /home/airflow/.local/lib/python3.8/site-packages/airflow/example_dags/example_xcomargs.py
[2026-01-17T18:08:06.389+0000] {logging_mixin.py:188} INFO - [2026-01-17T18:08:06.389+0000] {dag.py:3036} INFO - Sync 2 DAGs
[2026-01-17T18:08:06.420+0000] {logging_mixin.py:188} INFO - [2026-01-17T18:08:06.419+0000] {dag.py:3823} INFO - Setting next_dagrun for example_xcom_args to None, run_after=None
[2026-01-17T18:08:06.424+0000] {logging_mixin.py:188} INFO - [2026-01-17T18:08:06.424+0000] {dag.py:3823} INFO - Setting next_dagrun for example_xcom_args_with_operators to None, run_after=None
[2026-01-17T18:08:06.443+0000] {processor.py:183} INFO - Processing /home/airflow/.local/lib/python3.8/site-packages/airflow/example_dags/example_xcomargs.py took 0.109 seconds
[2026-01-17T18:08:36.974+0000] {processor.py:161} INFO - Started process (PID=444) to work on /home/airflow/.local/lib/python3.8/site-packages/airflow/example_dags/example_xcomargs.py
[2026-01-17T18:08:36.976+0000] {processor.py:830} INFO - Processing file /home/airflow/.local/lib/python3.8/site-packages/airflow/example_dags/example_xcomargs.py for tasks to queue
[2026-01-17T18:08:36.979+0000] {logging_mixin.py:188} INFO - [2026-01-17T18:08:36.978+0000] {dagbag.py:538} INFO - Filling up the DagBag from /home/airflow/.local/lib/python3.8/site-packages/airflow/example_dags/example_xcomargs.py
[2026-01-17T18:08:36.991+0000] {processor.py:840} INFO - DAG(s) 'example_xcom_args', 'example_xcom_args_with_operators' retrieved from /home/airflow/.local/lib/python3.8/site-packages/airflow/example_dags/example_xcomargs.py
[2026-01-17T18:08:37.020+0000] {logging_mixin.py:188} INFO - [2026-01-17T18:08:37.019+0000] {dag.py:3036} INFO - Sync 2 DAGs
[2026-01-17T18:08:37.035+0000] {logging_mixin.py:188} INFO - [2026-01-17T18:08:37.035+0000] {dag.py:3823} INFO - Setting next_dagrun for example_xcom_args to None, run_after=None
[2026-01-17T18:08:37.041+0000] {logging_mixin.py:188} INFO - [2026-01-17T18:08:37.040+0000] {dag.py:3823} INFO - Setting next_dagrun for example_xcom_args_with_operators to None, run_after=None
[2026-01-17T18:08:37.064+0000] {processor.py:183} INFO - Processing /home/airflow/.local/lib/python3.8/site-packages/airflow/example_dags/example_xcomargs.py took 0.095 seconds
