[2026-01-17T18:05:32.260+0000] {processor.py:161} INFO - Started process (PID=110) to work on /home/airflow/.local/lib/python3.8/site-packages/airflow/example_dags/example_bash_operator.py
[2026-01-17T18:05:32.262+0000] {processor.py:830} INFO - Processing file /home/airflow/.local/lib/python3.8/site-packages/airflow/example_dags/example_bash_operator.py for tasks to queue
[2026-01-17T18:05:32.265+0000] {logging_mixin.py:188} INFO - [2026-01-17T18:05:32.265+0000] {dagbag.py:538} INFO - Filling up the DagBag from /home/airflow/.local/lib/python3.8/site-packages/airflow/example_dags/example_bash_operator.py
[2026-01-17T18:05:32.284+0000] {processor.py:840} INFO - DAG(s) 'example_bash_operator' retrieved from /home/airflow/.local/lib/python3.8/site-packages/airflow/example_dags/example_bash_operator.py
[2026-01-17T18:05:32.766+0000] {logging_mixin.py:188} INFO - [2026-01-17T18:05:32.766+0000] {dag.py:3036} INFO - Sync 1 DAGs
[2026-01-17T18:05:32.787+0000] {logging_mixin.py:188} INFO - [2026-01-17T18:05:32.787+0000] {dag.py:3823} INFO - Setting next_dagrun for example_bash_operator to 2026-01-16 00:00:00+00:00, run_after=2026-01-17 00:00:00+00:00
[2026-01-17T18:05:32.812+0000] {processor.py:183} INFO - Processing /home/airflow/.local/lib/python3.8/site-packages/airflow/example_dags/example_bash_operator.py took 0.557 seconds
[2026-01-17T18:06:02.898+0000] {processor.py:161} INFO - Started process (PID=164) to work on /home/airflow/.local/lib/python3.8/site-packages/airflow/example_dags/example_bash_operator.py
[2026-01-17T18:06:02.900+0000] {processor.py:830} INFO - Processing file /home/airflow/.local/lib/python3.8/site-packages/airflow/example_dags/example_bash_operator.py for tasks to queue
[2026-01-17T18:06:02.902+0000] {logging_mixin.py:188} INFO - [2026-01-17T18:06:02.901+0000] {dagbag.py:538} INFO - Filling up the DagBag from /home/airflow/.local/lib/python3.8/site-packages/airflow/example_dags/example_bash_operator.py
[2026-01-17T18:06:02.914+0000] {processor.py:840} INFO - DAG(s) 'example_bash_operator' retrieved from /home/airflow/.local/lib/python3.8/site-packages/airflow/example_dags/example_bash_operator.py
[2026-01-17T18:06:02.944+0000] {logging_mixin.py:188} INFO - [2026-01-17T18:06:02.944+0000] {dag.py:3036} INFO - Sync 1 DAGs
[2026-01-17T18:06:02.966+0000] {logging_mixin.py:188} INFO - [2026-01-17T18:06:02.966+0000] {dag.py:3823} INFO - Setting next_dagrun for example_bash_operator to 2026-01-16 00:00:00+00:00, run_after=2026-01-17 00:00:00+00:00
[2026-01-17T18:06:02.987+0000] {processor.py:183} INFO - Processing /home/airflow/.local/lib/python3.8/site-packages/airflow/example_dags/example_bash_operator.py took 0.092 seconds
[2026-01-17T18:06:33.251+0000] {processor.py:161} INFO - Started process (PID=219) to work on /home/airflow/.local/lib/python3.8/site-packages/airflow/example_dags/example_bash_operator.py
[2026-01-17T18:06:33.253+0000] {processor.py:830} INFO - Processing file /home/airflow/.local/lib/python3.8/site-packages/airflow/example_dags/example_bash_operator.py for tasks to queue
[2026-01-17T18:06:33.255+0000] {logging_mixin.py:188} INFO - [2026-01-17T18:06:33.255+0000] {dagbag.py:538} INFO - Filling up the DagBag from /home/airflow/.local/lib/python3.8/site-packages/airflow/example_dags/example_bash_operator.py
[2026-01-17T18:06:33.272+0000] {processor.py:840} INFO - DAG(s) 'example_bash_operator' retrieved from /home/airflow/.local/lib/python3.8/site-packages/airflow/example_dags/example_bash_operator.py
[2026-01-17T18:06:33.308+0000] {logging_mixin.py:188} INFO - [2026-01-17T18:06:33.307+0000] {dag.py:3036} INFO - Sync 1 DAGs
[2026-01-17T18:06:33.341+0000] {logging_mixin.py:188} INFO - [2026-01-17T18:06:33.341+0000] {dag.py:3823} INFO - Setting next_dagrun for example_bash_operator to 2026-01-16 00:00:00+00:00, run_after=2026-01-17 00:00:00+00:00
[2026-01-17T18:06:33.374+0000] {processor.py:183} INFO - Processing /home/airflow/.local/lib/python3.8/site-packages/airflow/example_dags/example_bash_operator.py took 0.128 seconds
[2026-01-17T18:07:03.629+0000] {processor.py:161} INFO - Started process (PID=274) to work on /home/airflow/.local/lib/python3.8/site-packages/airflow/example_dags/example_bash_operator.py
[2026-01-17T18:07:03.631+0000] {processor.py:830} INFO - Processing file /home/airflow/.local/lib/python3.8/site-packages/airflow/example_dags/example_bash_operator.py for tasks to queue
[2026-01-17T18:07:03.634+0000] {logging_mixin.py:188} INFO - [2026-01-17T18:07:03.633+0000] {dagbag.py:538} INFO - Filling up the DagBag from /home/airflow/.local/lib/python3.8/site-packages/airflow/example_dags/example_bash_operator.py
[2026-01-17T18:07:03.647+0000] {processor.py:840} INFO - DAG(s) 'example_bash_operator' retrieved from /home/airflow/.local/lib/python3.8/site-packages/airflow/example_dags/example_bash_operator.py
[2026-01-17T18:07:03.679+0000] {logging_mixin.py:188} INFO - [2026-01-17T18:07:03.679+0000] {dag.py:3036} INFO - Sync 1 DAGs
[2026-01-17T18:07:03.704+0000] {logging_mixin.py:188} INFO - [2026-01-17T18:07:03.703+0000] {dag.py:3823} INFO - Setting next_dagrun for example_bash_operator to 2026-01-16 00:00:00+00:00, run_after=2026-01-17 00:00:00+00:00
[2026-01-17T18:07:03.728+0000] {processor.py:183} INFO - Processing /home/airflow/.local/lib/python3.8/site-packages/airflow/example_dags/example_bash_operator.py took 0.103 seconds
[2026-01-17T18:07:34.162+0000] {processor.py:161} INFO - Started process (PID=329) to work on /home/airflow/.local/lib/python3.8/site-packages/airflow/example_dags/example_bash_operator.py
[2026-01-17T18:07:34.163+0000] {processor.py:830} INFO - Processing file /home/airflow/.local/lib/python3.8/site-packages/airflow/example_dags/example_bash_operator.py for tasks to queue
[2026-01-17T18:07:34.166+0000] {logging_mixin.py:188} INFO - [2026-01-17T18:07:34.165+0000] {dagbag.py:538} INFO - Filling up the DagBag from /home/airflow/.local/lib/python3.8/site-packages/airflow/example_dags/example_bash_operator.py
[2026-01-17T18:07:34.179+0000] {processor.py:840} INFO - DAG(s) 'example_bash_operator' retrieved from /home/airflow/.local/lib/python3.8/site-packages/airflow/example_dags/example_bash_operator.py
[2026-01-17T18:07:34.212+0000] {logging_mixin.py:188} INFO - [2026-01-17T18:07:34.212+0000] {dag.py:3036} INFO - Sync 1 DAGs
[2026-01-17T18:07:34.236+0000] {logging_mixin.py:188} INFO - [2026-01-17T18:07:34.236+0000] {dag.py:3823} INFO - Setting next_dagrun for example_bash_operator to 2026-01-16 00:00:00+00:00, run_after=2026-01-17 00:00:00+00:00
[2026-01-17T18:07:34.259+0000] {processor.py:183} INFO - Processing /home/airflow/.local/lib/python3.8/site-packages/airflow/example_dags/example_bash_operator.py took 0.102 seconds
[2026-01-17T18:08:05.252+0000] {processor.py:161} INFO - Started process (PID=384) to work on /home/airflow/.local/lib/python3.8/site-packages/airflow/example_dags/example_bash_operator.py
[2026-01-17T18:08:05.253+0000] {processor.py:830} INFO - Processing file /home/airflow/.local/lib/python3.8/site-packages/airflow/example_dags/example_bash_operator.py for tasks to queue
[2026-01-17T18:08:05.256+0000] {logging_mixin.py:188} INFO - [2026-01-17T18:08:05.256+0000] {dagbag.py:538} INFO - Filling up the DagBag from /home/airflow/.local/lib/python3.8/site-packages/airflow/example_dags/example_bash_operator.py
[2026-01-17T18:08:05.269+0000] {processor.py:840} INFO - DAG(s) 'example_bash_operator' retrieved from /home/airflow/.local/lib/python3.8/site-packages/airflow/example_dags/example_bash_operator.py
[2026-01-17T18:08:05.299+0000] {logging_mixin.py:188} INFO - [2026-01-17T18:08:05.299+0000] {dag.py:3036} INFO - Sync 1 DAGs
[2026-01-17T18:08:05.323+0000] {logging_mixin.py:188} INFO - [2026-01-17T18:08:05.323+0000] {dag.py:3823} INFO - Setting next_dagrun for example_bash_operator to 2026-01-16 00:00:00+00:00, run_after=2026-01-17 00:00:00+00:00
[2026-01-17T18:08:05.344+0000] {processor.py:183} INFO - Processing /home/airflow/.local/lib/python3.8/site-packages/airflow/example_dags/example_bash_operator.py took 0.096 seconds
[2026-01-17T18:08:36.270+0000] {processor.py:161} INFO - Started process (PID=439) to work on /home/airflow/.local/lib/python3.8/site-packages/airflow/example_dags/example_bash_operator.py
[2026-01-17T18:08:36.273+0000] {processor.py:830} INFO - Processing file /home/airflow/.local/lib/python3.8/site-packages/airflow/example_dags/example_bash_operator.py for tasks to queue
[2026-01-17T18:08:36.300+0000] {logging_mixin.py:188} INFO - [2026-01-17T18:08:36.300+0000] {dagbag.py:538} INFO - Filling up the DagBag from /home/airflow/.local/lib/python3.8/site-packages/airflow/example_dags/example_bash_operator.py
[2026-01-17T18:08:36.333+0000] {processor.py:840} INFO - DAG(s) 'example_bash_operator' retrieved from /home/airflow/.local/lib/python3.8/site-packages/airflow/example_dags/example_bash_operator.py
[2026-01-17T18:08:36.378+0000] {logging_mixin.py:188} INFO - [2026-01-17T18:08:36.378+0000] {dag.py:3036} INFO - Sync 1 DAGs
[2026-01-17T18:08:36.415+0000] {logging_mixin.py:188} INFO - [2026-01-17T18:08:36.414+0000] {dag.py:3823} INFO - Setting next_dagrun for example_bash_operator to 2026-01-16 00:00:00+00:00, run_after=2026-01-17 00:00:00+00:00
[2026-01-17T18:08:36.437+0000] {processor.py:183} INFO - Processing /home/airflow/.local/lib/python3.8/site-packages/airflow/example_dags/example_bash_operator.py took 0.179 seconds
