[2026-01-17T18:05:32.876+0000] {processor.py:161} INFO - Started process (PID=111) to work on /home/airflow/.local/lib/python3.8/site-packages/airflow/example_dags/example_branch_day_of_week_operator.py
[2026-01-17T18:05:32.878+0000] {processor.py:830} INFO - Processing file /home/airflow/.local/lib/python3.8/site-packages/airflow/example_dags/example_branch_day_of_week_operator.py for tasks to queue
[2026-01-17T18:05:32.880+0000] {logging_mixin.py:188} INFO - [2026-01-17T18:05:32.880+0000] {dagbag.py:538} INFO - Filling up the DagBag from /home/airflow/.local/lib/python3.8/site-packages/airflow/example_dags/example_branch_day_of_week_operator.py
[2026-01-17T18:05:32.893+0000] {processor.py:840} INFO - DAG(s) 'example_weekday_branch_operator' retrieved from /home/airflow/.local/lib/python3.8/site-packages/airflow/example_dags/example_branch_day_of_week_operator.py
[2026-01-17T18:05:33.121+0000] {logging_mixin.py:188} INFO - [2026-01-17T18:05:33.121+0000] {dag.py:3036} INFO - Sync 1 DAGs
[2026-01-17T18:05:33.146+0000] {logging_mixin.py:188} INFO - [2026-01-17T18:05:33.145+0000] {dag.py:3823} INFO - Setting next_dagrun for example_weekday_branch_operator to 2026-01-16 00:00:00+00:00, run_after=2026-01-17 00:00:00+00:00
[2026-01-17T18:05:33.172+0000] {processor.py:183} INFO - Processing /home/airflow/.local/lib/python3.8/site-packages/airflow/example_dags/example_branch_day_of_week_operator.py took 0.301 seconds
[2026-01-17T18:06:03.925+0000] {processor.py:161} INFO - Started process (PID=166) to work on /home/airflow/.local/lib/python3.8/site-packages/airflow/example_dags/example_branch_day_of_week_operator.py
[2026-01-17T18:06:03.927+0000] {processor.py:830} INFO - Processing file /home/airflow/.local/lib/python3.8/site-packages/airflow/example_dags/example_branch_day_of_week_operator.py for tasks to queue
[2026-01-17T18:06:03.929+0000] {logging_mixin.py:188} INFO - [2026-01-17T18:06:03.929+0000] {dagbag.py:538} INFO - Filling up the DagBag from /home/airflow/.local/lib/python3.8/site-packages/airflow/example_dags/example_branch_day_of_week_operator.py
[2026-01-17T18:06:03.940+0000] {processor.py:840} INFO - DAG(s) 'example_weekday_branch_operator' retrieved from /home/airflow/.local/lib/python3.8/site-packages/airflow/example_dags/example_branch_day_of_week_operator.py
[2026-01-17T18:06:03.967+0000] {logging_mixin.py:188} INFO - [2026-01-17T18:06:03.967+0000] {dag.py:3036} INFO - Sync 1 DAGs
[2026-01-17T18:06:03.994+0000] {logging_mixin.py:188} INFO - [2026-01-17T18:06:03.994+0000] {dag.py:3823} INFO - Setting next_dagrun for example_weekday_branch_operator to 2026-01-16 00:00:00+00:00, run_after=2026-01-17 00:00:00+00:00
[2026-01-17T18:06:04.020+0000] {processor.py:183} INFO - Processing /home/airflow/.local/lib/python3.8/site-packages/airflow/example_dags/example_branch_day_of_week_operator.py took 0.099 seconds
[2026-01-17T18:06:34.293+0000] {processor.py:161} INFO - Started process (PID=221) to work on /home/airflow/.local/lib/python3.8/site-packages/airflow/example_dags/example_branch_day_of_week_operator.py
[2026-01-17T18:06:34.294+0000] {processor.py:830} INFO - Processing file /home/airflow/.local/lib/python3.8/site-packages/airflow/example_dags/example_branch_day_of_week_operator.py for tasks to queue
[2026-01-17T18:06:34.297+0000] {logging_mixin.py:188} INFO - [2026-01-17T18:06:34.296+0000] {dagbag.py:538} INFO - Filling up the DagBag from /home/airflow/.local/lib/python3.8/site-packages/airflow/example_dags/example_branch_day_of_week_operator.py
[2026-01-17T18:06:34.307+0000] {processor.py:840} INFO - DAG(s) 'example_weekday_branch_operator' retrieved from /home/airflow/.local/lib/python3.8/site-packages/airflow/example_dags/example_branch_day_of_week_operator.py
[2026-01-17T18:06:34.341+0000] {logging_mixin.py:188} INFO - [2026-01-17T18:06:34.340+0000] {dag.py:3036} INFO - Sync 1 DAGs
[2026-01-17T18:06:34.367+0000] {logging_mixin.py:188} INFO - [2026-01-17T18:06:34.366+0000] {dag.py:3823} INFO - Setting next_dagrun for example_weekday_branch_operator to 2026-01-16 00:00:00+00:00, run_after=2026-01-17 00:00:00+00:00
[2026-01-17T18:06:34.399+0000] {processor.py:183} INFO - Processing /home/airflow/.local/lib/python3.8/site-packages/airflow/example_dags/example_branch_day_of_week_operator.py took 0.111 seconds
[2026-01-17T18:07:04.661+0000] {processor.py:161} INFO - Started process (PID=275) to work on /home/airflow/.local/lib/python3.8/site-packages/airflow/example_dags/example_branch_day_of_week_operator.py
[2026-01-17T18:07:04.662+0000] {processor.py:830} INFO - Processing file /home/airflow/.local/lib/python3.8/site-packages/airflow/example_dags/example_branch_day_of_week_operator.py for tasks to queue
[2026-01-17T18:07:04.665+0000] {logging_mixin.py:188} INFO - [2026-01-17T18:07:04.664+0000] {dagbag.py:538} INFO - Filling up the DagBag from /home/airflow/.local/lib/python3.8/site-packages/airflow/example_dags/example_branch_day_of_week_operator.py
[2026-01-17T18:07:04.673+0000] {processor.py:840} INFO - DAG(s) 'example_weekday_branch_operator' retrieved from /home/airflow/.local/lib/python3.8/site-packages/airflow/example_dags/example_branch_day_of_week_operator.py
[2026-01-17T18:07:04.700+0000] {logging_mixin.py:188} INFO - [2026-01-17T18:07:04.700+0000] {dag.py:3036} INFO - Sync 1 DAGs
[2026-01-17T18:07:04.729+0000] {logging_mixin.py:188} INFO - [2026-01-17T18:07:04.728+0000] {dag.py:3823} INFO - Setting next_dagrun for example_weekday_branch_operator to 2026-01-16 00:00:00+00:00, run_after=2026-01-17 00:00:00+00:00
[2026-01-17T18:07:04.754+0000] {processor.py:183} INFO - Processing /home/airflow/.local/lib/python3.8/site-packages/airflow/example_dags/example_branch_day_of_week_operator.py took 0.097 seconds
[2026-01-17T18:07:35.179+0000] {processor.py:161} INFO - Started process (PID=331) to work on /home/airflow/.local/lib/python3.8/site-packages/airflow/example_dags/example_branch_day_of_week_operator.py
[2026-01-17T18:07:35.181+0000] {processor.py:830} INFO - Processing file /home/airflow/.local/lib/python3.8/site-packages/airflow/example_dags/example_branch_day_of_week_operator.py for tasks to queue
[2026-01-17T18:07:35.184+0000] {logging_mixin.py:188} INFO - [2026-01-17T18:07:35.184+0000] {dagbag.py:538} INFO - Filling up the DagBag from /home/airflow/.local/lib/python3.8/site-packages/airflow/example_dags/example_branch_day_of_week_operator.py
[2026-01-17T18:07:35.194+0000] {processor.py:840} INFO - DAG(s) 'example_weekday_branch_operator' retrieved from /home/airflow/.local/lib/python3.8/site-packages/airflow/example_dags/example_branch_day_of_week_operator.py
[2026-01-17T18:07:35.223+0000] {logging_mixin.py:188} INFO - [2026-01-17T18:07:35.223+0000] {dag.py:3036} INFO - Sync 1 DAGs
[2026-01-17T18:07:35.255+0000] {logging_mixin.py:188} INFO - [2026-01-17T18:07:35.254+0000] {dag.py:3823} INFO - Setting next_dagrun for example_weekday_branch_operator to 2026-01-16 00:00:00+00:00, run_after=2026-01-17 00:00:00+00:00
[2026-01-17T18:07:35.282+0000] {processor.py:183} INFO - Processing /home/airflow/.local/lib/python3.8/site-packages/airflow/example_dags/example_branch_day_of_week_operator.py took 0.107 seconds
[2026-01-17T18:08:05.387+0000] {processor.py:161} INFO - Started process (PID=385) to work on /home/airflow/.local/lib/python3.8/site-packages/airflow/example_dags/example_branch_day_of_week_operator.py
[2026-01-17T18:08:05.389+0000] {processor.py:830} INFO - Processing file /home/airflow/.local/lib/python3.8/site-packages/airflow/example_dags/example_branch_day_of_week_operator.py for tasks to queue
[2026-01-17T18:08:05.391+0000] {logging_mixin.py:188} INFO - [2026-01-17T18:08:05.391+0000] {dagbag.py:538} INFO - Filling up the DagBag from /home/airflow/.local/lib/python3.8/site-packages/airflow/example_dags/example_branch_day_of_week_operator.py
[2026-01-17T18:08:05.400+0000] {processor.py:840} INFO - DAG(s) 'example_weekday_branch_operator' retrieved from /home/airflow/.local/lib/python3.8/site-packages/airflow/example_dags/example_branch_day_of_week_operator.py
[2026-01-17T18:08:05.423+0000] {logging_mixin.py:188} INFO - [2026-01-17T18:08:05.423+0000] {dag.py:3036} INFO - Sync 1 DAGs
[2026-01-17T18:08:05.448+0000] {logging_mixin.py:188} INFO - [2026-01-17T18:08:05.447+0000] {dag.py:3823} INFO - Setting next_dagrun for example_weekday_branch_operator to 2026-01-16 00:00:00+00:00, run_after=2026-01-17 00:00:00+00:00
[2026-01-17T18:08:06.014+0000] {processor.py:183} INFO - Processing /home/airflow/.local/lib/python3.8/site-packages/airflow/example_dags/example_branch_day_of_week_operator.py took 0.630 seconds
[2026-01-17T18:08:36.332+0000] {processor.py:161} INFO - Started process (PID=440) to work on /home/airflow/.local/lib/python3.8/site-packages/airflow/example_dags/example_branch_day_of_week_operator.py
[2026-01-17T18:08:36.337+0000] {processor.py:830} INFO - Processing file /home/airflow/.local/lib/python3.8/site-packages/airflow/example_dags/example_branch_day_of_week_operator.py for tasks to queue
[2026-01-17T18:08:36.343+0000] {logging_mixin.py:188} INFO - [2026-01-17T18:08:36.343+0000] {dagbag.py:538} INFO - Filling up the DagBag from /home/airflow/.local/lib/python3.8/site-packages/airflow/example_dags/example_branch_day_of_week_operator.py
[2026-01-17T18:08:36.360+0000] {processor.py:840} INFO - DAG(s) 'example_weekday_branch_operator' retrieved from /home/airflow/.local/lib/python3.8/site-packages/airflow/example_dags/example_branch_day_of_week_operator.py
[2026-01-17T18:08:36.393+0000] {logging_mixin.py:188} INFO - [2026-01-17T18:08:36.392+0000] {dag.py:3036} INFO - Sync 1 DAGs
[2026-01-17T18:08:36.419+0000] {logging_mixin.py:188} INFO - [2026-01-17T18:08:36.419+0000] {dag.py:3823} INFO - Setting next_dagrun for example_weekday_branch_operator to 2026-01-16 00:00:00+00:00, run_after=2026-01-17 00:00:00+00:00
[2026-01-17T18:08:36.442+0000] {processor.py:183} INFO - Processing /home/airflow/.local/lib/python3.8/site-packages/airflow/example_dags/example_branch_day_of_week_operator.py took 0.116 seconds
