[2026-01-17T18:05:24.538+0000] {processor.py:161} INFO - Started process (PID=97) to work on /home/airflow/.local/lib/python3.8/site-packages/airflow/example_dags/example_nested_branch_dag.py
[2026-01-17T18:05:24.542+0000] {processor.py:830} INFO - Processing file /home/airflow/.local/lib/python3.8/site-packages/airflow/example_dags/example_nested_branch_dag.py for tasks to queue
[2026-01-17T18:05:24.554+0000] {logging_mixin.py:188} INFO - [2026-01-17T18:05:24.552+0000] {dagbag.py:538} INFO - Filling up the DagBag from /home/airflow/.local/lib/python3.8/site-packages/airflow/example_dags/example_nested_branch_dag.py
[2026-01-17T18:05:24.597+0000] {processor.py:840} INFO - DAG(s) 'example_nested_branch_dag' retrieved from /home/airflow/.local/lib/python3.8/site-packages/airflow/example_dags/example_nested_branch_dag.py
[2026-01-17T18:05:27.049+0000] {logging_mixin.py:188} INFO - [2026-01-17T18:05:27.049+0000] {dag.py:3036} INFO - Sync 1 DAGs
[2026-01-17T18:05:27.075+0000] {logging_mixin.py:188} INFO - [2026-01-17T18:05:27.075+0000] {dag.py:3823} INFO - Setting next_dagrun for example_nested_branch_dag to 2026-01-16 00:00:00+00:00, run_after=2026-01-17 00:00:00+00:00
[2026-01-17T18:05:27.244+0000] {processor.py:183} INFO - Processing /home/airflow/.local/lib/python3.8/site-packages/airflow/example_dags/example_nested_branch_dag.py took 2.784 seconds
[2026-01-17T18:05:57.496+0000] {processor.py:161} INFO - Started process (PID=158) to work on /home/airflow/.local/lib/python3.8/site-packages/airflow/example_dags/example_nested_branch_dag.py
[2026-01-17T18:05:57.498+0000] {processor.py:830} INFO - Processing file /home/airflow/.local/lib/python3.8/site-packages/airflow/example_dags/example_nested_branch_dag.py for tasks to queue
[2026-01-17T18:05:57.500+0000] {logging_mixin.py:188} INFO - [2026-01-17T18:05:57.500+0000] {dagbag.py:538} INFO - Filling up the DagBag from /home/airflow/.local/lib/python3.8/site-packages/airflow/example_dags/example_nested_branch_dag.py
[2026-01-17T18:05:57.511+0000] {processor.py:840} INFO - DAG(s) 'example_nested_branch_dag' retrieved from /home/airflow/.local/lib/python3.8/site-packages/airflow/example_dags/example_nested_branch_dag.py
[2026-01-17T18:05:57.534+0000] {logging_mixin.py:188} INFO - [2026-01-17T18:05:57.534+0000] {dag.py:3036} INFO - Sync 1 DAGs
[2026-01-17T18:05:57.556+0000] {logging_mixin.py:188} INFO - [2026-01-17T18:05:57.556+0000] {dag.py:3823} INFO - Setting next_dagrun for example_nested_branch_dag to 2026-01-16 00:00:00+00:00, run_after=2026-01-17 00:00:00+00:00
[2026-01-17T18:05:57.578+0000] {processor.py:183} INFO - Processing /home/airflow/.local/lib/python3.8/site-packages/airflow/example_dags/example_nested_branch_dag.py took 0.085 seconds
[2026-01-17T18:06:27.861+0000] {processor.py:161} INFO - Started process (PID=213) to work on /home/airflow/.local/lib/python3.8/site-packages/airflow/example_dags/example_nested_branch_dag.py
[2026-01-17T18:06:27.863+0000] {processor.py:830} INFO - Processing file /home/airflow/.local/lib/python3.8/site-packages/airflow/example_dags/example_nested_branch_dag.py for tasks to queue
[2026-01-17T18:06:27.866+0000] {logging_mixin.py:188} INFO - [2026-01-17T18:06:27.865+0000] {dagbag.py:538} INFO - Filling up the DagBag from /home/airflow/.local/lib/python3.8/site-packages/airflow/example_dags/example_nested_branch_dag.py
[2026-01-17T18:06:27.876+0000] {processor.py:840} INFO - DAG(s) 'example_nested_branch_dag' retrieved from /home/airflow/.local/lib/python3.8/site-packages/airflow/example_dags/example_nested_branch_dag.py
[2026-01-17T18:06:27.899+0000] {logging_mixin.py:188} INFO - [2026-01-17T18:06:27.899+0000] {dag.py:3036} INFO - Sync 1 DAGs
[2026-01-17T18:06:27.922+0000] {logging_mixin.py:188} INFO - [2026-01-17T18:06:27.922+0000] {dag.py:3823} INFO - Setting next_dagrun for example_nested_branch_dag to 2026-01-16 00:00:00+00:00, run_after=2026-01-17 00:00:00+00:00
[2026-01-17T18:06:27.946+0000] {processor.py:183} INFO - Processing /home/airflow/.local/lib/python3.8/site-packages/airflow/example_dags/example_nested_branch_dag.py took 0.089 seconds
[2026-01-17T18:06:58.202+0000] {processor.py:161} INFO - Started process (PID=268) to work on /home/airflow/.local/lib/python3.8/site-packages/airflow/example_dags/example_nested_branch_dag.py
[2026-01-17T18:06:58.203+0000] {processor.py:830} INFO - Processing file /home/airflow/.local/lib/python3.8/site-packages/airflow/example_dags/example_nested_branch_dag.py for tasks to queue
[2026-01-17T18:06:58.206+0000] {logging_mixin.py:188} INFO - [2026-01-17T18:06:58.206+0000] {dagbag.py:538} INFO - Filling up the DagBag from /home/airflow/.local/lib/python3.8/site-packages/airflow/example_dags/example_nested_branch_dag.py
[2026-01-17T18:06:58.218+0000] {processor.py:840} INFO - DAG(s) 'example_nested_branch_dag' retrieved from /home/airflow/.local/lib/python3.8/site-packages/airflow/example_dags/example_nested_branch_dag.py
[2026-01-17T18:06:58.244+0000] {logging_mixin.py:188} INFO - [2026-01-17T18:06:58.243+0000] {dag.py:3036} INFO - Sync 1 DAGs
[2026-01-17T18:06:58.267+0000] {logging_mixin.py:188} INFO - [2026-01-17T18:06:58.267+0000] {dag.py:3823} INFO - Setting next_dagrun for example_nested_branch_dag to 2026-01-16 00:00:00+00:00, run_after=2026-01-17 00:00:00+00:00
[2026-01-17T18:06:58.317+0000] {processor.py:183} INFO - Processing /home/airflow/.local/lib/python3.8/site-packages/airflow/example_dags/example_nested_branch_dag.py took 0.119 seconds
[2026-01-17T18:07:28.381+0000] {processor.py:161} INFO - Started process (PID=323) to work on /home/airflow/.local/lib/python3.8/site-packages/airflow/example_dags/example_nested_branch_dag.py
[2026-01-17T18:07:28.383+0000] {processor.py:830} INFO - Processing file /home/airflow/.local/lib/python3.8/site-packages/airflow/example_dags/example_nested_branch_dag.py for tasks to queue
[2026-01-17T18:07:28.386+0000] {logging_mixin.py:188} INFO - [2026-01-17T18:07:28.385+0000] {dagbag.py:538} INFO - Filling up the DagBag from /home/airflow/.local/lib/python3.8/site-packages/airflow/example_dags/example_nested_branch_dag.py
[2026-01-17T18:07:28.397+0000] {processor.py:840} INFO - DAG(s) 'example_nested_branch_dag' retrieved from /home/airflow/.local/lib/python3.8/site-packages/airflow/example_dags/example_nested_branch_dag.py
[2026-01-17T18:07:28.422+0000] {logging_mixin.py:188} INFO - [2026-01-17T18:07:28.422+0000] {dag.py:3036} INFO - Sync 1 DAGs
[2026-01-17T18:07:28.448+0000] {logging_mixin.py:188} INFO - [2026-01-17T18:07:28.448+0000] {dag.py:3823} INFO - Setting next_dagrun for example_nested_branch_dag to 2026-01-16 00:00:00+00:00, run_after=2026-01-17 00:00:00+00:00
[2026-01-17T18:07:28.472+0000] {processor.py:183} INFO - Processing /home/airflow/.local/lib/python3.8/site-packages/airflow/example_dags/example_nested_branch_dag.py took 0.095 seconds
[2026-01-17T18:07:58.777+0000] {processor.py:161} INFO - Started process (PID=378) to work on /home/airflow/.local/lib/python3.8/site-packages/airflow/example_dags/example_nested_branch_dag.py
[2026-01-17T18:07:58.779+0000] {processor.py:830} INFO - Processing file /home/airflow/.local/lib/python3.8/site-packages/airflow/example_dags/example_nested_branch_dag.py for tasks to queue
[2026-01-17T18:07:58.783+0000] {logging_mixin.py:188} INFO - [2026-01-17T18:07:58.782+0000] {dagbag.py:538} INFO - Filling up the DagBag from /home/airflow/.local/lib/python3.8/site-packages/airflow/example_dags/example_nested_branch_dag.py
[2026-01-17T18:07:58.806+0000] {processor.py:840} INFO - DAG(s) 'example_nested_branch_dag' retrieved from /home/airflow/.local/lib/python3.8/site-packages/airflow/example_dags/example_nested_branch_dag.py
[2026-01-17T18:07:58.842+0000] {logging_mixin.py:188} INFO - [2026-01-17T18:07:58.842+0000] {dag.py:3036} INFO - Sync 1 DAGs
[2026-01-17T18:07:58.873+0000] {logging_mixin.py:188} INFO - [2026-01-17T18:07:58.873+0000] {dag.py:3823} INFO - Setting next_dagrun for example_nested_branch_dag to 2026-01-16 00:00:00+00:00, run_after=2026-01-17 00:00:00+00:00
[2026-01-17T18:07:58.907+0000] {processor.py:183} INFO - Processing /home/airflow/.local/lib/python3.8/site-packages/airflow/example_dags/example_nested_branch_dag.py took 0.137 seconds
[2026-01-17T18:08:29.800+0000] {processor.py:161} INFO - Started process (PID=433) to work on /home/airflow/.local/lib/python3.8/site-packages/airflow/example_dags/example_nested_branch_dag.py
[2026-01-17T18:08:29.801+0000] {processor.py:830} INFO - Processing file /home/airflow/.local/lib/python3.8/site-packages/airflow/example_dags/example_nested_branch_dag.py for tasks to queue
[2026-01-17T18:08:29.804+0000] {logging_mixin.py:188} INFO - [2026-01-17T18:08:29.804+0000] {dagbag.py:538} INFO - Filling up the DagBag from /home/airflow/.local/lib/python3.8/site-packages/airflow/example_dags/example_nested_branch_dag.py
[2026-01-17T18:08:29.818+0000] {processor.py:840} INFO - DAG(s) 'example_nested_branch_dag' retrieved from /home/airflow/.local/lib/python3.8/site-packages/airflow/example_dags/example_nested_branch_dag.py
[2026-01-17T18:08:29.845+0000] {logging_mixin.py:188} INFO - [2026-01-17T18:08:29.845+0000] {dag.py:3036} INFO - Sync 1 DAGs
[2026-01-17T18:08:29.867+0000] {logging_mixin.py:188} INFO - [2026-01-17T18:08:29.867+0000] {dag.py:3823} INFO - Setting next_dagrun for example_nested_branch_dag to 2026-01-16 00:00:00+00:00, run_after=2026-01-17 00:00:00+00:00
[2026-01-17T18:08:29.888+0000] {processor.py:183} INFO - Processing /home/airflow/.local/lib/python3.8/site-packages/airflow/example_dags/example_nested_branch_dag.py took 0.092 seconds
