[2026-01-17T18:04:31.252+0000] {processor.py:161} INFO - Started process (PID=70) to work on /home/airflow/.local/lib/python3.8/site-packages/airflow/example_dags/example_kubernetes_executor.py
[2026-01-17T18:04:31.264+0000] {processor.py:830} INFO - Processing file /home/airflow/.local/lib/python3.8/site-packages/airflow/example_dags/example_kubernetes_executor.py for tasks to queue
[2026-01-17T18:04:31.273+0000] {logging_mixin.py:188} INFO - [2026-01-17T18:04:31.272+0000] {dagbag.py:538} INFO - Filling up the DagBag from /home/airflow/.local/lib/python3.8/site-packages/airflow/example_dags/example_kubernetes_executor.py
[2026-01-17T18:04:31.866+0000] {processor.py:840} INFO - DAG(s) 'example_kubernetes_executor' retrieved from /home/airflow/.local/lib/python3.8/site-packages/airflow/example_dags/example_kubernetes_executor.py
[2026-01-17T18:04:39.323+0000] {logging_mixin.py:188} INFO - [2026-01-17T18:04:39.323+0000] {dag.py:3036} INFO - Sync 1 DAGs
[2026-01-17T18:04:39.338+0000] {logging_mixin.py:188} INFO - [2026-01-17T18:04:39.337+0000] {dag.py:3823} INFO - Setting next_dagrun for example_kubernetes_executor to None, run_after=None
[2026-01-17T18:04:39.788+0000] {processor.py:183} INFO - Processing /home/airflow/.local/lib/python3.8/site-packages/airflow/example_dags/example_kubernetes_executor.py took 8.541 seconds
[2026-01-17T18:05:42.073+0000] {processor.py:161} INFO - Started process (PID=132) to work on /home/airflow/.local/lib/python3.8/site-packages/airflow/example_dags/example_kubernetes_executor.py
[2026-01-17T18:05:42.075+0000] {processor.py:830} INFO - Processing file /home/airflow/.local/lib/python3.8/site-packages/airflow/example_dags/example_kubernetes_executor.py for tasks to queue
[2026-01-17T18:05:42.078+0000] {logging_mixin.py:188} INFO - [2026-01-17T18:05:42.077+0000] {dagbag.py:538} INFO - Filling up the DagBag from /home/airflow/.local/lib/python3.8/site-packages/airflow/example_dags/example_kubernetes_executor.py
[2026-01-17T18:05:42.100+0000] {processor.py:840} INFO - DAG(s) 'example_kubernetes_executor' retrieved from /home/airflow/.local/lib/python3.8/site-packages/airflow/example_dags/example_kubernetes_executor.py
[2026-01-17T18:05:42.216+0000] {logging_mixin.py:188} INFO - [2026-01-17T18:05:42.216+0000] {dag.py:3036} INFO - Sync 1 DAGs
[2026-01-17T18:05:42.229+0000] {logging_mixin.py:188} INFO - [2026-01-17T18:05:42.229+0000] {dag.py:3823} INFO - Setting next_dagrun for example_kubernetes_executor to None, run_after=None
[2026-01-17T18:05:42.252+0000] {processor.py:183} INFO - Processing /home/airflow/.local/lib/python3.8/site-packages/airflow/example_dags/example_kubernetes_executor.py took 0.184 seconds
[2026-01-17T18:06:19.636+0000] {processor.py:161} INFO - Started process (PID=187) to work on /home/airflow/.local/lib/python3.8/site-packages/airflow/example_dags/example_kubernetes_executor.py
[2026-01-17T18:06:19.638+0000] {processor.py:830} INFO - Processing file /home/airflow/.local/lib/python3.8/site-packages/airflow/example_dags/example_kubernetes_executor.py for tasks to queue
[2026-01-17T18:06:19.641+0000] {logging_mixin.py:188} INFO - [2026-01-17T18:06:19.641+0000] {dagbag.py:538} INFO - Filling up the DagBag from /home/airflow/.local/lib/python3.8/site-packages/airflow/example_dags/example_kubernetes_executor.py
[2026-01-17T18:06:19.662+0000] {processor.py:840} INFO - DAG(s) 'example_kubernetes_executor' retrieved from /home/airflow/.local/lib/python3.8/site-packages/airflow/example_dags/example_kubernetes_executor.py
[2026-01-17T18:06:19.724+0000] {logging_mixin.py:188} INFO - [2026-01-17T18:06:19.724+0000] {dag.py:3036} INFO - Sync 1 DAGs
[2026-01-17T18:06:19.739+0000] {logging_mixin.py:188} INFO - [2026-01-17T18:06:19.739+0000] {dag.py:3823} INFO - Setting next_dagrun for example_kubernetes_executor to None, run_after=None
[2026-01-17T18:06:19.760+0000] {processor.py:183} INFO - Processing /home/airflow/.local/lib/python3.8/site-packages/airflow/example_dags/example_kubernetes_executor.py took 0.130 seconds
[2026-01-17T18:06:50.300+0000] {processor.py:161} INFO - Started process (PID=240) to work on /home/airflow/.local/lib/python3.8/site-packages/airflow/example_dags/example_kubernetes_executor.py
[2026-01-17T18:06:50.301+0000] {processor.py:830} INFO - Processing file /home/airflow/.local/lib/python3.8/site-packages/airflow/example_dags/example_kubernetes_executor.py for tasks to queue
[2026-01-17T18:06:50.304+0000] {logging_mixin.py:188} INFO - [2026-01-17T18:06:50.303+0000] {dagbag.py:538} INFO - Filling up the DagBag from /home/airflow/.local/lib/python3.8/site-packages/airflow/example_dags/example_kubernetes_executor.py
[2026-01-17T18:06:50.320+0000] {processor.py:840} INFO - DAG(s) 'example_kubernetes_executor' retrieved from /home/airflow/.local/lib/python3.8/site-packages/airflow/example_dags/example_kubernetes_executor.py
[2026-01-17T18:06:50.362+0000] {logging_mixin.py:188} INFO - [2026-01-17T18:06:50.362+0000] {dag.py:3036} INFO - Sync 1 DAGs
[2026-01-17T18:06:50.375+0000] {logging_mixin.py:188} INFO - [2026-01-17T18:06:50.374+0000] {dag.py:3823} INFO - Setting next_dagrun for example_kubernetes_executor to None, run_after=None
[2026-01-17T18:06:50.398+0000] {processor.py:183} INFO - Processing /home/airflow/.local/lib/python3.8/site-packages/airflow/example_dags/example_kubernetes_executor.py took 0.102 seconds
[2026-01-17T18:07:20.784+0000] {processor.py:161} INFO - Started process (PID=295) to work on /home/airflow/.local/lib/python3.8/site-packages/airflow/example_dags/example_kubernetes_executor.py
[2026-01-17T18:07:20.786+0000] {processor.py:830} INFO - Processing file /home/airflow/.local/lib/python3.8/site-packages/airflow/example_dags/example_kubernetes_executor.py for tasks to queue
[2026-01-17T18:07:20.788+0000] {logging_mixin.py:188} INFO - [2026-01-17T18:07:20.788+0000] {dagbag.py:538} INFO - Filling up the DagBag from /home/airflow/.local/lib/python3.8/site-packages/airflow/example_dags/example_kubernetes_executor.py
[2026-01-17T18:07:20.803+0000] {processor.py:840} INFO - DAG(s) 'example_kubernetes_executor' retrieved from /home/airflow/.local/lib/python3.8/site-packages/airflow/example_dags/example_kubernetes_executor.py
[2026-01-17T18:07:20.850+0000] {logging_mixin.py:188} INFO - [2026-01-17T18:07:20.850+0000] {dag.py:3036} INFO - Sync 1 DAGs
[2026-01-17T18:07:20.865+0000] {logging_mixin.py:188} INFO - [2026-01-17T18:07:20.864+0000] {dag.py:3823} INFO - Setting next_dagrun for example_kubernetes_executor to None, run_after=None
[2026-01-17T18:07:20.890+0000] {processor.py:183} INFO - Processing /home/airflow/.local/lib/python3.8/site-packages/airflow/example_dags/example_kubernetes_executor.py took 0.109 seconds
[2026-01-17T18:07:51.061+0000] {processor.py:161} INFO - Started process (PID=350) to work on /home/airflow/.local/lib/python3.8/site-packages/airflow/example_dags/example_kubernetes_executor.py
[2026-01-17T18:07:51.062+0000] {processor.py:830} INFO - Processing file /home/airflow/.local/lib/python3.8/site-packages/airflow/example_dags/example_kubernetes_executor.py for tasks to queue
[2026-01-17T18:07:51.064+0000] {logging_mixin.py:188} INFO - [2026-01-17T18:07:51.064+0000] {dagbag.py:538} INFO - Filling up the DagBag from /home/airflow/.local/lib/python3.8/site-packages/airflow/example_dags/example_kubernetes_executor.py
[2026-01-17T18:07:51.080+0000] {processor.py:840} INFO - DAG(s) 'example_kubernetes_executor' retrieved from /home/airflow/.local/lib/python3.8/site-packages/airflow/example_dags/example_kubernetes_executor.py
[2026-01-17T18:07:51.120+0000] {logging_mixin.py:188} INFO - [2026-01-17T18:07:51.120+0000] {dag.py:3036} INFO - Sync 1 DAGs
[2026-01-17T18:07:51.135+0000] {logging_mixin.py:188} INFO - [2026-01-17T18:07:51.134+0000] {dag.py:3823} INFO - Setting next_dagrun for example_kubernetes_executor to None, run_after=None
[2026-01-17T18:07:51.158+0000] {processor.py:183} INFO - Processing /home/airflow/.local/lib/python3.8/site-packages/airflow/example_dags/example_kubernetes_executor.py took 0.101 seconds
[2026-01-17T18:08:21.705+0000] {processor.py:161} INFO - Started process (PID=405) to work on /home/airflow/.local/lib/python3.8/site-packages/airflow/example_dags/example_kubernetes_executor.py
[2026-01-17T18:08:21.707+0000] {processor.py:830} INFO - Processing file /home/airflow/.local/lib/python3.8/site-packages/airflow/example_dags/example_kubernetes_executor.py for tasks to queue
[2026-01-17T18:08:21.709+0000] {logging_mixin.py:188} INFO - [2026-01-17T18:08:21.709+0000] {dagbag.py:538} INFO - Filling up the DagBag from /home/airflow/.local/lib/python3.8/site-packages/airflow/example_dags/example_kubernetes_executor.py
[2026-01-17T18:08:21.724+0000] {processor.py:840} INFO - DAG(s) 'example_kubernetes_executor' retrieved from /home/airflow/.local/lib/python3.8/site-packages/airflow/example_dags/example_kubernetes_executor.py
[2026-01-17T18:08:21.770+0000] {logging_mixin.py:188} INFO - [2026-01-17T18:08:21.770+0000] {dag.py:3036} INFO - Sync 1 DAGs
[2026-01-17T18:08:21.786+0000] {logging_mixin.py:188} INFO - [2026-01-17T18:08:21.786+0000] {dag.py:3823} INFO - Setting next_dagrun for example_kubernetes_executor to None, run_after=None
[2026-01-17T18:08:21.812+0000] {processor.py:183} INFO - Processing /home/airflow/.local/lib/python3.8/site-packages/airflow/example_dags/example_kubernetes_executor.py took 0.111 seconds
