[2026-01-17T18:05:33.799+0000] {processor.py:161} INFO - Started process (PID=116) to work on /home/airflow/.local/lib/python3.8/site-packages/airflow/example_dags/example_branch_labels.py
[2026-01-17T18:05:33.801+0000] {processor.py:830} INFO - Processing file /home/airflow/.local/lib/python3.8/site-packages/airflow/example_dags/example_branch_labels.py for tasks to queue
[2026-01-17T18:05:33.803+0000] {logging_mixin.py:188} INFO - [2026-01-17T18:05:33.803+0000] {dagbag.py:538} INFO - Filling up the DagBag from /home/airflow/.local/lib/python3.8/site-packages/airflow/example_dags/example_branch_labels.py
[2026-01-17T18:05:33.817+0000] {processor.py:840} INFO - DAG(s) 'example_branch_labels' retrieved from /home/airflow/.local/lib/python3.8/site-packages/airflow/example_dags/example_branch_labels.py
[2026-01-17T18:05:33.947+0000] {logging_mixin.py:188} INFO - [2026-01-17T18:05:33.946+0000] {dag.py:3036} INFO - Sync 1 DAGs
[2026-01-17T18:05:33.973+0000] {logging_mixin.py:188} INFO - [2026-01-17T18:05:33.973+0000] {dag.py:3823} INFO - Setting next_dagrun for example_branch_labels to 2026-01-16 00:00:00+00:00, run_after=2026-01-17 00:00:00+00:00
[2026-01-17T18:05:34.001+0000] {processor.py:183} INFO - Processing /home/airflow/.local/lib/python3.8/site-packages/airflow/example_dags/example_branch_labels.py took 0.206 seconds
[2026-01-17T18:06:04.354+0000] {processor.py:161} INFO - Started process (PID=171) to work on /home/airflow/.local/lib/python3.8/site-packages/airflow/example_dags/example_branch_labels.py
[2026-01-17T18:06:04.356+0000] {processor.py:830} INFO - Processing file /home/airflow/.local/lib/python3.8/site-packages/airflow/example_dags/example_branch_labels.py for tasks to queue
[2026-01-17T18:06:04.358+0000] {logging_mixin.py:188} INFO - [2026-01-17T18:06:04.358+0000] {dagbag.py:538} INFO - Filling up the DagBag from /home/airflow/.local/lib/python3.8/site-packages/airflow/example_dags/example_branch_labels.py
[2026-01-17T18:06:04.367+0000] {processor.py:840} INFO - DAG(s) 'example_branch_labels' retrieved from /home/airflow/.local/lib/python3.8/site-packages/airflow/example_dags/example_branch_labels.py
[2026-01-17T18:06:04.391+0000] {logging_mixin.py:188} INFO - [2026-01-17T18:06:04.390+0000] {dag.py:3036} INFO - Sync 1 DAGs
[2026-01-17T18:06:04.415+0000] {logging_mixin.py:188} INFO - [2026-01-17T18:06:04.415+0000] {dag.py:3823} INFO - Setting next_dagrun for example_branch_labels to 2026-01-16 00:00:00+00:00, run_after=2026-01-17 00:00:00+00:00
[2026-01-17T18:06:04.437+0000] {processor.py:183} INFO - Processing /home/airflow/.local/lib/python3.8/site-packages/airflow/example_dags/example_branch_labels.py took 0.087 seconds
[2026-01-17T18:06:35.176+0000] {processor.py:161} INFO - Started process (PID=226) to work on /home/airflow/.local/lib/python3.8/site-packages/airflow/example_dags/example_branch_labels.py
[2026-01-17T18:06:35.177+0000] {processor.py:830} INFO - Processing file /home/airflow/.local/lib/python3.8/site-packages/airflow/example_dags/example_branch_labels.py for tasks to queue
[2026-01-17T18:06:35.180+0000] {logging_mixin.py:188} INFO - [2026-01-17T18:06:35.179+0000] {dagbag.py:538} INFO - Filling up the DagBag from /home/airflow/.local/lib/python3.8/site-packages/airflow/example_dags/example_branch_labels.py
[2026-01-17T18:06:35.190+0000] {processor.py:840} INFO - DAG(s) 'example_branch_labels' retrieved from /home/airflow/.local/lib/python3.8/site-packages/airflow/example_dags/example_branch_labels.py
[2026-01-17T18:06:35.219+0000] {logging_mixin.py:188} INFO - [2026-01-17T18:06:35.218+0000] {dag.py:3036} INFO - Sync 1 DAGs
[2026-01-17T18:06:35.248+0000] {logging_mixin.py:188} INFO - [2026-01-17T18:06:35.248+0000] {dag.py:3823} INFO - Setting next_dagrun for example_branch_labels to 2026-01-16 00:00:00+00:00, run_after=2026-01-17 00:00:00+00:00
[2026-01-17T18:06:35.279+0000] {processor.py:183} INFO - Processing /home/airflow/.local/lib/python3.8/site-packages/airflow/example_dags/example_branch_labels.py took 0.108 seconds
[2026-01-17T18:07:05.362+0000] {processor.py:161} INFO - Started process (PID=281) to work on /home/airflow/.local/lib/python3.8/site-packages/airflow/example_dags/example_branch_labels.py
[2026-01-17T18:07:05.364+0000] {processor.py:830} INFO - Processing file /home/airflow/.local/lib/python3.8/site-packages/airflow/example_dags/example_branch_labels.py for tasks to queue
[2026-01-17T18:07:05.366+0000] {logging_mixin.py:188} INFO - [2026-01-17T18:07:05.366+0000] {dagbag.py:538} INFO - Filling up the DagBag from /home/airflow/.local/lib/python3.8/site-packages/airflow/example_dags/example_branch_labels.py
[2026-01-17T18:07:05.375+0000] {processor.py:840} INFO - DAG(s) 'example_branch_labels' retrieved from /home/airflow/.local/lib/python3.8/site-packages/airflow/example_dags/example_branch_labels.py
[2026-01-17T18:07:05.399+0000] {logging_mixin.py:188} INFO - [2026-01-17T18:07:05.399+0000] {dag.py:3036} INFO - Sync 1 DAGs
[2026-01-17T18:07:05.423+0000] {logging_mixin.py:188} INFO - [2026-01-17T18:07:05.423+0000] {dag.py:3823} INFO - Setting next_dagrun for example_branch_labels to 2026-01-16 00:00:00+00:00, run_after=2026-01-17 00:00:00+00:00
[2026-01-17T18:07:05.447+0000] {processor.py:183} INFO - Processing /home/airflow/.local/lib/python3.8/site-packages/airflow/example_dags/example_branch_labels.py took 0.090 seconds
[2026-01-17T18:07:35.894+0000] {processor.py:161} INFO - Started process (PID=336) to work on /home/airflow/.local/lib/python3.8/site-packages/airflow/example_dags/example_branch_labels.py
[2026-01-17T18:07:35.895+0000] {processor.py:830} INFO - Processing file /home/airflow/.local/lib/python3.8/site-packages/airflow/example_dags/example_branch_labels.py for tasks to queue
[2026-01-17T18:07:35.898+0000] {logging_mixin.py:188} INFO - [2026-01-17T18:07:35.897+0000] {dagbag.py:538} INFO - Filling up the DagBag from /home/airflow/.local/lib/python3.8/site-packages/airflow/example_dags/example_branch_labels.py
[2026-01-17T18:07:35.909+0000] {processor.py:840} INFO - DAG(s) 'example_branch_labels' retrieved from /home/airflow/.local/lib/python3.8/site-packages/airflow/example_dags/example_branch_labels.py
[2026-01-17T18:07:35.950+0000] {logging_mixin.py:188} INFO - [2026-01-17T18:07:35.949+0000] {dag.py:3036} INFO - Sync 1 DAGs
[2026-01-17T18:07:35.979+0000] {logging_mixin.py:188} INFO - [2026-01-17T18:07:35.978+0000] {dag.py:3823} INFO - Setting next_dagrun for example_branch_labels to 2026-01-16 00:00:00+00:00, run_after=2026-01-17 00:00:00+00:00
[2026-01-17T18:07:36.002+0000] {processor.py:183} INFO - Processing /home/airflow/.local/lib/python3.8/site-packages/airflow/example_dags/example_branch_labels.py took 0.113 seconds
[2026-01-17T18:08:06.484+0000] {processor.py:161} INFO - Started process (PID=391) to work on /home/airflow/.local/lib/python3.8/site-packages/airflow/example_dags/example_branch_labels.py
[2026-01-17T18:08:06.488+0000] {processor.py:830} INFO - Processing file /home/airflow/.local/lib/python3.8/site-packages/airflow/example_dags/example_branch_labels.py for tasks to queue
[2026-01-17T18:08:06.494+0000] {logging_mixin.py:188} INFO - [2026-01-17T18:08:06.493+0000] {dagbag.py:538} INFO - Filling up the DagBag from /home/airflow/.local/lib/python3.8/site-packages/airflow/example_dags/example_branch_labels.py
[2026-01-17T18:08:06.504+0000] {processor.py:840} INFO - DAG(s) 'example_branch_labels' retrieved from /home/airflow/.local/lib/python3.8/site-packages/airflow/example_dags/example_branch_labels.py
[2026-01-17T18:08:06.527+0000] {logging_mixin.py:188} INFO - [2026-01-17T18:08:06.527+0000] {dag.py:3036} INFO - Sync 1 DAGs
[2026-01-17T18:08:06.550+0000] {logging_mixin.py:188} INFO - [2026-01-17T18:08:06.550+0000] {dag.py:3823} INFO - Setting next_dagrun for example_branch_labels to 2026-01-16 00:00:00+00:00, run_after=2026-01-17 00:00:00+00:00
[2026-01-17T18:08:06.570+0000] {processor.py:183} INFO - Processing /home/airflow/.local/lib/python3.8/site-packages/airflow/example_dags/example_branch_labels.py took 0.092 seconds
[2026-01-17T18:08:37.104+0000] {processor.py:161} INFO - Started process (PID=446) to work on /home/airflow/.local/lib/python3.8/site-packages/airflow/example_dags/example_branch_labels.py
[2026-01-17T18:08:37.107+0000] {processor.py:830} INFO - Processing file /home/airflow/.local/lib/python3.8/site-packages/airflow/example_dags/example_branch_labels.py for tasks to queue
[2026-01-17T18:08:37.109+0000] {logging_mixin.py:188} INFO - [2026-01-17T18:08:37.109+0000] {dagbag.py:538} INFO - Filling up the DagBag from /home/airflow/.local/lib/python3.8/site-packages/airflow/example_dags/example_branch_labels.py
[2026-01-17T18:08:37.120+0000] {processor.py:840} INFO - DAG(s) 'example_branch_labels' retrieved from /home/airflow/.local/lib/python3.8/site-packages/airflow/example_dags/example_branch_labels.py
[2026-01-17T18:08:37.149+0000] {logging_mixin.py:188} INFO - [2026-01-17T18:08:37.148+0000] {dag.py:3036} INFO - Sync 1 DAGs
[2026-01-17T18:08:37.175+0000] {logging_mixin.py:188} INFO - [2026-01-17T18:08:37.175+0000] {dag.py:3823} INFO - Setting next_dagrun for example_branch_labels to 2026-01-16 00:00:00+00:00, run_after=2026-01-17 00:00:00+00:00
[2026-01-17T18:08:37.202+0000] {processor.py:183} INFO - Processing /home/airflow/.local/lib/python3.8/site-packages/airflow/example_dags/example_branch_labels.py took 0.103 seconds
