[2026-01-17T18:05:10.174+0000] {processor.py:161} INFO - Started process (PID=91) to work on /home/airflow/.local/lib/python3.8/site-packages/airflow/example_dags/example_python_decorator.py
[2026-01-17T18:05:10.176+0000] {processor.py:830} INFO - Processing file /home/airflow/.local/lib/python3.8/site-packages/airflow/example_dags/example_python_decorator.py for tasks to queue
[2026-01-17T18:05:10.267+0000] {logging_mixin.py:188} INFO - [2026-01-17T18:05:10.267+0000] {dagbag.py:538} INFO - Filling up the DagBag from /home/airflow/.local/lib/python3.8/site-packages/airflow/example_dags/example_python_decorator.py
[2026-01-17T18:05:11.015+0000] {processor.py:840} INFO - DAG(s) 'example_python_decorator' retrieved from /home/airflow/.local/lib/python3.8/site-packages/airflow/example_dags/example_python_decorator.py
[2026-01-17T18:05:14.195+0000] {logging_mixin.py:188} INFO - [2026-01-17T18:05:14.195+0000] {dag.py:3036} INFO - Sync 1 DAGs
[2026-01-17T18:05:14.743+0000] {logging_mixin.py:188} INFO - [2026-01-17T18:05:14.743+0000] {dag.py:3823} INFO - Setting next_dagrun for example_python_decorator to None, run_after=None
[2026-01-17T18:05:14.846+0000] {processor.py:183} INFO - Processing /home/airflow/.local/lib/python3.8/site-packages/airflow/example_dags/example_python_decorator.py took 4.675 seconds
[2026-01-17T18:05:45.027+0000] {processor.py:161} INFO - Started process (PID=146) to work on /home/airflow/.local/lib/python3.8/site-packages/airflow/example_dags/example_python_decorator.py
[2026-01-17T18:05:45.028+0000] {processor.py:830} INFO - Processing file /home/airflow/.local/lib/python3.8/site-packages/airflow/example_dags/example_python_decorator.py for tasks to queue
[2026-01-17T18:05:45.031+0000] {logging_mixin.py:188} INFO - [2026-01-17T18:05:45.030+0000] {dagbag.py:538} INFO - Filling up the DagBag from /home/airflow/.local/lib/python3.8/site-packages/airflow/example_dags/example_python_decorator.py
[2026-01-17T18:05:45.045+0000] {processor.py:840} INFO - DAG(s) 'example_python_decorator' retrieved from /home/airflow/.local/lib/python3.8/site-packages/airflow/example_dags/example_python_decorator.py
[2026-01-17T18:05:45.070+0000] {logging_mixin.py:188} INFO - [2026-01-17T18:05:45.070+0000] {dag.py:3036} INFO - Sync 1 DAGs
[2026-01-17T18:05:45.087+0000] {logging_mixin.py:188} INFO - [2026-01-17T18:05:45.087+0000] {dag.py:3823} INFO - Setting next_dagrun for example_python_decorator to None, run_after=None
[2026-01-17T18:05:45.112+0000] {processor.py:183} INFO - Processing /home/airflow/.local/lib/python3.8/site-packages/airflow/example_dags/example_python_decorator.py took 0.089 seconds
[2026-01-17T18:06:22.393+0000] {processor.py:161} INFO - Started process (PID=201) to work on /home/airflow/.local/lib/python3.8/site-packages/airflow/example_dags/example_python_decorator.py
[2026-01-17T18:06:22.395+0000] {processor.py:830} INFO - Processing file /home/airflow/.local/lib/python3.8/site-packages/airflow/example_dags/example_python_decorator.py for tasks to queue
[2026-01-17T18:06:22.397+0000] {logging_mixin.py:188} INFO - [2026-01-17T18:06:22.397+0000] {dagbag.py:538} INFO - Filling up the DagBag from /home/airflow/.local/lib/python3.8/site-packages/airflow/example_dags/example_python_decorator.py
[2026-01-17T18:06:22.415+0000] {processor.py:840} INFO - DAG(s) 'example_python_decorator' retrieved from /home/airflow/.local/lib/python3.8/site-packages/airflow/example_dags/example_python_decorator.py
[2026-01-17T18:06:22.446+0000] {logging_mixin.py:188} INFO - [2026-01-17T18:06:22.446+0000] {dag.py:3036} INFO - Sync 1 DAGs
[2026-01-17T18:06:22.461+0000] {logging_mixin.py:188} INFO - [2026-01-17T18:06:22.461+0000] {dag.py:3823} INFO - Setting next_dagrun for example_python_decorator to None, run_after=None
[2026-01-17T18:06:22.502+0000] {processor.py:183} INFO - Processing /home/airflow/.local/lib/python3.8/site-packages/airflow/example_dags/example_python_decorator.py took 0.113 seconds
[2026-01-17T18:06:53.297+0000] {processor.py:161} INFO - Started process (PID=256) to work on /home/airflow/.local/lib/python3.8/site-packages/airflow/example_dags/example_python_decorator.py
[2026-01-17T18:06:53.299+0000] {processor.py:830} INFO - Processing file /home/airflow/.local/lib/python3.8/site-packages/airflow/example_dags/example_python_decorator.py for tasks to queue
[2026-01-17T18:06:53.302+0000] {logging_mixin.py:188} INFO - [2026-01-17T18:06:53.302+0000] {dagbag.py:538} INFO - Filling up the DagBag from /home/airflow/.local/lib/python3.8/site-packages/airflow/example_dags/example_python_decorator.py
[2026-01-17T18:06:53.321+0000] {processor.py:840} INFO - DAG(s) 'example_python_decorator' retrieved from /home/airflow/.local/lib/python3.8/site-packages/airflow/example_dags/example_python_decorator.py
[2026-01-17T18:06:53.367+0000] {logging_mixin.py:188} INFO - [2026-01-17T18:06:53.367+0000] {dag.py:3036} INFO - Sync 1 DAGs
[2026-01-17T18:06:53.407+0000] {logging_mixin.py:188} INFO - [2026-01-17T18:06:53.407+0000] {dag.py:3823} INFO - Setting next_dagrun for example_python_decorator to None, run_after=None
[2026-01-17T18:06:53.452+0000] {processor.py:183} INFO - Processing /home/airflow/.local/lib/python3.8/site-packages/airflow/example_dags/example_python_decorator.py took 0.167 seconds
[2026-01-17T18:07:24.196+0000] {processor.py:161} INFO - Started process (PID=311) to work on /home/airflow/.local/lib/python3.8/site-packages/airflow/example_dags/example_python_decorator.py
[2026-01-17T18:07:24.198+0000] {processor.py:830} INFO - Processing file /home/airflow/.local/lib/python3.8/site-packages/airflow/example_dags/example_python_decorator.py for tasks to queue
[2026-01-17T18:07:24.200+0000] {logging_mixin.py:188} INFO - [2026-01-17T18:07:24.200+0000] {dagbag.py:538} INFO - Filling up the DagBag from /home/airflow/.local/lib/python3.8/site-packages/airflow/example_dags/example_python_decorator.py
[2026-01-17T18:07:24.219+0000] {processor.py:840} INFO - DAG(s) 'example_python_decorator' retrieved from /home/airflow/.local/lib/python3.8/site-packages/airflow/example_dags/example_python_decorator.py
[2026-01-17T18:07:24.244+0000] {logging_mixin.py:188} INFO - [2026-01-17T18:07:24.244+0000] {dag.py:3036} INFO - Sync 1 DAGs
[2026-01-17T18:07:24.258+0000] {logging_mixin.py:188} INFO - [2026-01-17T18:07:24.258+0000] {dag.py:3823} INFO - Setting next_dagrun for example_python_decorator to None, run_after=None
[2026-01-17T18:07:24.285+0000] {processor.py:183} INFO - Processing /home/airflow/.local/lib/python3.8/site-packages/airflow/example_dags/example_python_decorator.py took 0.092 seconds
[2026-01-17T18:07:54.428+0000] {processor.py:161} INFO - Started process (PID=366) to work on /home/airflow/.local/lib/python3.8/site-packages/airflow/example_dags/example_python_decorator.py
[2026-01-17T18:07:54.429+0000] {processor.py:830} INFO - Processing file /home/airflow/.local/lib/python3.8/site-packages/airflow/example_dags/example_python_decorator.py for tasks to queue
[2026-01-17T18:07:54.432+0000] {logging_mixin.py:188} INFO - [2026-01-17T18:07:54.432+0000] {dagbag.py:538} INFO - Filling up the DagBag from /home/airflow/.local/lib/python3.8/site-packages/airflow/example_dags/example_python_decorator.py
[2026-01-17T18:07:54.450+0000] {processor.py:840} INFO - DAG(s) 'example_python_decorator' retrieved from /home/airflow/.local/lib/python3.8/site-packages/airflow/example_dags/example_python_decorator.py
[2026-01-17T18:07:54.477+0000] {logging_mixin.py:188} INFO - [2026-01-17T18:07:54.476+0000] {dag.py:3036} INFO - Sync 1 DAGs
[2026-01-17T18:07:54.491+0000] {logging_mixin.py:188} INFO - [2026-01-17T18:07:54.491+0000] {dag.py:3823} INFO - Setting next_dagrun for example_python_decorator to None, run_after=None
[2026-01-17T18:07:54.515+0000] {processor.py:183} INFO - Processing /home/airflow/.local/lib/python3.8/site-packages/airflow/example_dags/example_python_decorator.py took 0.093 seconds
[2026-01-17T18:08:25.346+0000] {processor.py:161} INFO - Started process (PID=421) to work on /home/airflow/.local/lib/python3.8/site-packages/airflow/example_dags/example_python_decorator.py
[2026-01-17T18:08:25.348+0000] {processor.py:830} INFO - Processing file /home/airflow/.local/lib/python3.8/site-packages/airflow/example_dags/example_python_decorator.py for tasks to queue
[2026-01-17T18:08:25.351+0000] {logging_mixin.py:188} INFO - [2026-01-17T18:08:25.350+0000] {dagbag.py:538} INFO - Filling up the DagBag from /home/airflow/.local/lib/python3.8/site-packages/airflow/example_dags/example_python_decorator.py
[2026-01-17T18:08:25.365+0000] {processor.py:840} INFO - DAG(s) 'example_python_decorator' retrieved from /home/airflow/.local/lib/python3.8/site-packages/airflow/example_dags/example_python_decorator.py
[2026-01-17T18:08:25.392+0000] {logging_mixin.py:188} INFO - [2026-01-17T18:08:25.392+0000] {dag.py:3036} INFO - Sync 1 DAGs
[2026-01-17T18:08:25.404+0000] {logging_mixin.py:188} INFO - [2026-01-17T18:08:25.404+0000] {dag.py:3823} INFO - Setting next_dagrun for example_python_decorator to None, run_after=None
[2026-01-17T18:08:25.426+0000] {processor.py:183} INFO - Processing /home/airflow/.local/lib/python3.8/site-packages/airflow/example_dags/example_python_decorator.py took 0.084 seconds
