[2026-01-17T18:05:31.606+0000] {processor.py:161} INFO - Started process (PID=108) to work on /home/airflow/.local/lib/python3.8/site-packages/airflow/example_dags/example_sensors.py
[2026-01-17T18:05:31.608+0000] {processor.py:830} INFO - Processing file /home/airflow/.local/lib/python3.8/site-packages/airflow/example_dags/example_sensors.py for tasks to queue
[2026-01-17T18:05:31.611+0000] {logging_mixin.py:188} INFO - [2026-01-17T18:05:31.611+0000] {dagbag.py:538} INFO - Filling up the DagBag from /home/airflow/.local/lib/python3.8/site-packages/airflow/example_dags/example_sensors.py
[2026-01-17T18:05:31.673+0000] {processor.py:840} INFO - DAG(s) 'example_sensors' retrieved from /home/airflow/.local/lib/python3.8/site-packages/airflow/example_dags/example_sensors.py
[2026-01-17T18:05:32.169+0000] {logging_mixin.py:188} INFO - [2026-01-17T18:05:32.169+0000] {dag.py:3036} INFO - Sync 1 DAGs
[2026-01-17T18:05:32.181+0000] {logging_mixin.py:188} INFO - [2026-01-17T18:05:32.180+0000] {dag.py:3823} INFO - Setting next_dagrun for example_sensors to None, run_after=None
[2026-01-17T18:05:32.207+0000] {processor.py:183} INFO - Processing /home/airflow/.local/lib/python3.8/site-packages/airflow/example_dags/example_sensors.py took 0.608 seconds
[2026-01-17T18:06:02.774+0000] {processor.py:161} INFO - Started process (PID=163) to work on /home/airflow/.local/lib/python3.8/site-packages/airflow/example_dags/example_sensors.py
[2026-01-17T18:06:02.775+0000] {processor.py:830} INFO - Processing file /home/airflow/.local/lib/python3.8/site-packages/airflow/example_dags/example_sensors.py for tasks to queue
[2026-01-17T18:06:02.777+0000] {logging_mixin.py:188} INFO - [2026-01-17T18:06:02.777+0000] {dagbag.py:538} INFO - Filling up the DagBag from /home/airflow/.local/lib/python3.8/site-packages/airflow/example_dags/example_sensors.py
[2026-01-17T18:06:02.787+0000] {processor.py:840} INFO - DAG(s) 'example_sensors' retrieved from /home/airflow/.local/lib/python3.8/site-packages/airflow/example_dags/example_sensors.py
[2026-01-17T18:06:02.820+0000] {logging_mixin.py:188} INFO - [2026-01-17T18:06:02.820+0000] {dag.py:3036} INFO - Sync 1 DAGs
[2026-01-17T18:06:02.834+0000] {logging_mixin.py:188} INFO - [2026-01-17T18:06:02.833+0000] {dag.py:3823} INFO - Setting next_dagrun for example_sensors to None, run_after=None
[2026-01-17T18:06:02.856+0000] {processor.py:183} INFO - Processing /home/airflow/.local/lib/python3.8/site-packages/airflow/example_dags/example_sensors.py took 0.086 seconds
[2026-01-17T18:06:33.110+0000] {processor.py:161} INFO - Started process (PID=218) to work on /home/airflow/.local/lib/python3.8/site-packages/airflow/example_dags/example_sensors.py
[2026-01-17T18:06:33.112+0000] {processor.py:830} INFO - Processing file /home/airflow/.local/lib/python3.8/site-packages/airflow/example_dags/example_sensors.py for tasks to queue
[2026-01-17T18:06:33.114+0000] {logging_mixin.py:188} INFO - [2026-01-17T18:06:33.114+0000] {dagbag.py:538} INFO - Filling up the DagBag from /home/airflow/.local/lib/python3.8/site-packages/airflow/example_dags/example_sensors.py
[2026-01-17T18:06:33.126+0000] {processor.py:840} INFO - DAG(s) 'example_sensors' retrieved from /home/airflow/.local/lib/python3.8/site-packages/airflow/example_dags/example_sensors.py
[2026-01-17T18:06:33.155+0000] {logging_mixin.py:188} INFO - [2026-01-17T18:06:33.155+0000] {dag.py:3036} INFO - Sync 1 DAGs
[2026-01-17T18:06:33.175+0000] {logging_mixin.py:188} INFO - [2026-01-17T18:06:33.174+0000] {dag.py:3823} INFO - Setting next_dagrun for example_sensors to None, run_after=None
[2026-01-17T18:06:33.206+0000] {processor.py:183} INFO - Processing /home/airflow/.local/lib/python3.8/site-packages/airflow/example_dags/example_sensors.py took 0.100 seconds
[2026-01-17T18:07:03.503+0000] {processor.py:161} INFO - Started process (PID=273) to work on /home/airflow/.local/lib/python3.8/site-packages/airflow/example_dags/example_sensors.py
[2026-01-17T18:07:03.504+0000] {processor.py:830} INFO - Processing file /home/airflow/.local/lib/python3.8/site-packages/airflow/example_dags/example_sensors.py for tasks to queue
[2026-01-17T18:07:03.507+0000] {logging_mixin.py:188} INFO - [2026-01-17T18:07:03.506+0000] {dagbag.py:538} INFO - Filling up the DagBag from /home/airflow/.local/lib/python3.8/site-packages/airflow/example_dags/example_sensors.py
[2026-01-17T18:07:03.517+0000] {processor.py:840} INFO - DAG(s) 'example_sensors' retrieved from /home/airflow/.local/lib/python3.8/site-packages/airflow/example_dags/example_sensors.py
[2026-01-17T18:07:03.545+0000] {logging_mixin.py:188} INFO - [2026-01-17T18:07:03.544+0000] {dag.py:3036} INFO - Sync 1 DAGs
[2026-01-17T18:07:03.558+0000] {logging_mixin.py:188} INFO - [2026-01-17T18:07:03.558+0000] {dag.py:3823} INFO - Setting next_dagrun for example_sensors to None, run_after=None
[2026-01-17T18:07:03.585+0000] {processor.py:183} INFO - Processing /home/airflow/.local/lib/python3.8/site-packages/airflow/example_dags/example_sensors.py took 0.086 seconds
[2026-01-17T18:07:33.999+0000] {processor.py:161} INFO - Started process (PID=328) to work on /home/airflow/.local/lib/python3.8/site-packages/airflow/example_dags/example_sensors.py
[2026-01-17T18:07:34.002+0000] {processor.py:830} INFO - Processing file /home/airflow/.local/lib/python3.8/site-packages/airflow/example_dags/example_sensors.py for tasks to queue
[2026-01-17T18:07:34.007+0000] {logging_mixin.py:188} INFO - [2026-01-17T18:07:34.006+0000] {dagbag.py:538} INFO - Filling up the DagBag from /home/airflow/.local/lib/python3.8/site-packages/airflow/example_dags/example_sensors.py
[2026-01-17T18:07:34.026+0000] {processor.py:840} INFO - DAG(s) 'example_sensors' retrieved from /home/airflow/.local/lib/python3.8/site-packages/airflow/example_dags/example_sensors.py
[2026-01-17T18:07:34.059+0000] {logging_mixin.py:188} INFO - [2026-01-17T18:07:34.058+0000] {dag.py:3036} INFO - Sync 1 DAGs
[2026-01-17T18:07:34.086+0000] {logging_mixin.py:188} INFO - [2026-01-17T18:07:34.086+0000] {dag.py:3823} INFO - Setting next_dagrun for example_sensors to None, run_after=None
[2026-01-17T18:07:34.113+0000] {processor.py:183} INFO - Processing /home/airflow/.local/lib/python3.8/site-packages/airflow/example_dags/example_sensors.py took 0.119 seconds
[2026-01-17T18:08:05.133+0000] {processor.py:161} INFO - Started process (PID=383) to work on /home/airflow/.local/lib/python3.8/site-packages/airflow/example_dags/example_sensors.py
[2026-01-17T18:08:05.134+0000] {processor.py:830} INFO - Processing file /home/airflow/.local/lib/python3.8/site-packages/airflow/example_dags/example_sensors.py for tasks to queue
[2026-01-17T18:08:05.136+0000] {logging_mixin.py:188} INFO - [2026-01-17T18:08:05.136+0000] {dagbag.py:538} INFO - Filling up the DagBag from /home/airflow/.local/lib/python3.8/site-packages/airflow/example_dags/example_sensors.py
[2026-01-17T18:08:05.146+0000] {processor.py:840} INFO - DAG(s) 'example_sensors' retrieved from /home/airflow/.local/lib/python3.8/site-packages/airflow/example_dags/example_sensors.py
[2026-01-17T18:08:05.175+0000] {logging_mixin.py:188} INFO - [2026-01-17T18:08:05.174+0000] {dag.py:3036} INFO - Sync 1 DAGs
[2026-01-17T18:08:05.189+0000] {logging_mixin.py:188} INFO - [2026-01-17T18:08:05.189+0000] {dag.py:3823} INFO - Setting next_dagrun for example_sensors to None, run_after=None
[2026-01-17T18:08:05.215+0000] {processor.py:183} INFO - Processing /home/airflow/.local/lib/python3.8/site-packages/airflow/example_dags/example_sensors.py took 0.087 seconds
[2026-01-17T18:08:36.110+0000] {processor.py:161} INFO - Started process (PID=438) to work on /home/airflow/.local/lib/python3.8/site-packages/airflow/example_dags/example_sensors.py
[2026-01-17T18:08:36.112+0000] {processor.py:830} INFO - Processing file /home/airflow/.local/lib/python3.8/site-packages/airflow/example_dags/example_sensors.py for tasks to queue
[2026-01-17T18:08:36.115+0000] {logging_mixin.py:188} INFO - [2026-01-17T18:08:36.114+0000] {dagbag.py:538} INFO - Filling up the DagBag from /home/airflow/.local/lib/python3.8/site-packages/airflow/example_dags/example_sensors.py
[2026-01-17T18:08:36.125+0000] {processor.py:840} INFO - DAG(s) 'example_sensors' retrieved from /home/airflow/.local/lib/python3.8/site-packages/airflow/example_dags/example_sensors.py
[2026-01-17T18:08:36.154+0000] {logging_mixin.py:188} INFO - [2026-01-17T18:08:36.154+0000] {dag.py:3036} INFO - Sync 1 DAGs
[2026-01-17T18:08:36.168+0000] {logging_mixin.py:188} INFO - [2026-01-17T18:08:36.168+0000] {dag.py:3823} INFO - Setting next_dagrun for example_sensors to None, run_after=None
[2026-01-17T18:08:36.217+0000] {processor.py:183} INFO - Processing /home/airflow/.local/lib/python3.8/site-packages/airflow/example_dags/example_sensors.py took 0.111 seconds
