[2026-01-17T18:04:55.723+0000] {processor.py:161} INFO - Started process (PID=88) to work on /home/airflow/.local/lib/python3.8/site-packages/airflow/example_dags/tutorial_dag.py
[2026-01-17T18:04:55.730+0000] {processor.py:830} INFO - Processing file /home/airflow/.local/lib/python3.8/site-packages/airflow/example_dags/tutorial_dag.py for tasks to queue
[2026-01-17T18:04:55.739+0000] {logging_mixin.py:188} INFO - [2026-01-17T18:04:55.737+0000] {dagbag.py:538} INFO - Filling up the DagBag from /home/airflow/.local/lib/python3.8/site-packages/airflow/example_dags/tutorial_dag.py
[2026-01-17T18:04:56.508+0000] {processor.py:840} INFO - DAG(s) 'tutorial_dag' retrieved from /home/airflow/.local/lib/python3.8/site-packages/airflow/example_dags/tutorial_dag.py
[2026-01-17T18:04:56.854+0000] {logging_mixin.py:188} INFO - [2026-01-17T18:04:56.853+0000] {dag.py:3036} INFO - Sync 1 DAGs
[2026-01-17T18:04:56.866+0000] {logging_mixin.py:188} INFO - [2026-01-17T18:04:56.866+0000] {dag.py:3823} INFO - Setting next_dagrun for tutorial_dag to None, run_after=None
[2026-01-17T18:04:57.171+0000] {processor.py:183} INFO - Processing /home/airflow/.local/lib/python3.8/site-packages/airflow/example_dags/tutorial_dag.py took 1.504 seconds
[2026-01-17T18:05:42.898+0000] {processor.py:161} INFO - Started process (PID=143) to work on /home/airflow/.local/lib/python3.8/site-packages/airflow/example_dags/tutorial_dag.py
[2026-01-17T18:05:42.900+0000] {processor.py:830} INFO - Processing file /home/airflow/.local/lib/python3.8/site-packages/airflow/example_dags/tutorial_dag.py for tasks to queue
[2026-01-17T18:05:42.902+0000] {logging_mixin.py:188} INFO - [2026-01-17T18:05:42.902+0000] {dagbag.py:538} INFO - Filling up the DagBag from /home/airflow/.local/lib/python3.8/site-packages/airflow/example_dags/tutorial_dag.py
[2026-01-17T18:05:42.910+0000] {processor.py:840} INFO - DAG(s) 'tutorial_dag' retrieved from /home/airflow/.local/lib/python3.8/site-packages/airflow/example_dags/tutorial_dag.py
[2026-01-17T18:05:42.934+0000] {logging_mixin.py:188} INFO - [2026-01-17T18:05:42.934+0000] {dag.py:3036} INFO - Sync 1 DAGs
[2026-01-17T18:05:42.949+0000] {logging_mixin.py:188} INFO - [2026-01-17T18:05:42.948+0000] {dag.py:3823} INFO - Setting next_dagrun for tutorial_dag to None, run_after=None
[2026-01-17T18:05:42.971+0000] {processor.py:183} INFO - Processing /home/airflow/.local/lib/python3.8/site-packages/airflow/example_dags/tutorial_dag.py took 0.077 seconds
[2026-01-17T18:06:21.649+0000] {processor.py:161} INFO - Started process (PID=198) to work on /home/airflow/.local/lib/python3.8/site-packages/airflow/example_dags/tutorial_dag.py
[2026-01-17T18:06:21.651+0000] {processor.py:830} INFO - Processing file /home/airflow/.local/lib/python3.8/site-packages/airflow/example_dags/tutorial_dag.py for tasks to queue
[2026-01-17T18:06:21.653+0000] {logging_mixin.py:188} INFO - [2026-01-17T18:06:21.653+0000] {dagbag.py:538} INFO - Filling up the DagBag from /home/airflow/.local/lib/python3.8/site-packages/airflow/example_dags/tutorial_dag.py
[2026-01-17T18:06:21.660+0000] {processor.py:840} INFO - DAG(s) 'tutorial_dag' retrieved from /home/airflow/.local/lib/python3.8/site-packages/airflow/example_dags/tutorial_dag.py
[2026-01-17T18:06:21.972+0000] {logging_mixin.py:188} INFO - [2026-01-17T18:06:21.972+0000] {dag.py:3036} INFO - Sync 1 DAGs
[2026-01-17T18:06:22.002+0000] {logging_mixin.py:188} INFO - [2026-01-17T18:06:22.002+0000] {dag.py:3823} INFO - Setting next_dagrun for tutorial_dag to None, run_after=None
[2026-01-17T18:06:22.236+0000] {processor.py:183} INFO - Processing /home/airflow/.local/lib/python3.8/site-packages/airflow/example_dags/tutorial_dag.py took 0.592 seconds
[2026-01-17T18:06:52.998+0000] {processor.py:161} INFO - Started process (PID=253) to work on /home/airflow/.local/lib/python3.8/site-packages/airflow/example_dags/tutorial_dag.py
[2026-01-17T18:06:53.000+0000] {processor.py:830} INFO - Processing file /home/airflow/.local/lib/python3.8/site-packages/airflow/example_dags/tutorial_dag.py for tasks to queue
[2026-01-17T18:06:53.003+0000] {logging_mixin.py:188} INFO - [2026-01-17T18:06:53.002+0000] {dagbag.py:538} INFO - Filling up the DagBag from /home/airflow/.local/lib/python3.8/site-packages/airflow/example_dags/tutorial_dag.py
[2026-01-17T18:06:53.011+0000] {processor.py:840} INFO - DAG(s) 'tutorial_dag' retrieved from /home/airflow/.local/lib/python3.8/site-packages/airflow/example_dags/tutorial_dag.py
[2026-01-17T18:06:53.041+0000] {logging_mixin.py:188} INFO - [2026-01-17T18:06:53.041+0000] {dag.py:3036} INFO - Sync 1 DAGs
[2026-01-17T18:06:53.057+0000] {logging_mixin.py:188} INFO - [2026-01-17T18:06:53.057+0000] {dag.py:3823} INFO - Setting next_dagrun for tutorial_dag to None, run_after=None
[2026-01-17T18:06:53.088+0000] {processor.py:183} INFO - Processing /home/airflow/.local/lib/python3.8/site-packages/airflow/example_dags/tutorial_dag.py took 0.093 seconds
[2026-01-17T18:07:24.067+0000] {processor.py:161} INFO - Started process (PID=308) to work on /home/airflow/.local/lib/python3.8/site-packages/airflow/example_dags/tutorial_dag.py
[2026-01-17T18:07:24.069+0000] {processor.py:830} INFO - Processing file /home/airflow/.local/lib/python3.8/site-packages/airflow/example_dags/tutorial_dag.py for tasks to queue
[2026-01-17T18:07:24.071+0000] {logging_mixin.py:188} INFO - [2026-01-17T18:07:24.071+0000] {dagbag.py:538} INFO - Filling up the DagBag from /home/airflow/.local/lib/python3.8/site-packages/airflow/example_dags/tutorial_dag.py
[2026-01-17T18:07:24.078+0000] {processor.py:840} INFO - DAG(s) 'tutorial_dag' retrieved from /home/airflow/.local/lib/python3.8/site-packages/airflow/example_dags/tutorial_dag.py
[2026-01-17T18:07:24.102+0000] {logging_mixin.py:188} INFO - [2026-01-17T18:07:24.102+0000] {dag.py:3036} INFO - Sync 1 DAGs
[2026-01-17T18:07:24.116+0000] {logging_mixin.py:188} INFO - [2026-01-17T18:07:24.116+0000] {dag.py:3823} INFO - Setting next_dagrun for tutorial_dag to None, run_after=None
[2026-01-17T18:07:24.139+0000] {processor.py:183} INFO - Processing /home/airflow/.local/lib/python3.8/site-packages/airflow/example_dags/tutorial_dag.py took 0.076 seconds
[2026-01-17T18:07:54.284+0000] {processor.py:161} INFO - Started process (PID=363) to work on /home/airflow/.local/lib/python3.8/site-packages/airflow/example_dags/tutorial_dag.py
[2026-01-17T18:07:54.286+0000] {processor.py:830} INFO - Processing file /home/airflow/.local/lib/python3.8/site-packages/airflow/example_dags/tutorial_dag.py for tasks to queue
[2026-01-17T18:07:54.288+0000] {logging_mixin.py:188} INFO - [2026-01-17T18:07:54.288+0000] {dagbag.py:538} INFO - Filling up the DagBag from /home/airflow/.local/lib/python3.8/site-packages/airflow/example_dags/tutorial_dag.py
[2026-01-17T18:07:54.295+0000] {processor.py:840} INFO - DAG(s) 'tutorial_dag' retrieved from /home/airflow/.local/lib/python3.8/site-packages/airflow/example_dags/tutorial_dag.py
[2026-01-17T18:07:54.319+0000] {logging_mixin.py:188} INFO - [2026-01-17T18:07:54.319+0000] {dag.py:3036} INFO - Sync 1 DAGs
[2026-01-17T18:07:54.332+0000] {logging_mixin.py:188} INFO - [2026-01-17T18:07:54.332+0000] {dag.py:3823} INFO - Setting next_dagrun for tutorial_dag to None, run_after=None
[2026-01-17T18:07:54.355+0000] {processor.py:183} INFO - Processing /home/airflow/.local/lib/python3.8/site-packages/airflow/example_dags/tutorial_dag.py took 0.075 seconds
[2026-01-17T18:08:24.522+0000] {processor.py:161} INFO - Started process (PID=416) to work on /home/airflow/.local/lib/python3.8/site-packages/airflow/example_dags/tutorial_dag.py
[2026-01-17T18:08:24.523+0000] {processor.py:830} INFO - Processing file /home/airflow/.local/lib/python3.8/site-packages/airflow/example_dags/tutorial_dag.py for tasks to queue
[2026-01-17T18:08:24.526+0000] {logging_mixin.py:188} INFO - [2026-01-17T18:08:24.525+0000] {dagbag.py:538} INFO - Filling up the DagBag from /home/airflow/.local/lib/python3.8/site-packages/airflow/example_dags/tutorial_dag.py
[2026-01-17T18:08:24.533+0000] {processor.py:840} INFO - DAG(s) 'tutorial_dag' retrieved from /home/airflow/.local/lib/python3.8/site-packages/airflow/example_dags/tutorial_dag.py
[2026-01-17T18:08:24.557+0000] {logging_mixin.py:188} INFO - [2026-01-17T18:08:24.557+0000] {dag.py:3036} INFO - Sync 1 DAGs
[2026-01-17T18:08:24.570+0000] {logging_mixin.py:188} INFO - [2026-01-17T18:08:24.570+0000] {dag.py:3823} INFO - Setting next_dagrun for tutorial_dag to None, run_after=None
[2026-01-17T18:08:24.593+0000] {processor.py:183} INFO - Processing /home/airflow/.local/lib/python3.8/site-packages/airflow/example_dags/tutorial_dag.py took 0.074 seconds
